#
# A fatal error has been detected by the Java Runtime Environment:
#
#  EXCEPTION_ACCESS_VIOLATION (0xc0000005) at pc=0x0000006400000005, pid=10116, tid=9944
#
# JRE version: OpenJDK Runtime Environment (11.0.13) (build 11.0.13+0-b1751.21-8125866)
# Java VM: OpenJDK 64-Bit Server VM (11.0.13+0-b1751.21-8125866, mixed mode, tiered, compressed oops, g1 gc, windows-amd64)
# Problematic frame:
# C  0x0000006400000005
#
# No core dump will be written. Minidumps are not enabled by default on client versions of Windows
#
# If you would like to submit a bug report, please visit:
#   https://bugreport.java.com/bugreport/crash.jsp
#

---------------  S U M M A R Y ------------

Command Line: --add-opens=java.base/java.util=ALL-UNNAMED --add-opens=java.base/java.lang=ALL-UNNAMED --add-opens=java.base/java.lang.invoke=ALL-UNNAMED --add-opens=java.base/java.util=ALL-UNNAMED --add-opens=java.prefs/java.util.prefs=ALL-UNNAMED --add-opens=java.prefs/java.util.prefs=ALL-UNNAMED --add-opens=java.base/java.nio.charset=ALL-UNNAMED --add-opens=java.base/java.net=ALL-UNNAMED --add-opens=java.base/java.util.concurrent.atomic=ALL-UNNAMED -Xmx2048m -Dfile.encoding=UTF-8 -Duser.country=IN -Duser.language=en -Duser.variant org.gradle.launcher.daemon.bootstrap.GradleDaemon 7.4

Host: Intel(R) Core(TM) i5-10210U CPU @ 1.60GHz, 8 cores, 15G,  Windows 10 , 64 bit Build 19041 (10.0.19041.3155)
Time: Sat Jul 15 20:20:32 2023 India Standard Time elapsed time: 28.255507 seconds (0d 0h 0m 28s)

---------------  T H R E A D  ---------------

Current thread (0x000001e930c02800):  ConcurrentGCThread "G1 Conc#1" [stack: 0x0000005dacc00000,0x0000005dacd00000] [id=9944]

Stack: [0x0000005dacc00000,0x0000005dacd00000],  sp=0x0000005daccff368,  free space=1020k
Native frames: (J=compiled Java code, j=interpreted, Vv=VM code, C=native code)
C  0x0000006400000005


siginfo: EXCEPTION_ACCESS_VIOLATION (0xc0000005), data execution prevention violation at address 0x0000006400000005


Register to memory mapping:

RIP=0x0000006400000005 is an unknown value
RAX=0x00007ffc799a32f0 jvm.dll
RBX=0x0000000005d9caac is an unknown value
RCX=0x0000005daccff4f8 points into unknown readable memory: 0x00007ffc798295c0 | c0 95 82 79 fc 7f 00 00
RDX=0x00000000855b0518 is an oop: 
[error occurred during error reporting (printing register info), id 0xc0000005, EXCEPTION_ACCESS_VIOLATION (0xc0000005) at pc=0x00000000002a1dc2]

Registers:
RAX=0x00007ffc799a32f0, RBX=0x0000000005d9caac, RCX=0x0000005daccff4f8, RDX=0x00000000855b0518
RSP=0x0000005daccff368, RBP=0x0000005daccff4f8, RSI=0x00000000855b0518, RDI=0x000000010006daf0
R8 =0x000000010006daf0, R9 =0x00000000000001e9, R10=0x000001e914438020, R11=0x346dc5d63886594b
R12=0x000000000000000c, R13=0xaaaaaaaaaaaaaaab, R14=0x000001e92f1ae201, R15=0x0000005daccff4d0
RIP=0x0000006400000005, EFLAGS=0x0000000000010206

Top of Stack: (sp=0x0000005daccff368)
0x0000005daccff368:   00007ffc792bc681 000000000000000a
0x0000005daccff378:   00000000855b06a0 00000000855b0740
0x0000005daccff388:   aaaaaaaaaaaaaaab 00000000855b0518
0x0000005daccff398:   00007ffc792cac0f 000001e91444b330
0x0000005daccff3a8:   0000000000b80000 0000000000000000
0x0000005daccff3b8:   0000000000000000 000001e91444b330
0x0000005daccff3c8:   00007ffc792cdda7 0000000000000040
0x0000005daccff3d8:   000001e91444b330 0000000000000000
0x0000005daccff3e8:   0000000000000000 0000000085ba2ce8
0x0000005daccff3f8:   00007ffc792cca66 00000000855b0518
0x0000005daccff408:   0000005daccff4d0 00000000855b0518
0x0000005daccff418:   0000000000b7459d 000001e914438038
0x0000005daccff428:   00007ffc792ce62b 0000000085ba2ce8
0x0000005daccff438:   0000000000b74537 0000000085ba2ce8
0x0000005daccff448:   0000000000098968 0000000000000000
0x0000005daccff458:   000001e92f1ae201 0000000000000001 

Instructions: (pc=0x0000006400000005)
0x00000063ffffff05:   ?? ?? ?? ?? ?? ?? ?? ?? ?? ?? ?? ?? ?? ?? ?? ??
0x00000063ffffff15:   ?? ?? ?? ?? ?? ?? ?? ?? ?? ?? ?? ?? ?? ?? ?? ??
0x00000063ffffff25:   ?? ?? ?? ?? ?? ?? ?? ?? ?? ?? ?? ?? ?? ?? ?? ??
0x00000063ffffff35:   ?? ?? ?? ?? ?? ?? ?? ?? ?? ?? ?? ?? ?? ?? ?? ??
0x00000063ffffff45:   ?? ?? ?? ?? ?? ?? ?? ?? ?? ?? ?? ?? ?? ?? ?? ??
0x00000063ffffff55:   ?? ?? ?? ?? ?? ?? ?? ?? ?? ?? ?? ?? ?? ?? ?? ??
0x00000063ffffff65:   ?? ?? ?? ?? ?? ?? ?? ?? ?? ?? ?? ?? ?? ?? ?? ??
0x00000063ffffff75:   ?? ?? ?? ?? ?? ?? ?? ?? ?? ?? ?? ?? ?? ?? ?? ??
0x00000063ffffff85:   ?? ?? ?? ?? ?? ?? ?? ?? ?? ?? ?? ?? ?? ?? ?? ??
0x00000063ffffff95:   ?? ?? ?? ?? ?? ?? ?? ?? ?? ?? ?? ?? ?? ?? ?? ??
0x00000063ffffffa5:   ?? ?? ?? ?? ?? ?? ?? ?? ?? ?? ?? ?? ?? ?? ?? ??
0x00000063ffffffb5:   ?? ?? ?? ?? ?? ?? ?? ?? ?? ?? ?? ?? ?? ?? ?? ??
0x00000063ffffffc5:   ?? ?? ?? ?? ?? ?? ?? ?? ?? ?? ?? ?? ?? ?? ?? ??
0x00000063ffffffd5:   ?? ?? ?? ?? ?? ?? ?? ?? ?? ?? ?? ?? ?? ?? ?? ??
0x00000063ffffffe5:   ?? ?? ?? ?? ?? ?? ?? ?? ?? ?? ?? ?? ?? ?? ?? ??
0x00000063fffffff5:   ?? ?? ?? ?? ?? ?? ?? ?? ?? ?? ?? ?? ?? ?? ?? ??
0x0000006400000005:   ?? ?? ?? ?? ?? ?? ?? ?? ?? ?? ?? ?? ?? ?? ?? ??
0x0000006400000015:   ?? ?? ?? ?? ?? ?? ?? ?? ?? ?? ?? ?? ?? ?? ?? ??
0x0000006400000025:   ?? ?? ?? ?? ?? ?? ?? ?? ?? ?? ?? ?? ?? ?? ?? ??
0x0000006400000035:   ?? ?? ?? ?? ?? ?? ?? ?? ?? ?? ?? ?? ?? ?? ?? ??
0x0000006400000045:   ?? ?? ?? ?? ?? ?? ?? ?? ?? ?? ?? ?? ?? ?? ?? ??
0x0000006400000055:   ?? ?? ?? ?? ?? ?? ?? ?? ?? ?? ?? ?? ?? ?? ?? ??
0x0000006400000065:   ?? ?? ?? ?? ?? ?? ?? ?? ?? ?? ?? ?? ?? ?? ?? ??
0x0000006400000075:   ?? ?? ?? ?? ?? ?? ?? ?? ?? ?? ?? ?? ?? ?? ?? ??
0x0000006400000085:   ?? ?? ?? ?? ?? ?? ?? ?? ?? ?? ?? ?? ?? ?? ?? ??
0x0000006400000095:   ?? ?? ?? ?? ?? ?? ?? ?? ?? ?? ?? ?? ?? ?? ?? ??
0x00000064000000a5:   ?? ?? ?? ?? ?? ?? ?? ?? ?? ?? ?? ?? ?? ?? ?? ??
0x00000064000000b5:   ?? ?? ?? ?? ?? ?? ?? ?? ?? ?? ?? ?? ?? ?? ?? ??
0x00000064000000c5:   ?? ?? ?? ?? ?? ?? ?? ?? ?? ?? ?? ?? ?? ?? ?? ??
0x00000064000000d5:   ?? ?? ?? ?? ?? ?? ?? ?? ?? ?? ?? ?? ?? ?? ?? ??
0x00000064000000e5:   ?? ?? ?? ?? ?? ?? ?? ?? ?? ?? ?? ?? ?? ?? ?? ??
0x00000064000000f5:   ?? ?? ?? ?? ?? ?? ?? ?? ?? ?? ?? ?? ?? ?? ?? ?? 


Stack slot to memory mapping:
stack at sp + 0 slots: 0x00007ffc792bc681 jvm.dll
stack at sp + 1 slots: 0x000000000000000a is an unknown value
stack at sp + 2 slots: 0x00000000855b06a0 is an oop: [Ljava.util.HashMap$Node; 
{0x00000000855b06a0} - klass: 'java/util/HashMap$Node'[]
 - length: 16
stack at sp + 3 slots: 0x00000000855b0740 is an oop: java.util.LinkedHashMap 
{0x00000000855b0740} - klass: 'java/util/LinkedHashMap'
stack at sp + 4 slots: 0xaaaaaaaaaaaaaaab is an unknown value
stack at sp + 5 slots: 0x00000000855b0518 is an oop: 
[error occurred during error reporting (inspecting top of stack), id 0xc0000005, EXCEPTION_ACCESS_VIOLATION (0xc0000005) at pc=0x00000000002a1dc2]


---------------  P R O C E S S  ---------------

Threads class SMR info:
_java_thread_list=0x000001e92f83a3d0, length=126, elements={
0x000001e9143f7800, 0x000001e92f0fd800, 0x000001e92f0fe800, 0x000001e92f15e800,
0x000001e92f15f800, 0x000001e92f161000, 0x000001e92f164800, 0x000001e92f166000,
0x000001e92f170000, 0x000001e92f2de800, 0x000001e932228000, 0x000001e932223000,
0x000001e931990000, 0x000001e931991000, 0x000001e9309ad800, 0x000001e931330800,
0x000001e930038000, 0x000001e930cee800, 0x000001e9309ae800, 0x000001e9312c6800,
0x000001e93212e000, 0x000001e93212d000, 0x000001e93212a000, 0x000001e932128800,
0x000001e93212f000, 0x000001e932129000, 0x000001e93212b000, 0x000001e93212b800,
0x000001e93212c800, 0x000001e9312aa000, 0x000001e9312ab800, 0x000001e9312ab000,
0x000001e9312ad800, 0x000001e9312ac800, 0x000001e9312ae000, 0x000001e9312a8800,
0x000001e9312af000, 0x000001e9312a9000, 0x000001e9312b5800, 0x000001e9312b4000,
0x000001e9312b0800, 0x000001e9312b4800, 0x000001e9312b7000, 0x000001e9312b1800,
0x000001e93422e000, 0x000001e93422f800, 0x000001e934230800, 0x000001e934232000,
0x000001e93422e800, 0x000001e934231000, 0x000001e93422c800, 0x000001e934233000,
0x000001e93422d000, 0x000001e934238800, 0x000001e934235800, 0x000001e934239800,
0x000001e934237800, 0x000001e934233800, 0x000001e93423a000, 0x000001e934234800,
0x000001e93423b000, 0x000001e934236000, 0x000001e934237000, 0x000001e932abb800,
0x000001e932ab9800, 0x000001e932ab8000, 0x000001e932abc000, 0x000001e932ab7800,
0x000001e932abd000, 0x000001e932abe000, 0x000001e932abe800, 0x000001e932ab9000,
0x000001e932ac0800, 0x000001e932abf800, 0x000001e932aba800, 0x000001e932ac5000,
0x000001e932ac1000, 0x000001e932ac2000, 0x000001e932ac2800, 0x000001e932ac3800,
0x000001e932ac4800, 0x000001e932ac6000, 0x000001e92f80a800, 0x000001e92f80d800,
0x000001e92f80b000, 0x000001e92f80c000, 0x000001e92f80d000, 0x000001e92f80e800,
0x000001e92f80f800, 0x000001e92f809800, 0x000001e92f815000, 0x000001e92f816000,
0x000001e92f812000, 0x000001e92f812800, 0x000001e92f813800, 0x000001e92f811000,
0x000001e92f814000, 0x000001e92f810000, 0x000001e92f816800, 0x000001e92f817800,
0x000001e92f818800, 0x000001e93261f000, 0x000001e932620000, 0x000001e93261e800,
0x000001e93261d800, 0x000001e93261a000, 0x000001e93261c800, 0x000001e932621000,
0x000001e93261b000, 0x000001e932621800, 0x000001e93261c000, 0x000001e932623000,
0x000001e932625800, 0x000001e932622800, 0x000001e932627800, 0x000001e932624000,
0x000001e932628000, 0x000001e932625000, 0x000001e932626800, 0x000001e932629000,
0x000001e932774800, 0x000001e932777000, 0x000001e932774000, 0x000001e93277c000,
0x000001e93a372000, 0x000001e93a373800
}

Java Threads: ( => current thread )
  0x000001e9143f7800 JavaThread "main" [_thread_blocked, id=15856, stack(0x0000005daa800000,0x0000005daa900000)]
  0x000001e92f0fd800 JavaThread "Reference Handler" daemon [_thread_blocked, id=13068, stack(0x0000005daaf00000,0x0000005dab000000)]
  0x000001e92f0fe800 JavaThread "Finalizer" daemon [_thread_blocked, id=3892, stack(0x0000005dab000000,0x0000005dab100000)]
  0x000001e92f15e800 JavaThread "Signal Dispatcher" daemon [_thread_blocked, id=1744, stack(0x0000005dab100000,0x0000005dab200000)]
  0x000001e92f15f800 JavaThread "Attach Listener" daemon [_thread_blocked, id=14972, stack(0x0000005dab200000,0x0000005dab300000)]
  0x000001e92f161000 JavaThread "Service Thread" daemon [_thread_blocked, id=13764, stack(0x0000005dab300000,0x0000005dab400000)]
  0x000001e92f164800 JavaThread "C2 CompilerThread0" daemon [_thread_blocked, id=9356, stack(0x0000005dab400000,0x0000005dab500000)]
  0x000001e92f166000 JavaThread "C1 CompilerThread0" daemon [_thread_blocked, id=1400, stack(0x0000005dab500000,0x0000005dab600000)]
  0x000001e92f170000 JavaThread "Sweeper thread" daemon [_thread_blocked, id=11956, stack(0x0000005dab600000,0x0000005dab700000)]
  0x000001e92f2de800 JavaThread "Common-Cleaner" daemon [_thread_blocked, id=7896, stack(0x0000005dab700000,0x0000005dab800000)]
  0x000001e932228000 JavaThread "Daemon health stats" [_thread_blocked, id=8676, stack(0x0000005dac000000,0x0000005dac100000)]
  0x000001e932223000 JavaThread "Incoming local TCP Connector on port 50502" [_thread_in_native, id=7724, stack(0x0000005dab900000,0x0000005daba00000)]
  0x000001e931990000 JavaThread "Daemon periodic checks" [_thread_blocked, id=920, stack(0x0000005dabf00000,0x0000005dac000000)]
  0x000001e931991000 JavaThread "Daemon" [_thread_blocked, id=2328, stack(0x0000005dac100000,0x0000005dac200000)]
  0x000001e9309ad800 JavaThread "Handler for socket connection from /127.0.0.1:50502 to /127.0.0.1:50503" [_thread_in_native, id=8224, stack(0x0000005dac200000,0x0000005dac300000)]
  0x000001e931330800 JavaThread "Cancel handler" [_thread_blocked, id=10776, stack(0x0000005dac300000,0x0000005dac400000)]
  0x000001e930038000 JavaThread "Daemon worker" [_thread_blocked, id=3844, stack(0x0000005dac400000,0x0000005dac500000)]
  0x000001e930cee800 JavaThread "Asynchronous log dispatcher for DefaultDaemonConnection: socket connection from /127.0.0.1:50502 to /127.0.0.1:50503" [_thread_blocked, id=16252, stack(0x0000005dac500000,0x0000005dac600000)]
  0x000001e9309ae800 JavaThread "Stdin handler" [_thread_blocked, id=1236, stack(0x0000005dac600000,0x0000005dac700000)]
  0x000001e9312c6800 JavaThread "Daemon client event forwarder" [_thread_blocked, id=8396, stack(0x0000005dac700000,0x0000005dac800000)]
  0x000001e93212e000 JavaThread "Cache worker for journal cache (C:\Users\P Vigneshwaran\.gradle\caches\journal-1)" [_thread_blocked, id=13936, stack(0x0000005daca00000,0x0000005dacb00000)]
  0x000001e93212d000 JavaThread "File lock request listener" [_thread_in_native, id=5944, stack(0x0000005dacb00000,0x0000005dacc00000)]
  0x000001e93212a000 JavaThread "Cache worker for file hash cache (C:\Users\P Vigneshwaran\.gradle\caches\7.4\fileHashes)" [_thread_blocked, id=13260, stack(0x0000005dacd00000,0x0000005dace00000)]
  0x000001e932128800 JavaThread "File watcher server" daemon [_thread_in_native, id=9888, stack(0x0000005dacf00000,0x0000005dad000000)]
  0x000001e93212f000 JavaThread "File watcher consumer" daemon [_thread_blocked, id=8704, stack(0x0000005dad000000,0x0000005dad100000)]
  0x000001e932129000 JavaThread "jar transforms" [_thread_blocked, id=13960, stack(0x0000005dace00000,0x0000005dacf00000)]
  0x000001e93212b000 JavaThread "jar transforms Thread 2" [_thread_blocked, id=13964, stack(0x0000005dad100000,0x0000005dad200000)]
  0x000001e93212b800 JavaThread "jar transforms Thread 3" [_thread_blocked, id=3196, stack(0x0000005dad200000,0x0000005dad300000)]
  0x000001e93212c800 JavaThread "jar transforms Thread 4" [_thread_blocked, id=9576, stack(0x0000005dad300000,0x0000005dad400000)]
  0x000001e9312aa000 JavaThread "jar transforms Thread 5" [_thread_blocked, id=7820, stack(0x0000005dad400000,0x0000005dad500000)]
  0x000001e9312ab800 JavaThread "jar transforms Thread 6" [_thread_blocked, id=3428, stack(0x0000005dad500000,0x0000005dad600000)]
  0x000001e9312ab000 JavaThread "jar transforms Thread 7" [_thread_blocked, id=5096, stack(0x0000005dad600000,0x0000005dad700000)]
  0x000001e9312ad800 JavaThread "jar transforms Thread 8" [_thread_blocked, id=10756, stack(0x0000005dad700000,0x0000005dad800000)]
  0x000001e9312ac800 JavaThread "Cache worker for checksums cache (C:\Users\P Vigneshwaran\AndroidStudioProjects\MyBase\.gradle\7.4\checksums)" [_thread_blocked, id=11260, stack(0x0000005dad900000,0x0000005dada00000)]
  0x000001e9312ae000 JavaThread "Cache worker for cache directory md-rule (C:\Users\P Vigneshwaran\.gradle\caches\7.4\md-rule)" [_thread_blocked, id=9600, stack(0x0000005dada00000,0x0000005dadb00000)]
  0x000001e9312a8800 JavaThread "Cache worker for file hash cache (C:\Users\P Vigneshwaran\AndroidStudioProjects\MyBase\.gradle\7.4\fileHashes)" [_thread_blocked, id=15444, stack(0x0000005dadb00000,0x0000005dadc00000)]
  0x000001e9312af000 JavaThread "Cache worker for cache directory md-supplier (C:\Users\P Vigneshwaran\.gradle\caches\7.4\md-supplier)" [_thread_blocked, id=5424, stack(0x0000005dadc00000,0x0000005dadd00000)]
  0x000001e9312a9000 JavaThread "Cache worker for execution history cache (C:\Users\P Vigneshwaran\.gradle\caches\7.4\executionHistory)" [_thread_blocked, id=3088, stack(0x0000005dadd00000,0x0000005dade00000)]
  0x000001e9312b5800 JavaThread "Cache worker for file content cache (C:\Users\P Vigneshwaran\.gradle\caches\7.4\fileContent)" [_thread_blocked, id=8404, stack(0x0000005dadf00000,0x0000005dae000000)]
  0x000001e9312b4000 JavaThread "Cache worker for dependencies-accessors (C:\Users\P Vigneshwaran\AndroidStudioProjects\MyBase\.gradle\7.4\dependencies-accessors)" [_thread_blocked, id=10952, stack(0x0000005dae000000,0x0000005dae100000)]
  0x000001e9312b0800 JavaThread "Cache worker for Build Output Cleanup Cache (C:\Users\P Vigneshwaran\AndroidStudioProjects\MyBase\.gradle\buildOutputCleanup)" [_thread_blocked, id=15760, stack(0x0000005dae100000,0x0000005dae200000)]
  0x000001e9312b4800 JavaThread "Unconstrained build operations" [_thread_blocked, id=15068, stack(0x0000005dae200000,0x0000005dae300000)]
  0x000001e9312b7000 JavaThread "Unconstrained build operations Thread 2" [_thread_blocked, id=2392, stack(0x0000005dae300000,0x0000005dae400000)]
  0x000001e9312b1800 JavaThread "Unconstrained build operations Thread 3" [_thread_blocked, id=9500, stack(0x0000005dae400000,0x0000005dae500000)]
  0x000001e93422e000 JavaThread "Unconstrained build operations Thread 4" [_thread_blocked, id=14876, stack(0x0000005dae500000,0x0000005dae600000)]
  0x000001e93422f800 JavaThread "Unconstrained build operations Thread 5" [_thread_blocked, id=10248, stack(0x0000005dae600000,0x0000005dae700000)]
  0x000001e934230800 JavaThread "Unconstrained build operations Thread 6" [_thread_blocked, id=13668, stack(0x0000005dae700000,0x0000005dae800000)]
  0x000001e934232000 JavaThread "Unconstrained build operations Thread 7" [_thread_blocked, id=10912, stack(0x0000005dae800000,0x0000005dae900000)]
  0x000001e93422e800 JavaThread "Unconstrained build operations Thread 8" [_thread_blocked, id=7908, stack(0x0000005dae900000,0x0000005daea00000)]
  0x000001e934231000 JavaThread "Unconstrained build operations Thread 9" [_thread_blocked, id=10412, stack(0x0000005daea00000,0x0000005daeb00000)]
  0x000001e93422c800 JavaThread "Unconstrained build operations Thread 10" [_thread_blocked, id=12456, stack(0x0000005daeb00000,0x0000005daec00000)]
  0x000001e934233000 JavaThread "Unconstrained build operations Thread 11" [_thread_blocked, id=14256, stack(0x0000005daec00000,0x0000005daed00000)]
  0x000001e93422d000 JavaThread "Unconstrained build operations Thread 12" [_thread_blocked, id=2304, stack(0x0000005daed00000,0x0000005daee00000)]
  0x000001e934238800 JavaThread "Unconstrained build operations Thread 13" [_thread_blocked, id=7836, stack(0x0000005daee00000,0x0000005daef00000)]
  0x000001e934235800 JavaThread "Unconstrained build operations Thread 14" [_thread_blocked, id=10864, stack(0x0000005daef00000,0x0000005daf000000)]
  0x000001e934239800 JavaThread "Unconstrained build operations Thread 15" [_thread_blocked, id=15572, stack(0x0000005daf000000,0x0000005daf100000)]
  0x000001e934237800 JavaThread "Unconstrained build operations Thread 16" [_thread_blocked, id=4492, stack(0x0000005daf100000,0x0000005daf200000)]
  0x000001e934233800 JavaThread "Unconstrained build operations Thread 17" [_thread_blocked, id=8524, stack(0x0000005daf200000,0x0000005daf300000)]
  0x000001e93423a000 JavaThread "Unconstrained build operations Thread 18" [_thread_blocked, id=1140, stack(0x0000005daf300000,0x0000005daf400000)]
  0x000001e934234800 JavaThread "Unconstrained build operations Thread 19" [_thread_blocked, id=4732, stack(0x0000005daf400000,0x0000005daf500000)]
  0x000001e93423b000 JavaThread "Unconstrained build operations Thread 20" [_thread_blocked, id=13876, stack(0x0000005daf500000,0x0000005daf600000)]
  0x000001e934236000 JavaThread "Unconstrained build operations Thread 21" [_thread_blocked, id=10192, stack(0x0000005daf600000,0x0000005daf700000)]
  0x000001e934237000 JavaThread "Unconstrained build operations Thread 22" [_thread_blocked, id=9564, stack(0x0000005daf700000,0x0000005daf800000)]
  0x000001e932abb800 JavaThread "Unconstrained build operations Thread 23" [_thread_blocked, id=12772, stack(0x0000005daf800000,0x0000005daf900000)]
  0x000001e932ab9800 JavaThread "Unconstrained build operations Thread 24" [_thread_blocked, id=13988, stack(0x0000005daf900000,0x0000005dafa00000)]
  0x000001e932ab8000 JavaThread "Unconstrained build operations Thread 25" [_thread_blocked, id=2396, stack(0x0000005dafa00000,0x0000005dafb00000)]
  0x000001e932abc000 JavaThread "Unconstrained build operations Thread 26" [_thread_blocked, id=14120, stack(0x0000005dafb00000,0x0000005dafc00000)]
  0x000001e932ab7800 JavaThread "Unconstrained build operations Thread 27" [_thread_blocked, id=11952, stack(0x0000005dafc00000,0x0000005dafd00000)]
  0x000001e932abd000 JavaThread "Unconstrained build operations Thread 28" [_thread_blocked, id=15976, stack(0x0000005dafd00000,0x0000005dafe00000)]
  0x000001e932abe000 JavaThread "Unconstrained build operations Thread 29" [_thread_blocked, id=10364, stack(0x0000005dafe00000,0x0000005daff00000)]
  0x000001e932abe800 JavaThread "Unconstrained build operations Thread 30" [_thread_blocked, id=6964, stack(0x0000005daff00000,0x0000005db0000000)]
  0x000001e932ab9000 JavaThread "Unconstrained build operations Thread 31" [_thread_blocked, id=15900, stack(0x0000005db0000000,0x0000005db0100000)]
  0x000001e932ac0800 JavaThread "Unconstrained build operations Thread 32" [_thread_blocked, id=7860, stack(0x0000005db0100000,0x0000005db0200000)]
  0x000001e932abf800 JavaThread "Unconstrained build operations Thread 33" [_thread_blocked, id=15908, stack(0x0000005db0200000,0x0000005db0300000)]
  0x000001e932aba800 JavaThread "Unconstrained build operations Thread 34" [_thread_blocked, id=13684, stack(0x0000005db0300000,0x0000005db0400000)]
  0x000001e932ac5000 JavaThread "Unconstrained build operations Thread 35" [_thread_blocked, id=5468, stack(0x0000005db0400000,0x0000005db0500000)]
  0x000001e932ac1000 JavaThread "Unconstrained build operations Thread 36" [_thread_blocked, id=6256, stack(0x0000005db0500000,0x0000005db0600000)]
  0x000001e932ac2000 JavaThread "Unconstrained build operations Thread 37" [_thread_blocked, id=6408, stack(0x0000005db0600000,0x0000005db0700000)]
  0x000001e932ac2800 JavaThread "Unconstrained build operations Thread 38" [_thread_blocked, id=15992, stack(0x0000005db0700000,0x0000005db0800000)]
  0x000001e932ac3800 JavaThread "Unconstrained build operations Thread 39" [_thread_blocked, id=8756, stack(0x0000005db0800000,0x0000005db0900000)]
  0x000001e932ac4800 JavaThread "Unconstrained build operations Thread 40" [_thread_blocked, id=5932, stack(0x0000005db0900000,0x0000005db0a00000)]
  0x000001e932ac6000 JavaThread "Unconstrained build operations Thread 41" [_thread_blocked, id=6888, stack(0x0000005db0a00000,0x0000005db0b00000)]
  0x000001e92f80a800 JavaThread "Unconstrained build operations Thread 42" [_thread_blocked, id=14032, stack(0x0000005db0b00000,0x0000005db0c00000)]
  0x000001e92f80d800 JavaThread "Unconstrained build operations Thread 43" [_thread_blocked, id=7012, stack(0x0000005db0c00000,0x0000005db0d00000)]
  0x000001e92f80b000 JavaThread "Unconstrained build operations Thread 44" [_thread_blocked, id=1448, stack(0x0000005db0d00000,0x0000005db0e00000)]
  0x000001e92f80c000 JavaThread "Unconstrained build operations Thread 45" [_thread_blocked, id=7712, stack(0x0000005db0e00000,0x0000005db0f00000)]
  0x000001e92f80d000 JavaThread "Unconstrained build operations Thread 46" [_thread_blocked, id=6232, stack(0x0000005db0f00000,0x0000005db1000000)]
  0x000001e92f80e800 JavaThread "Unconstrained build operations Thread 47" [_thread_blocked, id=8780, stack(0x0000005db1000000,0x0000005db1100000)]
  0x000001e92f80f800 JavaThread "Unconstrained build operations Thread 48" [_thread_blocked, id=15512, stack(0x0000005db1100000,0x0000005db1200000)]
  0x000001e92f809800 JavaThread "Unconstrained build operations Thread 49" [_thread_blocked, id=3672, stack(0x0000005db1200000,0x0000005db1300000)]
  0x000001e92f815000 JavaThread "Unconstrained build operations Thread 50" [_thread_blocked, id=13336, stack(0x0000005db1300000,0x0000005db1400000)]
  0x000001e92f816000 JavaThread "Unconstrained build operations Thread 51" [_thread_blocked, id=4600, stack(0x0000005db1400000,0x0000005db1500000)]
  0x000001e92f812000 JavaThread "Unconstrained build operations Thread 52" [_thread_blocked, id=10492, stack(0x0000005db1500000,0x0000005db1600000)]
  0x000001e92f812800 JavaThread "Unconstrained build operations Thread 53" [_thread_blocked, id=3320, stack(0x0000005db1600000,0x0000005db1700000)]
  0x000001e92f813800 JavaThread "Unconstrained build operations Thread 54" [_thread_blocked, id=15548, stack(0x0000005db1700000,0x0000005db1800000)]
  0x000001e92f811000 JavaThread "Unconstrained build operations Thread 55" [_thread_blocked, id=13184, stack(0x0000005db1800000,0x0000005db1900000)]
  0x000001e92f814000 JavaThread "Unconstrained build operations Thread 56" [_thread_blocked, id=15280, stack(0x0000005db1900000,0x0000005db1a00000)]
  0x000001e92f810000 JavaThread "Unconstrained build operations Thread 57" [_thread_blocked, id=4636, stack(0x0000005db1a00000,0x0000005db1b00000)]
  0x000001e92f816800 JavaThread "Unconstrained build operations Thread 58" [_thread_blocked, id=3648, stack(0x0000005db1b00000,0x0000005db1c00000)]
  0x000001e92f817800 JavaThread "Unconstrained build operations Thread 59" [_thread_blocked, id=3540, stack(0x0000005db1c00000,0x0000005db1d00000)]
  0x000001e92f818800 JavaThread "Unconstrained build operations Thread 60" [_thread_blocked, id=2416, stack(0x0000005db1d00000,0x0000005db1e00000)]
  0x000001e93261f000 JavaThread "Unconstrained build operations Thread 61" [_thread_blocked, id=14472, stack(0x0000005db1e00000,0x0000005db1f00000)]
  0x000001e932620000 JavaThread "Unconstrained build operations Thread 62" [_thread_blocked, id=7928, stack(0x0000005db1f00000,0x0000005db2000000)]
  0x000001e93261e800 JavaThread "Unconstrained build operations Thread 63" [_thread_blocked, id=4300, stack(0x0000005db2000000,0x0000005db2100000)]
  0x000001e93261d800 JavaThread "Unconstrained build operations Thread 64" [_thread_blocked, id=1888, stack(0x0000005db2100000,0x0000005db2200000)]
  0x000001e93261a000 JavaThread "Unconstrained build operations Thread 65" [_thread_blocked, id=11428, stack(0x0000005db2200000,0x0000005db2300000)]
  0x000001e93261c800 JavaThread "Unconstrained build operations Thread 66" [_thread_blocked, id=3488, stack(0x0000005db2300000,0x0000005db2400000)]
  0x000001e932621000 JavaThread "Unconstrained build operations Thread 67" [_thread_blocked, id=2452, stack(0x0000005db2400000,0x0000005db2500000)]
  0x000001e93261b000 JavaThread "Unconstrained build operations Thread 68" [_thread_blocked, id=10984, stack(0x0000005db2500000,0x0000005db2600000)]
  0x000001e932621800 JavaThread "Unconstrained build operations Thread 69" [_thread_blocked, id=16264, stack(0x0000005db2600000,0x0000005db2700000)]
  0x000001e93261c000 JavaThread "Unconstrained build operations Thread 70" [_thread_blocked, id=1352, stack(0x0000005db2700000,0x0000005db2800000)]
  0x000001e932623000 JavaThread "Unconstrained build operations Thread 71" [_thread_blocked, id=4072, stack(0x0000005db2800000,0x0000005db2900000)]
  0x000001e932625800 JavaThread "Unconstrained build operations Thread 72" [_thread_blocked, id=2612, stack(0x0000005db2900000,0x0000005db2a00000)]
  0x000001e932622800 JavaThread "Unconstrained build operations Thread 73" [_thread_blocked, id=8568, stack(0x0000005db2a00000,0x0000005db2b00000)]
  0x000001e932627800 JavaThread "Unconstrained build operations Thread 74" [_thread_blocked, id=8724, stack(0x0000005db2b00000,0x0000005db2c00000)]
  0x000001e932624000 JavaThread "Unconstrained build operations Thread 75" [_thread_blocked, id=1620, stack(0x0000005db2c00000,0x0000005db2d00000)]
  0x000001e932628000 JavaThread "Unconstrained build operations Thread 76" [_thread_blocked, id=14736, stack(0x0000005db2d00000,0x0000005db2e00000)]
  0x000001e932625000 JavaThread "Unconstrained build operations Thread 77" [_thread_blocked, id=4528, stack(0x0000005db2e00000,0x0000005db2f00000)]
  0x000001e932626800 JavaThread "Unconstrained build operations Thread 78" [_thread_blocked, id=11200, stack(0x0000005db2f00000,0x0000005db3000000)]
  0x000001e932629000 JavaThread "Unconstrained build operations Thread 79" [_thread_blocked, id=7180, stack(0x0000005db3000000,0x0000005db3100000)]
  0x000001e932774800 JavaThread "Unconstrained build operations Thread 80" [_thread_blocked, id=7024, stack(0x0000005db3100000,0x0000005db3200000)]
  0x000001e932777000 JavaThread "Memory manager" [_thread_blocked, id=14536, stack(0x0000005db3300000,0x0000005db3400000)]
  0x000001e932774000 JavaThread "included builds" [_thread_blocked, id=3956, stack(0x0000005dade00000,0x0000005dadf00000)]
  0x000001e93277c000 JavaThread "Cache worker for execution history cache (C:\Users\P Vigneshwaran\AndroidStudioProjects\MyBase\.gradle\7.4\executionHistory)" [_thread_blocked, id=10080, stack(0x0000005db3b00000,0x0000005db3c00000)]
  0x000001e93a372000 JavaThread "C2 CompilerThread1" daemon [_thread_blocked, id=14456, stack(0x0000005dad800000,0x0000005dad900000)]
  0x000001e93a373800 JavaThread "C2 CompilerThread2" daemon [_thread_blocked, id=8268, stack(0x0000005db3400000,0x0000005db3500000)]

Other Threads:
  0x000001e92f0fa800 VMThread "VM Thread" [stack: 0x0000005daae00000,0x0000005daaf00000] [id=5084]
  0x000001e92f322000 WatcherThread [stack: 0x0000005dab800000,0x0000005dab900000] [id=14428]
  0x000001e914410000 GCTaskThread "GC Thread#0" [stack: 0x0000005daa900000,0x0000005daaa00000] [id=7668]
  0x000001e93082d800 GCTaskThread "GC Thread#1" [stack: 0x0000005daba00000,0x0000005dabb00000] [id=13448]
  0x000001e92f7a8800 GCTaskThread "GC Thread#2" [stack: 0x0000005dabb00000,0x0000005dabc00000] [id=7656]
  0x000001e92ffaf800 GCTaskThread "GC Thread#3" [stack: 0x0000005dabc00000,0x0000005dabd00000] [id=14436]
  0x000001e92f8d5800 GCTaskThread "GC Thread#4" [stack: 0x0000005dabd00000,0x0000005dabe00000] [id=6896]
  0x000001e930009000 GCTaskThread "GC Thread#5" [stack: 0x0000005dabe00000,0x0000005dabf00000] [id=2976]
  0x000001e930c85000 GCTaskThread "GC Thread#6" [stack: 0x0000005dac800000,0x0000005dac900000] [id=3680]
  0x000001e931e89000 GCTaskThread "GC Thread#7" [stack: 0x0000005dac900000,0x0000005daca00000] [id=2100]
  0x000001e914441000 ConcurrentGCThread "G1 Main Marker" [stack: 0x0000005daaa00000,0x0000005daab00000] [id=8004]
  0x000001e914443000 ConcurrentGCThread "G1 Conc#0" [stack: 0x0000005daab00000,0x0000005daac00000] [id=5760]
=>0x000001e930c02800 ConcurrentGCThread "G1 Conc#1" [stack: 0x0000005dacc00000,0x0000005dacd00000] [id=9944]
  0x000001e92e51f800 ConcurrentGCThread "G1 Refine#0" [stack: 0x0000005daac00000,0x0000005daad00000] [id=7680]
  0x000001e932d5e800 ConcurrentGCThread "G1 Refine#1" [stack: 0x0000005db3200000,0x0000005db3300000] [id=4376]
  0x000001e92e520800 ConcurrentGCThread "G1 Young RemSet Sampling" [stack: 0x0000005daad00000,0x0000005daae00000] [id=7076]

Threads with active compile tasks:

VM state:not at safepoint (normal execution)

VM Mutex/Monitor currently owned by a thread: None

Heap address: 0x0000000080000000, size: 2048 MB, Compressed Oops mode: 32-bit
Narrow klass base: 0x0000000000000000, Narrow klass shift: 3
Compressed class space size: 1073741824 Address: 0x0000000100000000

Heap:
 garbage-first heap   total 260096K, used 178627K [0x0000000080000000, 0x0000000100000000)
  region size 1024K, 23 young (23552K), 4 survivors (4096K)
 Metaspace       used 99257K, capacity 101681K, committed 101924K, reserved 1138688K
  class space    used 12869K, capacity 13715K, committed 13824K, reserved 1048576K
Heap Regions: E=young(eden), S=young(survivor), O=old, HS=humongous(starts), HC=humongous(continues), CS=collection set, F=free, A=archive, TAMS=top-at-mark-start (previous, next)
|   0|0x0000000080000000, 0x0000000080100000, 0x0000000080100000|100%| O|  |TAMS 0x0000000080100000, 0x0000000080100000| Untracked 
|   1|0x0000000080100000, 0x0000000080200000, 0x0000000080200000|100%| O|  |TAMS 0x0000000080200000, 0x0000000080200000| Untracked 
|   2|0x0000000080200000, 0x0000000080300000, 0x0000000080300000|100%| O|  |TAMS 0x0000000080300000, 0x0000000080300000| Untracked 
|   3|0x0000000080300000, 0x0000000080400000, 0x0000000080400000|100%|HS|  |TAMS 0x0000000080400000, 0x0000000080400000| Complete 
|   4|0x0000000080400000, 0x0000000080500000, 0x0000000080500000|100%|HC|  |TAMS 0x0000000080500000, 0x0000000080500000| Complete 
|   5|0x0000000080500000, 0x0000000080600000, 0x0000000080600000|100%|HC|  |TAMS 0x0000000080600000, 0x0000000080600000| Complete 
|   6|0x0000000080600000, 0x0000000080700000, 0x0000000080700000|100%| O|  |TAMS 0x0000000080700000, 0x0000000080700000| Untracked 
|   7|0x0000000080700000, 0x0000000080800000, 0x0000000080800000|100%| O|  |TAMS 0x0000000080800000, 0x0000000080800000| Untracked 
|   8|0x0000000080800000, 0x0000000080900000, 0x0000000080900000|100%| O|  |TAMS 0x0000000080900000, 0x0000000080900000| Untracked 
|   9|0x0000000080900000, 0x0000000080a00000, 0x0000000080a00000|100%| O|  |TAMS 0x0000000080a00000, 0x0000000080a00000| Untracked 
|  10|0x0000000080a00000, 0x0000000080b00000, 0x0000000080b00000|100%| O|  |TAMS 0x0000000080b00000, 0x0000000080b00000| Untracked 
|  11|0x0000000080b00000, 0x0000000080c00000, 0x0000000080c00000|100%| O|  |TAMS 0x0000000080c00000, 0x0000000080c00000| Untracked 
|  12|0x0000000080c00000, 0x0000000080d00000, 0x0000000080d00000|100%| O|  |TAMS 0x0000000080d00000, 0x0000000080d00000| Untracked 
|  13|0x0000000080d00000, 0x0000000080e00000, 0x0000000080e00000|100%| O|  |TAMS 0x0000000080e00000, 0x0000000080e00000| Untracked 
|  14|0x0000000080e00000, 0x0000000080f00000, 0x0000000080f00000|100%| O|  |TAMS 0x0000000080f00000, 0x0000000080f00000| Untracked 
|  15|0x0000000080f00000, 0x0000000081000000, 0x0000000081000000|100%| O|  |TAMS 0x0000000081000000, 0x0000000081000000| Untracked 
|  16|0x0000000081000000, 0x0000000081100000, 0x0000000081100000|100%|HS|  |TAMS 0x0000000081100000, 0x0000000081100000| Complete 
|  17|0x0000000081100000, 0x0000000081200000, 0x0000000081200000|100%|HC|  |TAMS 0x0000000081200000, 0x0000000081200000| Complete 
|  18|0x0000000081200000, 0x0000000081300000, 0x0000000081300000|100%|HS|  |TAMS 0x0000000081300000, 0x0000000081300000| Complete 
|  19|0x0000000081300000, 0x0000000081400000, 0x0000000081400000|100%|HC|  |TAMS 0x0000000081400000, 0x0000000081400000| Complete 
|  20|0x0000000081400000, 0x0000000081500000, 0x0000000081500000|100%|HC|  |TAMS 0x0000000081500000, 0x0000000081500000| Complete 
|  21|0x0000000081500000, 0x0000000081600000, 0x0000000081600000|100%|HS|  |TAMS 0x0000000081600000, 0x0000000081600000| Complete 
|  22|0x0000000081600000, 0x0000000081700000, 0x0000000081700000|100%|HC|  |TAMS 0x0000000081700000, 0x0000000081700000| Complete 
|  23|0x0000000081700000, 0x0000000081800000, 0x0000000081800000|100%|HC|  |TAMS 0x0000000081800000, 0x0000000081800000| Complete 
|  24|0x0000000081800000, 0x0000000081900000, 0x0000000081900000|100%|HS|  |TAMS 0x0000000081900000, 0x0000000081900000| Complete 
|  25|0x0000000081900000, 0x0000000081a00000, 0x0000000081a00000|100%|HC|  |TAMS 0x0000000081a00000, 0x0000000081a00000| Complete 
|  26|0x0000000081a00000, 0x0000000081b00000, 0x0000000081b00000|100%|HC|  |TAMS 0x0000000081b00000, 0x0000000081b00000| Complete 
|  27|0x0000000081b00000, 0x0000000081c00000, 0x0000000081c00000|100%|HC|  |TAMS 0x0000000081c00000, 0x0000000081c00000| Complete 
|  28|0x0000000081c00000, 0x0000000081d00000, 0x0000000081d00000|100%|HS|  |TAMS 0x0000000081d00000, 0x0000000081d00000| Complete 
|  29|0x0000000081d00000, 0x0000000081e00000, 0x0000000081e00000|100%|HC|  |TAMS 0x0000000081e00000, 0x0000000081e00000| Complete 
|  30|0x0000000081e00000, 0x0000000081f00000, 0x0000000081f00000|100%|HC|  |TAMS 0x0000000081f00000, 0x0000000081f00000| Complete 
|  31|0x0000000081f00000, 0x0000000082000000, 0x0000000082000000|100%|HC|  |TAMS 0x0000000082000000, 0x0000000082000000| Complete 
|  32|0x0000000082000000, 0x0000000082100000, 0x0000000082100000|100%|HC|  |TAMS 0x0000000082100000, 0x0000000082100000| Complete 
|  33|0x0000000082100000, 0x0000000082200000, 0x0000000082200000|100%|HS|  |TAMS 0x0000000082200000, 0x0000000082200000| Complete 
|  34|0x0000000082200000, 0x0000000082300000, 0x0000000082300000|100%| O|  |TAMS 0x0000000082300000, 0x0000000082300000| Untracked 
|  35|0x0000000082300000, 0x0000000082400000, 0x0000000082400000|100%| O|  |TAMS 0x0000000082400000, 0x0000000082400000| Untracked 
|  36|0x0000000082400000, 0x0000000082500000, 0x0000000082500000|100%| O|  |TAMS 0x0000000082500000, 0x0000000082500000| Untracked 
|  37|0x0000000082500000, 0x0000000082600000, 0x0000000082600000|100%| O|  |TAMS 0x0000000082600000, 0x0000000082600000| Untracked 
|  38|0x0000000082600000, 0x0000000082700000, 0x0000000082700000|100%| O|  |TAMS 0x0000000082700000, 0x0000000082700000| Untracked 
|  39|0x0000000082700000, 0x0000000082800000, 0x0000000082800000|100%| O|  |TAMS 0x0000000082800000, 0x0000000082800000| Untracked 
|  40|0x0000000082800000, 0x0000000082900000, 0x0000000082900000|100%| O|  |TAMS 0x0000000082900000, 0x0000000082900000| Untracked 
|  41|0x0000000082900000, 0x0000000082a00000, 0x0000000082a00000|100%| O|  |TAMS 0x0000000082a00000, 0x0000000082a00000| Untracked 
|  42|0x0000000082a00000, 0x0000000082b00000, 0x0000000082b00000|100%| O|  |TAMS 0x0000000082b00000, 0x0000000082b00000| Untracked 
|  43|0x0000000082b00000, 0x0000000082c00000, 0x0000000082c00000|100%|HS|  |TAMS 0x0000000082c00000, 0x0000000082c00000| Complete 
|  44|0x0000000082c00000, 0x0000000082d00000, 0x0000000082d00000|100%| O|  |TAMS 0x0000000082d00000, 0x0000000082d00000| Untracked 
|  45|0x0000000082d00000, 0x0000000082e00000, 0x0000000082e00000|100%| O|  |TAMS 0x0000000082e00000, 0x0000000082e00000| Untracked 
|  46|0x0000000082e00000, 0x0000000082f00000, 0x0000000082f00000|100%|HS|  |TAMS 0x0000000082f00000, 0x0000000082f00000| Complete 
|  47|0x0000000082f00000, 0x0000000083000000, 0x0000000083000000|100%|HC|  |TAMS 0x0000000083000000, 0x0000000083000000| Complete 
|  48|0x0000000083000000, 0x0000000083100000, 0x0000000083100000|100%|HC|  |TAMS 0x0000000083100000, 0x0000000083100000| Complete 
|  49|0x0000000083100000, 0x0000000083200000, 0x0000000083200000|100%|HC|  |TAMS 0x0000000083200000, 0x0000000083200000| Complete 
|  50|0x0000000083200000, 0x0000000083300000, 0x0000000083300000|100%|HS|  |TAMS 0x0000000083300000, 0x0000000083300000| Complete 
|  51|0x0000000083300000, 0x0000000083400000, 0x0000000083400000|100%|HC|  |TAMS 0x0000000083400000, 0x0000000083400000| Complete 
|  52|0x0000000083400000, 0x0000000083500000, 0x0000000083500000|100%|HC|  |TAMS 0x0000000083500000, 0x0000000083500000| Complete 
|  53|0x0000000083500000, 0x0000000083600000, 0x0000000083600000|100%|HS|  |TAMS 0x0000000083600000, 0x0000000083600000| Complete 
|  54|0x0000000083600000, 0x0000000083700000, 0x0000000083700000|100%|HC|  |TAMS 0x0000000083700000, 0x0000000083700000| Complete 
|  55|0x0000000083700000, 0x0000000083800000, 0x0000000083800000|100%|HS|  |TAMS 0x0000000083800000, 0x0000000083800000| Complete 
|  56|0x0000000083800000, 0x0000000083900000, 0x0000000083900000|100%|HC|  |TAMS 0x0000000083900000, 0x0000000083900000| Complete 
|  57|0x0000000083900000, 0x0000000083a00000, 0x0000000083a00000|100%|HC|  |TAMS 0x0000000083a00000, 0x0000000083a00000| Complete 
|  58|0x0000000083a00000, 0x0000000083b00000, 0x0000000083b00000|100%|HS|  |TAMS 0x0000000083b00000, 0x0000000083b00000| Complete 
|  59|0x0000000083b00000, 0x0000000083c00000, 0x0000000083c00000|100%|HC|  |TAMS 0x0000000083c00000, 0x0000000083c00000| Complete 
|  60|0x0000000083c00000, 0x0000000083d00000, 0x0000000083d00000|100%|HC|  |TAMS 0x0000000083d00000, 0x0000000083d00000| Complete 
|  61|0x0000000083d00000, 0x0000000083e00000, 0x0000000083e00000|100%|HC|  |TAMS 0x0000000083e00000, 0x0000000083e00000| Complete 
|  62|0x0000000083e00000, 0x0000000083f00000, 0x0000000083f00000|100%|HC|  |TAMS 0x0000000083f00000, 0x0000000083f00000| Complete 
|  63|0x0000000083f00000, 0x0000000084000000, 0x0000000084000000|100%| O|  |TAMS 0x0000000084000000, 0x0000000084000000| Untracked 
|  64|0x0000000084000000, 0x0000000084100000, 0x0000000084100000|100%| O|  |TAMS 0x0000000084100000, 0x0000000084100000| Untracked 
|  65|0x0000000084100000, 0x0000000084200000, 0x0000000084200000|100%| O|  |TAMS 0x0000000084200000, 0x0000000084200000| Untracked 
|  66|0x0000000084200000, 0x0000000084300000, 0x0000000084300000|100%| O|  |TAMS 0x0000000084300000, 0x0000000084300000| Untracked 
|  67|0x0000000084300000, 0x0000000084400000, 0x0000000084400000|100%| O|  |TAMS 0x0000000084400000, 0x0000000084400000| Untracked 
|  68|0x0000000084400000, 0x0000000084500000, 0x0000000084500000|100%| O|  |TAMS 0x0000000084500000, 0x0000000084500000| Untracked 
|  69|0x0000000084500000, 0x0000000084600000, 0x0000000084600000|100%| O|  |TAMS 0x0000000084600000, 0x0000000084600000| Untracked 
|  70|0x0000000084600000, 0x0000000084700000, 0x0000000084700000|100%| O|  |TAMS 0x0000000084700000, 0x0000000084700000| Untracked 
|  71|0x0000000084700000, 0x0000000084800000, 0x0000000084800000|100%| O|  |TAMS 0x0000000084800000, 0x0000000084800000| Untracked 
|  72|0x0000000084800000, 0x0000000084900000, 0x0000000084900000|100%|HS|  |TAMS 0x0000000084900000, 0x0000000084900000| Complete 
|  73|0x0000000084900000, 0x0000000084a00000, 0x0000000084a00000|100%|HC|  |TAMS 0x0000000084a00000, 0x0000000084a00000| Complete 
|  74|0x0000000084a00000, 0x0000000084b00000, 0x0000000084b00000|100%|HS|  |TAMS 0x0000000084b00000, 0x0000000084b00000| Complete 
|  75|0x0000000084b00000, 0x0000000084c00000, 0x0000000084c00000|100%|HS|  |TAMS 0x0000000084c00000, 0x0000000084c00000| Complete 
|  76|0x0000000084c00000, 0x0000000084d00000, 0x0000000084d00000|100%|HC|  |TAMS 0x0000000084d00000, 0x0000000084d00000| Complete 
|  77|0x0000000084d00000, 0x0000000084e00000, 0x0000000084e00000|100%|HC|  |TAMS 0x0000000084e00000, 0x0000000084e00000| Complete 
|  78|0x0000000084e00000, 0x0000000084f00000, 0x0000000084f00000|100%|HC|  |TAMS 0x0000000084f00000, 0x0000000084f00000| Complete 
|  79|0x0000000084f00000, 0x0000000085000000, 0x0000000085000000|100%| O|  |TAMS 0x0000000085000000, 0x0000000085000000| Untracked 
|  80|0x0000000085000000, 0x0000000085100000, 0x0000000085100000|100%|HS|  |TAMS 0x0000000085100000, 0x0000000085100000| Complete 
|  81|0x0000000085100000, 0x0000000085200000, 0x0000000085200000|100%|HC|  |TAMS 0x0000000085200000, 0x0000000085200000| Complete 
|  82|0x0000000085200000, 0x0000000085300000, 0x0000000085300000|100%| O|  |TAMS 0x0000000085300000, 0x0000000085300000| Untracked 
|  83|0x0000000085300000, 0x0000000085400000, 0x0000000085400000|100%| O|  |TAMS 0x0000000085400000, 0x0000000085400000| Untracked 
|  84|0x0000000085400000, 0x0000000085500000, 0x0000000085500000|100%| O|  |TAMS 0x0000000085500000, 0x0000000085500000| Untracked 
|  85|0x0000000085500000, 0x0000000085600000, 0x0000000085600000|100%| O|  |TAMS 0x0000000085600000, 0x0000000085600000| Untracked 
|  86|0x0000000085600000, 0x0000000085700000, 0x0000000085700000|100%| O|  |TAMS 0x0000000085700000, 0x0000000085700000| Untracked 
|  87|0x0000000085700000, 0x0000000085800000, 0x0000000085800000|100%| O|  |TAMS 0x0000000085800000, 0x0000000085800000| Untracked 
|  88|0x0000000085800000, 0x0000000085900000, 0x0000000085900000|100%| O|  |TAMS 0x0000000085900000, 0x0000000085900000| Untracked 
|  89|0x0000000085900000, 0x0000000085a00000, 0x0000000085a00000|100%| O|  |TAMS 0x0000000085a00000, 0x0000000085a00000| Untracked 
|  90|0x0000000085a00000, 0x0000000085b00000, 0x0000000085b00000|100%| O|  |TAMS 0x0000000085b00000, 0x0000000085b00000| Untracked 
|  91|0x0000000085b00000, 0x0000000085c00000, 0x0000000085c00000|100%| O|  |TAMS 0x0000000085c00000, 0x0000000085c00000| Untracked 
|  92|0x0000000085c00000, 0x0000000085d00000, 0x0000000085d00000|100%| O|  |TAMS 0x0000000085d00000, 0x0000000085d00000| Untracked 
|  93|0x0000000085d00000, 0x0000000085e00000, 0x0000000085e00000|100%| O|  |TAMS 0x0000000085e00000, 0x0000000085e00000| Untracked 
|  94|0x0000000085e00000, 0x0000000085f00000, 0x0000000085f00000|100%| O|  |TAMS 0x0000000085f00000, 0x0000000085f00000| Untracked 
|  95|0x0000000085f00000, 0x0000000086000000, 0x0000000086000000|100%| O|  |TAMS 0x0000000086000000, 0x0000000086000000| Untracked 
|  96|0x0000000086000000, 0x0000000086100000, 0x0000000086100000|100%| O|  |TAMS 0x0000000086100000, 0x0000000086100000| Untracked 
|  97|0x0000000086100000, 0x0000000086200000, 0x0000000086200000|100%| O|  |TAMS 0x0000000086200000, 0x0000000086200000| Untracked 
|  98|0x0000000086200000, 0x0000000086300000, 0x0000000086300000|100%| O|  |TAMS 0x0000000086300000, 0x0000000086300000| Untracked 
|  99|0x0000000086300000, 0x0000000086400000, 0x0000000086400000|100%| O|  |TAMS 0x0000000086400000, 0x0000000086400000| Untracked 
| 100|0x0000000086400000, 0x0000000086500000, 0x0000000086500000|100%| O|  |TAMS 0x0000000086500000, 0x0000000086500000| Untracked 
| 101|0x0000000086500000, 0x0000000086600000, 0x0000000086600000|100%| O|  |TAMS 0x0000000086600000, 0x0000000086600000| Untracked 
| 102|0x0000000086600000, 0x0000000086700000, 0x0000000086700000|100%| O|  |TAMS 0x0000000086700000, 0x0000000086700000| Untracked 
| 103|0x0000000086700000, 0x0000000086800000, 0x0000000086800000|100%| O|  |TAMS 0x0000000086800000, 0x0000000086800000| Untracked 
| 104|0x0000000086800000, 0x0000000086900000, 0x0000000086900000|100%| O|  |TAMS 0x0000000086900000, 0x0000000086900000| Untracked 
| 105|0x0000000086900000, 0x0000000086a00000, 0x0000000086a00000|100%| O|  |TAMS 0x0000000086a00000, 0x0000000086a00000| Untracked 
| 106|0x0000000086a00000, 0x0000000086b00000, 0x0000000086b00000|100%|HS|  |TAMS 0x0000000086b00000, 0x0000000086b00000| Complete 
| 107|0x0000000086b00000, 0x0000000086c00000, 0x0000000086c00000|100%|HC|  |TAMS 0x0000000086c00000, 0x0000000086c00000| Complete 
| 108|0x0000000086c00000, 0x0000000086d00000, 0x0000000086d00000|100%|HS|  |TAMS 0x0000000086d00000, 0x0000000086d00000| Complete 
| 109|0x0000000086d00000, 0x0000000086e00000, 0x0000000086e00000|100%|HC|  |TAMS 0x0000000086e00000, 0x0000000086e00000| Complete 
| 110|0x0000000086e00000, 0x0000000086f00000, 0x0000000086f00000|100%|HC|  |TAMS 0x0000000086f00000, 0x0000000086f00000| Complete 
| 111|0x0000000086f00000, 0x0000000087000000, 0x0000000087000000|100%|HS|  |TAMS 0x0000000087000000, 0x0000000087000000| Complete 
| 112|0x0000000087000000, 0x0000000087100000, 0x0000000087100000|100%|HC|  |TAMS 0x0000000087100000, 0x0000000087100000| Complete 
| 113|0x0000000087100000, 0x0000000087200000, 0x0000000087200000|100%|HC|  |TAMS 0x0000000087200000, 0x0000000087200000| Complete 
| 114|0x0000000087200000, 0x0000000087300000, 0x0000000087300000|100%|HS|  |TAMS 0x0000000087300000, 0x0000000087300000| Complete 
| 115|0x0000000087300000, 0x0000000087400000, 0x0000000087400000|100%|HC|  |TAMS 0x0000000087400000, 0x0000000087400000| Complete 
| 116|0x0000000087400000, 0x0000000087500000, 0x0000000087500000|100%|HC|  |TAMS 0x0000000087500000, 0x0000000087500000| Complete 
| 117|0x0000000087500000, 0x0000000087600000, 0x0000000087600000|100%|HC|  |TAMS 0x0000000087600000, 0x0000000087600000| Complete 
| 118|0x0000000087600000, 0x0000000087700000, 0x0000000087700000|100%|HS|  |TAMS 0x0000000087700000, 0x0000000087700000| Complete 
| 119|0x0000000087700000, 0x0000000087800000, 0x0000000087800000|100%|HC|  |TAMS 0x0000000087800000, 0x0000000087800000| Complete 
| 120|0x0000000087800000, 0x0000000087900000, 0x0000000087900000|100%|HC|  |TAMS 0x0000000087900000, 0x0000000087900000| Complete 
| 121|0x0000000087900000, 0x0000000087a00000, 0x0000000087a00000|100%|HC|  |TAMS 0x0000000087a00000, 0x0000000087a00000| Complete 
| 122|0x0000000087a00000, 0x0000000087b00000, 0x0000000087b00000|100%|HC|  |TAMS 0x0000000087b00000, 0x0000000087b00000| Complete 
| 123|0x0000000087b00000, 0x0000000087c00000, 0x0000000087c00000|100%|HS|  |TAMS 0x0000000087c00000, 0x0000000087c00000| Complete 
| 124|0x0000000087c00000, 0x0000000087d00000, 0x0000000087d00000|100%| O|  |TAMS 0x0000000087d00000, 0x0000000087d00000| Untracked 
| 125|0x0000000087d00000, 0x0000000087e00000, 0x0000000087e00000|100%| O|  |TAMS 0x0000000087e00000, 0x0000000087e00000| Untracked 
| 126|0x0000000087e00000, 0x0000000087f00000, 0x0000000087f00000|100%| O|  |TAMS 0x0000000087f00000, 0x0000000087f00000| Untracked 
| 127|0x0000000087f00000, 0x0000000088000000, 0x0000000088000000|100%| O|  |TAMS 0x0000000088000000, 0x0000000088000000| Untracked 
| 128|0x0000000088000000, 0x0000000088100000, 0x0000000088100000|100%| O|  |TAMS 0x0000000088100000, 0x0000000088100000| Untracked 
| 129|0x0000000088100000, 0x0000000088200000, 0x0000000088200000|100%| O|  |TAMS 0x0000000088200000, 0x0000000088200000| Untracked 
| 130|0x0000000088200000, 0x0000000088300000, 0x0000000088300000|100%| O|  |TAMS 0x0000000088300000, 0x0000000088300000| Untracked 
| 131|0x0000000088300000, 0x0000000088400000, 0x0000000088400000|100%| O|  |TAMS 0x0000000088400000, 0x0000000088400000| Untracked 
| 132|0x0000000088400000, 0x0000000088500000, 0x0000000088500000|100%| O|  |TAMS 0x0000000088500000, 0x0000000088500000| Untracked 
| 133|0x0000000088500000, 0x0000000088600000, 0x0000000088600000|100%| O|  |TAMS 0x0000000088600000, 0x0000000088600000| Untracked 
| 134|0x0000000088600000, 0x0000000088700000, 0x0000000088700000|100%| O|  |TAMS 0x0000000088700000, 0x0000000088700000| Untracked 
| 135|0x0000000088700000, 0x0000000088800000, 0x0000000088800000|100%| O|  |TAMS 0x0000000088800000, 0x0000000088800000| Untracked 
| 136|0x0000000088800000, 0x0000000088900000, 0x0000000088900000|100%| O|  |TAMS 0x0000000088900000, 0x0000000088900000| Untracked 
| 137|0x0000000088900000, 0x0000000088a00000, 0x0000000088a00000|100%| O|  |TAMS 0x0000000088a00000, 0x0000000088a00000| Untracked 
| 138|0x0000000088a00000, 0x0000000088b00000, 0x0000000088b00000|100%| O|  |TAMS 0x0000000088b00000, 0x0000000088b00000| Untracked 
| 139|0x0000000088b00000, 0x0000000088c00000, 0x0000000088c00000|100%| O|  |TAMS 0x0000000088c00000, 0x0000000088c00000| Untracked 
| 140|0x0000000088c00000, 0x0000000088d00000, 0x0000000088d00000|100%| O|  |TAMS 0x0000000088d00000, 0x0000000088d00000| Untracked 
| 141|0x0000000088d00000, 0x0000000088e00000, 0x0000000088e00000|100%| O|  |TAMS 0x0000000088e00000, 0x0000000088e00000| Untracked 
| 142|0x0000000088e00000, 0x0000000088f00000, 0x0000000088f00000|100%| O|  |TAMS 0x0000000088f00000, 0x0000000088f00000| Untracked 
| 143|0x0000000088f00000, 0x0000000089000000, 0x0000000089000000|100%| O|  |TAMS 0x0000000089000000, 0x0000000089000000| Untracked 
| 144|0x0000000089000000, 0x0000000089100000, 0x0000000089100000|100%| O|  |TAMS 0x0000000089100000, 0x0000000089100000| Untracked 
| 145|0x0000000089100000, 0x0000000089200000, 0x0000000089200000|100%| O|  |TAMS 0x0000000089200000, 0x0000000089200000| Untracked 
| 146|0x0000000089200000, 0x0000000089300000, 0x0000000089300000|100%| O|  |TAMS 0x0000000089300000, 0x0000000089300000| Untracked 
| 147|0x0000000089300000, 0x0000000089400000, 0x0000000089400000|100%| O|  |TAMS 0x0000000089400000, 0x0000000089400000| Untracked 
| 148|0x0000000089400000, 0x0000000089500000, 0x0000000089500000|100%| O|  |TAMS 0x0000000089500000, 0x0000000089500000| Untracked 
| 149|0x0000000089500000, 0x0000000089600000, 0x0000000089600000|100%|HS|  |TAMS 0x0000000089600000, 0x0000000089600000| Complete 
| 150|0x0000000089600000, 0x0000000089700000, 0x0000000089700000|100%|HC|  |TAMS 0x0000000089700000, 0x0000000089700000| Complete 
| 151|0x0000000089700000, 0x0000000089800000, 0x0000000089800000|100%| O|  |TAMS 0x0000000089800000, 0x0000000089800000| Untracked 
| 152|0x0000000089800000, 0x00000000898e3200, 0x0000000089900000| 88%| O|  |TAMS 0x00000000898e3200, 0x00000000898e3200| Untracked 
| 153|0x0000000089900000, 0x0000000089900000, 0x0000000089a00000|  0%| F|  |TAMS 0x0000000089900000, 0x0000000089900000| Untracked 
| 154|0x0000000089a00000, 0x0000000089a00000, 0x0000000089b00000|  0%| F|  |TAMS 0x0000000089a00000, 0x0000000089a00000| Untracked 
| 155|0x0000000089b00000, 0x0000000089b00000, 0x0000000089c00000|  0%| F|  |TAMS 0x0000000089b00000, 0x0000000089b00000| Untracked 
| 156|0x0000000089c00000, 0x0000000089c00000, 0x0000000089d00000|  0%| F|  |TAMS 0x0000000089c00000, 0x0000000089c00000| Untracked 
| 157|0x0000000089d00000, 0x0000000089d00000, 0x0000000089e00000|  0%| F|  |TAMS 0x0000000089d00000, 0x0000000089d00000| Untracked 
| 158|0x0000000089e00000, 0x0000000089e00000, 0x0000000089f00000|  0%| F|  |TAMS 0x0000000089e00000, 0x0000000089e00000| Untracked 
| 159|0x0000000089f00000, 0x0000000089f00000, 0x000000008a000000|  0%| F|  |TAMS 0x0000000089f00000, 0x0000000089f00000| Untracked 
| 160|0x000000008a000000, 0x000000008a000000, 0x000000008a100000|  0%| F|  |TAMS 0x000000008a000000, 0x000000008a000000| Untracked 
| 161|0x000000008a100000, 0x000000008a100000, 0x000000008a200000|  0%| F|  |TAMS 0x000000008a100000, 0x000000008a100000| Untracked 
| 162|0x000000008a200000, 0x000000008a200000, 0x000000008a300000|  0%| F|  |TAMS 0x000000008a200000, 0x000000008a200000| Untracked 
| 163|0x000000008a300000, 0x000000008a300000, 0x000000008a400000|  0%| F|  |TAMS 0x000000008a300000, 0x000000008a300000| Untracked 
| 164|0x000000008a400000, 0x000000008a400000, 0x000000008a500000|  0%| F|  |TAMS 0x000000008a400000, 0x000000008a400000| Untracked 
| 165|0x000000008a500000, 0x000000008a500000, 0x000000008a600000|  0%| F|  |TAMS 0x000000008a500000, 0x000000008a500000| Untracked 
| 166|0x000000008a600000, 0x000000008a600000, 0x000000008a700000|  0%| F|  |TAMS 0x000000008a600000, 0x000000008a600000| Untracked 
| 167|0x000000008a700000, 0x000000008a700000, 0x000000008a800000|  0%| F|  |TAMS 0x000000008a700000, 0x000000008a700000| Untracked 
| 168|0x000000008a800000, 0x000000008a800000, 0x000000008a900000|  0%| F|  |TAMS 0x000000008a800000, 0x000000008a800000| Untracked 
| 169|0x000000008a900000, 0x000000008a900000, 0x000000008aa00000|  0%| F|  |TAMS 0x000000008a900000, 0x000000008a900000| Untracked 
| 170|0x000000008aa00000, 0x000000008aa00000, 0x000000008ab00000|  0%| F|  |TAMS 0x000000008aa00000, 0x000000008aa00000| Untracked 
| 171|0x000000008ab00000, 0x000000008ab00000, 0x000000008ac00000|  0%| F|  |TAMS 0x000000008ab00000, 0x000000008ab00000| Untracked 
| 172|0x000000008ac00000, 0x000000008ac00000, 0x000000008ad00000|  0%| F|  |TAMS 0x000000008ac00000, 0x000000008ac00000| Untracked 
| 173|0x000000008ad00000, 0x000000008ad00000, 0x000000008ae00000|  0%| F|  |TAMS 0x000000008ad00000, 0x000000008ad00000| Untracked 
| 174|0x000000008ae00000, 0x000000008ae00000, 0x000000008af00000|  0%| F|  |TAMS 0x000000008ae00000, 0x000000008ae00000| Untracked 
| 175|0x000000008af00000, 0x000000008af00000, 0x000000008b000000|  0%| F|  |TAMS 0x000000008af00000, 0x000000008af00000| Untracked 
| 176|0x000000008b000000, 0x000000008b000000, 0x000000008b100000|  0%| F|  |TAMS 0x000000008b000000, 0x000000008b000000| Untracked 
| 177|0x000000008b100000, 0x000000008b100000, 0x000000008b200000|  0%| F|  |TAMS 0x000000008b100000, 0x000000008b100000| Untracked 
| 178|0x000000008b200000, 0x000000008b200000, 0x000000008b300000|  0%| F|  |TAMS 0x000000008b200000, 0x000000008b200000| Untracked 
| 179|0x000000008b300000, 0x000000008b300000, 0x000000008b400000|  0%| F|  |TAMS 0x000000008b300000, 0x000000008b300000| Untracked 
| 180|0x000000008b400000, 0x000000008b400000, 0x000000008b500000|  0%| F|  |TAMS 0x000000008b400000, 0x000000008b400000| Untracked 
| 181|0x000000008b500000, 0x000000008b500000, 0x000000008b600000|  0%| F|  |TAMS 0x000000008b500000, 0x000000008b500000| Untracked 
| 182|0x000000008b600000, 0x000000008b600000, 0x000000008b700000|  0%| F|  |TAMS 0x000000008b600000, 0x000000008b600000| Untracked 
| 183|0x000000008b700000, 0x000000008b700000, 0x000000008b800000|  0%| F|  |TAMS 0x000000008b700000, 0x000000008b700000| Untracked 
| 184|0x000000008b800000, 0x000000008b800000, 0x000000008b900000|  0%| F|  |TAMS 0x000000008b800000, 0x000000008b800000| Untracked 
| 185|0x000000008b900000, 0x000000008b98da78, 0x000000008ba00000| 55%| S|CS|TAMS 0x000000008b900000, 0x000000008b900000| Complete 
| 186|0x000000008ba00000, 0x000000008ba00000, 0x000000008bb00000|  0%| F|  |TAMS 0x000000008ba00000, 0x000000008ba00000| Untracked 
| 187|0x000000008bb00000, 0x000000008bb00000, 0x000000008bc00000|  0%| F|  |TAMS 0x000000008bb00000, 0x000000008bb00000| Untracked 
| 188|0x000000008bc00000, 0x000000008bc00000, 0x000000008bd00000|  0%| F|  |TAMS 0x000000008bc00000, 0x000000008bc00000| Untracked 
| 189|0x000000008bd00000, 0x000000008bd00000, 0x000000008be00000|  0%| F|  |TAMS 0x000000008bd00000, 0x000000008bd00000| Untracked 
| 190|0x000000008be00000, 0x000000008bf00000, 0x000000008bf00000|100%| S|CS|TAMS 0x000000008be00000, 0x000000008be00000| Complete 
| 191|0x000000008bf00000, 0x000000008c000000, 0x000000008c000000|100%| S|CS|TAMS 0x000000008bf00000, 0x000000008bf00000| Complete 
| 192|0x000000008c000000, 0x000000008c100000, 0x000000008c100000|100%| S|CS|TAMS 0x000000008c000000, 0x000000008c000000| Complete 
| 193|0x000000008c100000, 0x000000008c100000, 0x000000008c200000|  0%| F|  |TAMS 0x000000008c100000, 0x000000008c100000| Untracked 
| 194|0x000000008c200000, 0x000000008c200000, 0x000000008c300000|  0%| F|  |TAMS 0x000000008c200000, 0x000000008c200000| Untracked 
| 195|0x000000008c300000, 0x000000008c300000, 0x000000008c400000|  0%| F|  |TAMS 0x000000008c300000, 0x000000008c300000| Untracked 
| 196|0x000000008c400000, 0x000000008c400000, 0x000000008c500000|  0%| F|  |TAMS 0x000000008c400000, 0x000000008c400000| Untracked 
| 197|0x000000008c500000, 0x000000008c500000, 0x000000008c600000|  0%| F|  |TAMS 0x000000008c500000, 0x000000008c500000| Untracked 
| 198|0x000000008c600000, 0x000000008c600000, 0x000000008c700000|  0%| F|  |TAMS 0x000000008c600000, 0x000000008c600000| Untracked 
| 199|0x000000008c700000, 0x000000008c700000, 0x000000008c800000|  0%| F|  |TAMS 0x000000008c700000, 0x000000008c700000| Untracked 
| 200|0x000000008c800000, 0x000000008c800000, 0x000000008c900000|  0%| F|  |TAMS 0x000000008c800000, 0x000000008c800000| Untracked 
| 201|0x000000008c900000, 0x000000008c900000, 0x000000008ca00000|  0%| F|  |TAMS 0x000000008c900000, 0x000000008c900000| Untracked 
| 202|0x000000008ca00000, 0x000000008ca00000, 0x000000008cb00000|  0%| F|  |TAMS 0x000000008ca00000, 0x000000008ca00000| Untracked 
| 203|0x000000008cb00000, 0x000000008cb00000, 0x000000008cc00000|  0%| F|  |TAMS 0x000000008cb00000, 0x000000008cb00000| Untracked 
| 204|0x000000008cc00000, 0x000000008cc00000, 0x000000008cd00000|  0%| F|  |TAMS 0x000000008cc00000, 0x000000008cc00000| Untracked 
| 205|0x000000008cd00000, 0x000000008cd00000, 0x000000008ce00000|  0%| F|  |TAMS 0x000000008cd00000, 0x000000008cd00000| Untracked 
| 206|0x000000008ce00000, 0x000000008ce00000, 0x000000008cf00000|  0%| F|  |TAMS 0x000000008ce00000, 0x000000008ce00000| Untracked 
| 207|0x000000008cf00000, 0x000000008cf00000, 0x000000008d000000|  0%| F|  |TAMS 0x000000008cf00000, 0x000000008cf00000| Untracked 
| 208|0x000000008d000000, 0x000000008d000000, 0x000000008d100000|  0%| F|  |TAMS 0x000000008d000000, 0x000000008d000000| Untracked 
| 209|0x000000008d100000, 0x000000008d100000, 0x000000008d200000|  0%| F|  |TAMS 0x000000008d100000, 0x000000008d100000| Untracked 
| 210|0x000000008d200000, 0x000000008d200000, 0x000000008d300000|  0%| F|  |TAMS 0x000000008d200000, 0x000000008d200000| Untracked 
| 211|0x000000008d300000, 0x000000008d300000, 0x000000008d400000|  0%| F|  |TAMS 0x000000008d300000, 0x000000008d300000| Untracked 
| 212|0x000000008d400000, 0x000000008d400000, 0x000000008d500000|  0%| F|  |TAMS 0x000000008d400000, 0x000000008d400000| Untracked 
| 213|0x000000008d500000, 0x000000008d500000, 0x000000008d600000|  0%| F|  |TAMS 0x000000008d500000, 0x000000008d500000| Untracked 
| 214|0x000000008d600000, 0x000000008d600000, 0x000000008d700000|  0%| F|  |TAMS 0x000000008d600000, 0x000000008d600000| Untracked 
| 215|0x000000008d700000, 0x000000008d700000, 0x000000008d800000|  0%| F|  |TAMS 0x000000008d700000, 0x000000008d700000| Untracked 
| 216|0x000000008d800000, 0x000000008d800000, 0x000000008d900000|  0%| F|  |TAMS 0x000000008d800000, 0x000000008d800000| Untracked 
| 217|0x000000008d900000, 0x000000008d900000, 0x000000008da00000|  0%| F|  |TAMS 0x000000008d900000, 0x000000008d900000| Untracked 
| 218|0x000000008da00000, 0x000000008da00000, 0x000000008db00000|  0%| F|  |TAMS 0x000000008da00000, 0x000000008da00000| Untracked 
| 219|0x000000008db00000, 0x000000008db00000, 0x000000008dc00000|  0%| F|  |TAMS 0x000000008db00000, 0x000000008db00000| Untracked 
| 220|0x000000008dc00000, 0x000000008dc00000, 0x000000008dd00000|  0%| F|  |TAMS 0x000000008dc00000, 0x000000008dc00000| Untracked 
| 221|0x000000008dd00000, 0x000000008dd00000, 0x000000008de00000|  0%| F|  |TAMS 0x000000008dd00000, 0x000000008dd00000| Untracked 
| 222|0x000000008de00000, 0x000000008de00000, 0x000000008df00000|  0%| F|  |TAMS 0x000000008de00000, 0x000000008de00000| Untracked 
| 223|0x000000008df00000, 0x000000008df00000, 0x000000008e000000|  0%| F|  |TAMS 0x000000008df00000, 0x000000008df00000| Untracked 
| 224|0x000000008e000000, 0x000000008e000000, 0x000000008e100000|  0%| F|  |TAMS 0x000000008e000000, 0x000000008e000000| Untracked 
| 225|0x000000008e100000, 0x000000008e100000, 0x000000008e200000|  0%| F|  |TAMS 0x000000008e100000, 0x000000008e100000| Untracked 
| 226|0x000000008e200000, 0x000000008e200000, 0x000000008e300000|  0%| F|  |TAMS 0x000000008e200000, 0x000000008e200000| Untracked 
| 227|0x000000008e300000, 0x000000008e300000, 0x000000008e400000|  0%| F|  |TAMS 0x000000008e300000, 0x000000008e300000| Untracked 
| 228|0x000000008e400000, 0x000000008e400000, 0x000000008e500000|  0%| F|  |TAMS 0x000000008e400000, 0x000000008e400000| Untracked 
| 229|0x000000008e500000, 0x000000008e500000, 0x000000008e600000|  0%| F|  |TAMS 0x000000008e500000, 0x000000008e500000| Untracked 
| 230|0x000000008e600000, 0x000000008e600000, 0x000000008e700000|  0%| F|  |TAMS 0x000000008e600000, 0x000000008e600000| Untracked 
| 231|0x000000008e700000, 0x000000008e700000, 0x000000008e800000|  0%| F|  |TAMS 0x000000008e700000, 0x000000008e700000| Untracked 
| 232|0x000000008e800000, 0x000000008e800000, 0x000000008e900000|  0%| F|  |TAMS 0x000000008e800000, 0x000000008e800000| Untracked 
| 233|0x000000008e900000, 0x000000008e900000, 0x000000008ea00000|  0%| F|  |TAMS 0x000000008e900000, 0x000000008e900000| Untracked 
| 234|0x000000008ea00000, 0x000000008ea00000, 0x000000008eb00000|  0%| F|  |TAMS 0x000000008ea00000, 0x000000008ea00000| Untracked 
| 235|0x000000008eb00000, 0x000000008eb08288, 0x000000008ec00000|  3%| E|  |TAMS 0x000000008eb00000, 0x000000008eb00000| Complete 
| 236|0x000000008ec00000, 0x000000008ed00000, 0x000000008ed00000|100%| E|CS|TAMS 0x000000008ec00000, 0x000000008ec00000| Complete 
| 237|0x000000008ed00000, 0x000000008ee00000, 0x000000008ee00000|100%| E|CS|TAMS 0x000000008ed00000, 0x000000008ed00000| Complete 
| 238|0x000000008ee00000, 0x000000008ef00000, 0x000000008ef00000|100%| E|CS|TAMS 0x000000008ee00000, 0x000000008ee00000| Complete 
| 239|0x000000008ef00000, 0x000000008f000000, 0x000000008f000000|100%| E|CS|TAMS 0x000000008ef00000, 0x000000008ef00000| Complete 
| 240|0x000000008f000000, 0x000000008f100000, 0x000000008f100000|100%| E|CS|TAMS 0x000000008f000000, 0x000000008f000000| Complete 
| 241|0x000000008f100000, 0x000000008f200000, 0x000000008f200000|100%| E|CS|TAMS 0x000000008f100000, 0x000000008f100000| Complete 
| 242|0x000000008f200000, 0x000000008f300000, 0x000000008f300000|100%| E|CS|TAMS 0x000000008f200000, 0x000000008f200000| Complete 
| 243|0x000000008f300000, 0x000000008f400000, 0x000000008f400000|100%| E|CS|TAMS 0x000000008f300000, 0x000000008f300000| Complete 
| 244|0x000000008f400000, 0x000000008f500000, 0x000000008f500000|100%| E|CS|TAMS 0x000000008f400000, 0x000000008f400000| Complete 
| 245|0x000000008f500000, 0x000000008f600000, 0x000000008f600000|100%| E|CS|TAMS 0x000000008f500000, 0x000000008f500000| Complete 
| 246|0x000000008f600000, 0x000000008f700000, 0x000000008f700000|100%| E|CS|TAMS 0x000000008f600000, 0x000000008f600000| Complete 
| 247|0x000000008f700000, 0x000000008f800000, 0x000000008f800000|100%| E|CS|TAMS 0x000000008f700000, 0x000000008f700000| Complete 
| 248|0x000000008f800000, 0x000000008f900000, 0x000000008f900000|100%| E|CS|TAMS 0x000000008f800000, 0x000000008f800000| Complete 
| 249|0x000000008f900000, 0x000000008fa00000, 0x000000008fa00000|100%| E|CS|TAMS 0x000000008f900000, 0x000000008f900000| Complete 
| 250|0x000000008fa00000, 0x000000008fb00000, 0x000000008fb00000|100%| E|CS|TAMS 0x000000008fa00000, 0x000000008fa00000| Complete 
| 251|0x000000008fb00000, 0x000000008fc00000, 0x000000008fc00000|100%| E|CS|TAMS 0x000000008fb00000, 0x000000008fb00000| Complete 
| 252|0x000000008fc00000, 0x000000008fd00000, 0x000000008fd00000|100%| E|CS|TAMS 0x000000008fc00000, 0x000000008fc00000| Complete 
| 253|0x000000008fd00000, 0x000000008fe00000, 0x000000008fe00000|100%| E|CS|TAMS 0x000000008fd00000, 0x000000008fd00000| Complete 

Card table byte_map: [0x000001e9275d0000,0x000001e9279d0000] _byte_map_base: 0x000001e9271d0000

Marking Bits (Prev, Next): (CMBitMap*) 0x000001e914438070, (CMBitMap*) 0x000001e914438038
 Prev Bits: [0x000001e929dd0000, 0x000001e92bdd0000)
 Next Bits: [0x000001e927dd0000, 0x000001e929dd0000)

Polling page: 0x000001e913360000

Metaspace:

Usage:
  Non-class:     85.90 MB capacity,    84.36 MB ( 98%) used,     1.29 MB (  1%) free+waste,   261.94 KB ( <1%) overhead. 
      Class:     13.39 MB capacity,    12.57 MB ( 94%) used,   724.93 KB (  5%) free+waste,   120.25 KB ( <1%) overhead. 
       Both:     99.30 MB capacity,    96.93 MB ( 98%) used,     1.99 MB (  2%) free+waste,   382.19 KB ( <1%) overhead. 

Virtual space:
  Non-class space:       88.00 MB reserved,      86.04 MB ( 98%) committed 
      Class space:        1.00 GB reserved,      13.50 MB (  1%) committed 
             Both:        1.09 GB reserved,      99.54 MB (  9%) committed 

Chunk freelists:
   Non-Class:  6.00 KB
       Class:  13.00 KB
        Both:  19.00 KB

MaxMetaspaceSize: 17179869184.00 GB
CompressedClassSpaceSize: 1.00 GB
Initial GC threshold: 20.80 MB
Current GC threshold: 165.89 MB
CDS: off

CodeHeap 'non-profiled nmethods': size=120000Kb used=7285Kb max_used=7285Kb free=112715Kb
 bounds [0x000001e91f970000, 0x000001e920090000, 0x000001e926ea0000]
CodeHeap 'profiled nmethods': size=120000Kb used=22632Kb max_used=22632Kb free=97367Kb
 bounds [0x000001e918440000, 0x000001e919a60000, 0x000001e91f970000]
CodeHeap 'non-nmethods': size=5760Kb used=2385Kb max_used=2476Kb free=3374Kb
 bounds [0x000001e917ea0000, 0x000001e918110000, 0x000001e918440000]
 total_blobs=10871 nmethods=9961 adapters=821
 compilation: enabled
              stopped_count=0, restarted_count=0
 full_count=0

Compilation events (20 events):
Event: 27.956 Thread 0x000001e92f166000 10028       2       java.util.Spliterators$EmptySpliterator$OfRef::forEachRemaining (6 bytes)
Event: 27.956 Thread 0x000001e92f166000 nmethod 10028 0x000001e919a4f310 code [0x000001e919a4f4c0, 0x000001e919a4f668]
Event: 28.010 Thread 0x000001e93a373800 nmethod 9963% 0x000001e920045290 code [0x000001e920045740, 0x000001e92004ed40]
Event: 28.010 Thread 0x000001e93a373800 10023       4       org.objectweb.asm.tree.Util::asArrayList (57 bytes)
Event: 28.034 Thread 0x000001e93a373800 nmethod 10023 0x000001e920054010 code [0x000001e9200541e0, 0x000001e920054b98]
Event: 28.034 Thread 0x000001e93a373800 10030       4       org.objectweb.asm.ClassReader::readCode (5109 bytes)
Event: 28.040 Thread 0x000001e92f166000 10032 %     3       org.objectweb.asm.tree.MethodNode::accept @ 728 (874 bytes)
Event: 28.043 Thread 0x000001e92f166000 nmethod 10032% 0x000001e919a4f790 code [0x000001e919a4ff00, 0x000001e919a54f68]
Event: 28.075 Thread 0x000001e92f166000 10033       2       com.android.builder.testing.MockableJarGenerator::skipEntry (56 bytes)
Event: 28.075 Thread 0x000001e92f166000 nmethod 10033 0x000001e919a56690 code [0x000001e919a56880, 0x000001e919a56ad8]
Event: 28.093 Thread 0x000001e92f166000 10035       2       java.util.Vector::elementData (7 bytes)
Event: 28.093 Thread 0x000001e92f166000 nmethod 10035 0x000001e919a56c90 code [0x000001e919a56e40, 0x000001e919a56f58]
Event: 28.093 Thread 0x000001e92f166000 10036       2       java.util.Vector$Itr::hasNext (20 bytes)
Event: 28.093 Thread 0x000001e92f166000 nmethod 10036 0x000001e919a57010 code [0x000001e919a571c0, 0x000001e919a572d8]
Event: 28.093 Thread 0x000001e92f166000 10037   !   2       java.util.Vector$Itr::next (63 bytes)
Event: 28.094 Thread 0x000001e92f166000 nmethod 10037 0x000001e919a57390 code [0x000001e919a57580, 0x000001e919a579f8]
Event: 28.094 Thread 0x000001e92f166000 10038       2       java.util.zip.ZipOutputStream::writeCEN (749 bytes)
Event: 28.097 Thread 0x000001e92f166000 nmethod 10038 0x000001e919a57d90 code [0x000001e919a581c0, 0x000001e919a590e8]
Event: 28.097 Thread 0x000001e92f166000 10039       2       java.util.zip.ZipOutputStream::versionMadeBy (21 bytes)
Event: 28.097 Thread 0x000001e92f166000 nmethod 10039 0x000001e919a59e10 code [0x000001e919a59fc0, 0x000001e919a5a0d8]

GC Heap History (20 events):
Event: 22.031 GC heap before
{Heap before GC invocations=15 (full 0):
 garbage-first heap   total 260096K, used 207602K [0x0000000080000000, 0x0000000100000000)
  region size 1024K, 93 young (95232K), 7 survivors (7168K)
 Metaspace       used 80804K, capacity 82709K, committed 82980K, reserved 1122304K
  class space    used 10473K, capacity 11175K, committed 11264K, reserved 1048576K
}
Event: 22.040 GC heap after
{Heap after GC invocations=16 (full 0):
 garbage-first heap   total 260096K, used 128509K [0x0000000080000000, 0x0000000100000000)
  region size 1024K, 12 young (12288K), 12 survivors (12288K)
 Metaspace       used 80804K, capacity 82709K, committed 82980K, reserved 1122304K
  class space    used 10473K, capacity 11175K, committed 11264K, reserved 1048576K
}
Event: 22.997 GC heap before
{Heap before GC invocations=17 (full 0):
 garbage-first heap   total 260096K, used 217597K [0x0000000080000000, 0x0000000100000000)
  region size 1024K, 90 young (92160K), 12 survivors (12288K)
 Metaspace       used 83867K, capacity 86055K, committed 86308K, reserved 1124352K
  class space    used 10873K, capacity 11656K, committed 11776K, reserved 1048576K
}
Event: 23.012 GC heap after
{Heap after GC invocations=18 (full 0):
 garbage-first heap   total 260096K, used 144886K [0x0000000080000000, 0x0000000100000000)
  region size 1024K, 7 young (7168K), 7 survivors (7168K)
 Metaspace       used 83867K, capacity 86055K, committed 86308K, reserved 1124352K
  class space    used 10873K, capacity 11656K, committed 11776K, reserved 1048576K
}
Event: 23.770 GC heap before
{Heap before GC invocations=18 (full 0):
 garbage-first heap   total 260096K, used 213494K [0x0000000080000000, 0x0000000100000000)
  region size 1024K, 74 young (75776K), 7 survivors (7168K)
 Metaspace       used 87400K, capacity 89628K, committed 89892K, reserved 1126400K
  class space    used 11391K, capacity 12189K, committed 12288K, reserved 1048576K
}
Event: 23.779 GC heap after
{Heap after GC invocations=19 (full 0):
 garbage-first heap   total 260096K, used 147255K [0x0000000080000000, 0x0000000100000000)
  region size 1024K, 9 young (9216K), 9 survivors (9216K)
 Metaspace       used 87400K, capacity 89628K, committed 89892K, reserved 1126400K
  class space    used 11391K, capacity 12189K, committed 12288K, reserved 1048576K
}
Event: 24.595 GC heap before
{Heap before GC invocations=20 (full 0):
 garbage-first heap   total 260096K, used 215863K [0x0000000080000000, 0x0000000100000000)
  region size 1024K, 76 young (77824K), 9 survivors (9216K)
 Metaspace       used 91000K, capacity 93273K, committed 93348K, reserved 1130496K
  class space    used 11870K, capacity 12651K, committed 12672K, reserved 1048576K
}
Event: 24.604 GC heap after
{Heap after GC invocations=21 (full 0):
 garbage-first heap   total 260096K, used 151555K [0x0000000080000000, 0x0000000100000000)
  region size 1024K, 8 young (8192K), 8 survivors (8192K)
 Metaspace       used 91000K, capacity 93273K, committed 93348K, reserved 1130496K
  class space    used 11870K, capacity 12651K, committed 12672K, reserved 1048576K
}
Event: 24.751 GC heap before
{Heap before GC invocations=21 (full 0):
 garbage-first heap   total 260096K, used 177155K [0x0000000080000000, 0x0000000100000000)
  region size 1024K, 34 young (34816K), 8 survivors (8192K)
 Metaspace       used 92148K, capacity 94425K, committed 94500K, reserved 1130496K
  class space    used 11999K, capacity 12779K, committed 12800K, reserved 1048576K
}
Event: 24.758 GC heap after
{Heap after GC invocations=22 (full 0):
 garbage-first heap   total 260096K, used 152526K [0x0000000080000000, 0x0000000100000000)
  region size 1024K, 6 young (6144K), 6 survivors (6144K)
 Metaspace       used 92148K, capacity 94425K, committed 94500K, reserved 1130496K
  class space    used 11999K, capacity 12779K, committed 12800K, reserved 1048576K
}
Event: 26.355 GC heap before
{Heap before GC invocations=23 (full 0):
 garbage-first heap   total 260096K, used 199630K [0x0000000080000000, 0x0000000100000000)
  region size 1024K, 52 young (53248K), 6 survivors (6144K)
 Metaspace       used 98723K, capacity 101151K, committed 101412K, reserved 1136640K
  class space    used 12834K, capacity 13709K, committed 13824K, reserved 1048576K
}
Event: 26.382 GC heap after
{Heap after GC invocations=24 (full 0):
 garbage-first heap   total 260096K, used 154831K [0x0000000080000000, 0x0000000100000000)
  region size 1024K, 4 young (4096K), 4 survivors (4096K)
 Metaspace       used 98723K, capacity 101151K, committed 101412K, reserved 1136640K
  class space    used 12834K, capacity 13709K, committed 13824K, reserved 1048576K
}
Event: 27.012 GC heap before
{Heap before GC invocations=25 (full 0):
 garbage-first heap   total 260096K, used 217295K [0x0000000080000000, 0x0000000100000000)
  region size 1024K, 64 young (65536K), 4 survivors (4096K)
 Metaspace       used 99171K, capacity 101599K, committed 101924K, reserved 1138688K
  class space    used 12855K, capacity 13709K, committed 13824K, reserved 1048576K
}
Event: 27.018 GC heap after
{Heap after GC invocations=26 (full 0):
 garbage-first heap   total 260096K, used 159791K [0x0000000080000000, 0x0000000100000000)
  region size 1024K, 7 young (7168K), 7 survivors (7168K)
 Metaspace       used 99171K, capacity 101599K, committed 101924K, reserved 1138688K
  class space    used 12855K, capacity 13709K, committed 13824K, reserved 1048576K
}
Event: 27.378 GC heap before
{Heap before GC invocations=26 (full 0):
 garbage-first heap   total 260096K, used 218159K [0x0000000080000000, 0x0000000100000000)
  region size 1024K, 65 young (66560K), 7 survivors (7168K)
 Metaspace       used 99174K, capacity 101599K, committed 101924K, reserved 1138688K
  class space    used 12855K, capacity 13709K, committed 13824K, reserved 1048576K
}
Event: 27.383 GC heap after
{Heap after GC invocations=27 (full 0):
 garbage-first heap   total 260096K, used 160132K [0x0000000080000000, 0x0000000100000000)
  region size 1024K, 4 young (4096K), 4 survivors (4096K)
 Metaspace       used 99174K, capacity 101599K, committed 101924K, reserved 1138688K
  class space    used 12855K, capacity 13709K, committed 13824K, reserved 1048576K
}
Event: 27.735 GC heap before
{Heap before GC invocations=28 (full 0):
 garbage-first heap   total 260096K, used 221572K [0x0000000080000000, 0x0000000100000000)
  region size 1024K, 64 young (65536K), 4 survivors (4096K)
 Metaspace       used 99177K, capacity 101599K, committed 101924K, reserved 1138688K
  class space    used 12855K, capacity 13709K, committed 13824K, reserved 1048576K
}
Event: 27.737 GC heap after
{Heap after GC invocations=29 (full 0):
 garbage-first heap   total 260096K, used 160260K [0x0000000080000000, 0x0000000100000000)
  region size 1024K, 4 young (4096K), 4 survivors (4096K)
 Metaspace       used 99177K, capacity 101599K, committed 101924K, reserved 1138688K
  class space    used 12855K, capacity 13709K, committed 13824K, reserved 1048576K
}
Event: 28.055 GC heap before
{Heap before GC invocations=29 (full 0):
 garbage-first heap   total 260096K, used 222724K [0x0000000080000000, 0x0000000100000000)
  region size 1024K, 65 young (66560K), 4 survivors (4096K)
 Metaspace       used 99198K, capacity 101663K, committed 101924K, reserved 1138688K
  class space    used 12856K, capacity 13709K, committed 13824K, reserved 1048576K
}
Event: 28.058 GC heap after
{Heap after GC invocations=30 (full 0):
 garbage-first heap   total 260096K, used 160195K [0x0000000080000000, 0x0000000100000000)
  region size 1024K, 4 young (4096K), 4 survivors (4096K)
 Metaspace       used 99198K, capacity 101663K, committed 101924K, reserved 1138688K
  class space    used 12856K, capacity 13709K, committed 13824K, reserved 1048576K
}

Deoptimization events (20 events):
Event: 27.472 Thread 0x000001e9312b1800 Uncommon trap: trap_request=0xffffff4d fr.pc=0x000001e91fff89ac relative=0x000000000000278c
Event: 27.472 Thread 0x000001e9312b1800 Uncommon trap: reason=unstable_if action=reinterpret pc=0x000001e91fff89ac method=org.objectweb.asm.Frame.execute(IILorg/objectweb/asm/Symbol;Lorg/objectweb/asm/SymbolTable;)V @ 1 c2
Event: 27.472 Thread 0x000001e9312b1800 DEOPT PACKING pc=0x000001e91fff89ac sp=0x0000005dae4fabf0
Event: 27.472 Thread 0x000001e9312b1800 DEOPT UNPACKING pc=0x000001e917eea1af sp=0x0000005dae4fab98 mode 2
Event: 27.508 Thread 0x000001e9312b1800 DEOPT PACKING pc=0x000001e919a21c0b sp=0x0000005dae4fa7e0
Event: 27.508 Thread 0x000001e9312b1800 DEOPT UNPACKING pc=0x000001e917eea95e sp=0x0000005dae4f9e50 mode 0
Event: 27.591 Thread 0x000001e9312b1800 Uncommon trap: trap_request=0xffffff4d fr.pc=0x000001e92001f030 relative=0x0000000000000510
Event: 27.592 Thread 0x000001e9312b1800 Uncommon trap: reason=unstable_if action=reinterpret pc=0x000001e92001f030 method=org.objectweb.asm.ClassReader.readConst(I[C)Ljava/lang/Object; @ 15 c2
Event: 27.592 Thread 0x000001e9312b1800 DEOPT PACKING pc=0x000001e92001f030 sp=0x0000005dae4fab50
Event: 27.592 Thread 0x000001e9312b1800 DEOPT UNPACKING pc=0x000001e917eea1af sp=0x0000005dae4faad8 mode 2
Event: 27.727 Thread 0x000001e9312b1800 DEOPT PACKING pc=0x000001e919a21c0b sp=0x0000005dae4fa7e0
Event: 27.727 Thread 0x000001e9312b1800 DEOPT UNPACKING pc=0x000001e917eea95e sp=0x0000005dae4f9e50 mode 0
Event: 27.847 Thread 0x000001e9312b1800 Uncommon trap: trap_request=0xffffff4d fr.pc=0x000001e920024448 relative=0x0000000000003988
Event: 27.847 Thread 0x000001e9312b1800 Uncommon trap: reason=unstable_if action=reinterpret pc=0x000001e920024448 method=org.objectweb.asm.tree.MethodNode.accept(Lorg/objectweb/asm/MethodVisitor;)V @ 51 c2
Event: 27.847 Thread 0x000001e9312b1800 DEOPT PACKING pc=0x000001e920024448 sp=0x0000005dae4fad40
Event: 27.847 Thread 0x000001e9312b1800 DEOPT UNPACKING pc=0x000001e917eea1af sp=0x0000005dae4fad70 mode 2
Event: 27.848 Thread 0x000001e9312b1800 Uncommon trap: trap_request=0xffffff4d fr.pc=0x000001e9200307ec relative=0x000000000000556c
Event: 27.848 Thread 0x000001e9312b1800 Uncommon trap: reason=unstable_if action=reinterpret pc=0x000001e9200307ec method=org.objectweb.asm.MethodWriter.putMethodInfo(Lorg/objectweb/asm/ByteVector;)V @ 220 c2
Event: 27.848 Thread 0x000001e9312b1800 DEOPT PACKING pc=0x000001e9200307ec sp=0x0000005dae4fad20
Event: 27.848 Thread 0x000001e9312b1800 DEOPT UNPACKING pc=0x000001e917eea1af sp=0x0000005dae4fad08 mode 2

Classes redefined (0 events):
No events

Internal exceptions (20 events):
Event: 24.378 Thread 0x000001e930038000 Exception <a 'java/lang/ClassNotFoundException'{0x000000008d4e0300}: java/util/AbstractMapBeanInfo> (0x000000008d4e0300) thrown at [./src/hotspot/share/classfile/systemDictionary.cpp, line 231]
Event: 24.379 Thread 0x000001e930038000 Exception <a 'java/lang/ClassNotFoundException'{0x000000008d4e95d0}: java/util/AbstractMapCustomizer> (0x000000008d4e95d0) thrown at [./src/hotspot/share/classfile/systemDictionary.cpp, line 231]
Event: 24.379 Thread 0x000001e930038000 Exception <a 'java/lang/ClassNotFoundException'{0x000000008d4fc290}: java/util/HashMapCustomizer> (0x000000008d4fc290) thrown at [./src/hotspot/share/classfile/systemDictionary.cpp, line 231]
Event: 24.380 Thread 0x000001e930038000 Exception <a 'java/lang/ClassNotFoundException'{0x000000008d31d3c0}: java/util/LinkedHashMapCustomizer> (0x000000008d31d3c0) thrown at [./src/hotspot/share/classfile/systemDictionary.cpp, line 231]
Event: 24.934 Thread 0x000001e930038000 Exception <a 'sun/nio/fs/WindowsException'{0x000000008f884bc8}> (0x000000008f884bc8) thrown at [./src/hotspot/share/prims/jni.cpp, line 616]
Event: 25.085 Thread 0x000001e930038000 Exception <a 'java/lang/NullPointerException'{0x000000008ee0ab98}> (0x000000008ee0ab98) thrown at [./src/hotspot/share/interpreter/linkResolver.cpp, line 1440]
Event: 25.178 Thread 0x000001e930038000 Implicit null exception at 0x000001e91fd84b08 to 0x000001e91fd8665c
Event: 25.225 Thread 0x000001e930038000 Implicit null exception at 0x000001e91fe36f2c to 0x000001e91fe38878
Event: 25.379 Thread 0x000001e930038000 Exception <a 'java/lang/NoSuchMethodError'{0x000000008d999a98}: 'int java.lang.invoke.DirectMethodHandle$Holder.invokeStatic(java.lang.Object, java.lang.Object, int, java.lang.Object)'> (0x000000008d999a98) thrown at [./src/hotspot/share/interpreter/linkResolver.cpp, line 773]
Event: 25.460 Thread 0x000001e930038000 Exception <a 'sun/nio/fs/WindowsException'{0x000000008d8b8a20}> (0x000000008d8b8a20) thrown at [./src/hotspot/share/prims/jni.cpp, line 616]
Event: 25.461 Thread 0x000001e930038000 Exception <a 'sun/nio/fs/WindowsException'{0x000000008d8b9dd8}> (0x000000008d8b9dd8) thrown at [./src/hotspot/share/prims/jni.cpp, line 616]
Event: 25.461 Thread 0x000001e930038000 Exception <a 'sun/nio/fs/WindowsException'{0x000000008d8bb1e0}> (0x000000008d8bb1e0) thrown at [./src/hotspot/share/prims/jni.cpp, line 616]
Event: 25.461 Thread 0x000001e930038000 Exception <a 'sun/nio/fs/WindowsException'{0x000000008d8bc5e8}> (0x000000008d8bc5e8) thrown at [./src/hotspot/share/prims/jni.cpp, line 616]
Event: 25.553 Thread 0x000001e930038000 Exception <a 'java/lang/NoSuchMethodError'{0x000000008d474268}: 'int java.lang.invoke.DirectMethodHandle$Holder.invokeSpecialIFC(java.lang.Object, java.lang.Object, java.lang.Object)'> (0x000000008d474268) thrown at [./src/hotspot/share/interpreter/linkResolver.cpp, line 773]
Event: 25.567 Thread 0x000001e930038000 Exception <a 'java/lang/NoSuchMethodError'{0x000000008d4fba20}: 'java.lang.Object java.lang.invoke.Invokers$Holder.linkToTargetMethod(java.lang.Object, java.lang.Object, java.lang.Object, int, java.lang.Object, java.lang.Object)'> (0x000000008d4fba20) thrown at [./src/hotspot/share/interpreter/linkResolver.cpp, line 773]
Event: 25.628 Thread 0x000001e930038000 Exception <a 'java/lang/NoSuchMethodError'{0x000000008d00aaa8}: 'void java.lang.invoke.DirectMethodHandle$Holder.invokeStatic(java.lang.Object, java.lang.Object, java.lang.Object, java.lang.Object, int, java.lang.Object, java.lang.Object)'> (0x000000008d00aaa8) thrown at [./src/hotspot/share/interpreter/linkResolver.cpp, line 773]
Event: 25.649 Thread 0x000001e930038000 Exception <a 'java/lang/IncompatibleClassChangeError'{0x000000008cfd0688}: Found class java.lang.Object, but interface was expected> (0x000000008cfd0688) thrown at [./src/hotspot/share/interpreter/linkResolver.cpp, line 839]
Event: 25.662 Thread 0x000001e9312b1800 Implicit null exception at 0x000001e91ff41918 to 0x000001e91ff4216c
Event: 26.255 Thread 0x000001e9312b1800 Exception <a 'java/lang/IncompatibleClassChangeError'{0x000000008cd74b30}: Found class java.lang.Object, but interface was expected> (0x000000008cd74b30) thrown at [./src/hotspot/share/interpreter/linkResolver.cpp, line 839]
Event: 26.307 Thread 0x000001e9312b1800 Exception <a 'java/lang/NoSuchMethodError'{0x000000008ccf86e0}: 'void java.lang.invoke.DirectMethodHandle$Holder.invokeVirtual(java.lang.Object, java.lang.Object)'> (0x000000008ccf86e0) thrown at [./src/hotspot/share/interpreter/linkResolver.cpp, line 773]

Events (20 events):
Event: 26.742 Executing VM operation: CGC_Operation done
Event: 26.849 Loaded shared library C:\Program Files\Android\Android Studio\jre\bin\zip.dll
Event: 27.012 Executing VM operation: G1CollectForAllocation
Event: 27.018 Executing VM operation: G1CollectForAllocation done
Event: 27.378 Executing VM operation: G1CollectForAllocation
Event: 27.383 Executing VM operation: G1CollectForAllocation done
Event: 27.557 Executing VM operation: CGC_Operation
Event: 27.568 Executing VM operation: CGC_Operation done
Event: 27.640 Executing VM operation: CGC_Operation
Event: 27.640 Executing VM operation: CGC_Operation done
Event: 27.734 Executing VM operation: G1CollectForAllocation
Event: 27.737 Executing VM operation: G1CollectForAllocation done
Event: 27.845 loading class org/objectweb/asm/tree/MethodNode$1
Event: 27.845 loading class org/objectweb/asm/tree/MethodNode$1 done
Event: 27.846 Executing VM operation: Deoptimize
Event: 27.847 Executing VM operation: Deoptimize done
Event: 28.055 Executing VM operation: G1CollectForAllocation
Event: 28.058 Executing VM operation: G1CollectForAllocation done
Event: 28.092 loading class java/util/Vector$Itr
Event: 28.092 loading class java/util/Vector$Itr done


Dynamic libraries:
0x00007ff79e0d0000 - 0x00007ff79e0da000 	C:\Program Files\Android\Android Studio\jre\bin\java.exe
0x00007ffc93d30000 - 0x00007ffc93f28000 	C:\Windows\SYSTEM32\ntdll.dll
0x00007ffc920f0000 - 0x00007ffc921af000 	C:\Windows\System32\KERNEL32.DLL
0x00007ffc91a90000 - 0x00007ffc91d86000 	C:\Windows\System32\KERNELBASE.dll
0x00007ffc916c0000 - 0x00007ffc917c0000 	C:\Windows\System32\ucrtbase.dll
0x00007ffc78750000 - 0x00007ffc78769000 	C:\Program Files\Android\Android Studio\jre\bin\jli.dll
0x00007ffc78f00000 - 0x00007ffc78f17000 	C:\Program Files\Android\Android Studio\jre\bin\VCRUNTIME140.dll
0x00007ffc926e0000 - 0x00007ffc9287d000 	C:\Windows\System32\USER32.dll
0x00007ffc914a0000 - 0x00007ffc914c2000 	C:\Windows\System32\win32u.dll
0x00007ffc938e0000 - 0x00007ffc9390c000 	C:\Windows\System32\GDI32.dll
0x00007ffc91970000 - 0x00007ffc91a85000 	C:\Windows\System32\gdi32full.dll
0x00007ffc91620000 - 0x00007ffc916bd000 	C:\Windows\System32\msvcp_win.dll
0x00007ffc908e0000 - 0x00007ffc90b7a000 	C:\Windows\WinSxS\amd64_microsoft.windows.common-controls_6595b64144ccf1df_6.0.19041.1110_none_60b5254171f9507e\COMCTL32.dll
0x00007ffc93780000 - 0x00007ffc9381e000 	C:\Windows\System32\msvcrt.dll
0x00007ffc934c0000 - 0x00007ffc934f0000 	C:\Windows\System32\IMM32.DLL
0x00007ffc7abe0000 - 0x00007ffc7ad4b000 	C:\Windows\system32\tmumh\20019\AddOn\8.55.0.1129\TmUmEvt64.dll
0x00007ffc921b0000 - 0x00007ffc921b8000 	C:\Windows\System32\PSAPI.DLL
0x00007ffc939f0000 - 0x00007ffc93a9f000 	C:\Windows\System32\ADVAPI32.dll
0x00007ffc93c50000 - 0x00007ffc93cec000 	C:\Windows\System32\sechost.dll
0x00007ffc92250000 - 0x00007ffc92376000 	C:\Windows\System32\RPCRT4.dll
0x000000005bfb0000 - 0x000000005c123000 	C:\Windows\system32\tmumh\20019\TmMon\2.9.0.1048\tmmon64.dll
0x00007ffc786b0000 - 0x00007ffc7874d000 	C:\Program Files\Android\Android Studio\jre\bin\msvcp140.dll
0x00007ffc78fe0000 - 0x00007ffc79ae2000 	C:\Program Files\Android\Android Studio\jre\bin\server\jvm.dll
0x00007ffc71770000 - 0x00007ffc71779000 	C:\Windows\SYSTEM32\WSOCK32.dll
0x00007ffc93980000 - 0x00007ffc939eb000 	C:\Windows\System32\WS2_32.dll
0x00007ffc6c860000 - 0x00007ffc6c887000 	C:\Windows\SYSTEM32\WINMM.dll
0x00007ffc85a50000 - 0x00007ffc85a5a000 	C:\Windows\SYSTEM32\VERSION.dll
0x00007ffc8e630000 - 0x00007ffc8e642000 	C:\Windows\SYSTEM32\kernel.appcore.dll
0x00007ffc8bdb0000 - 0x00007ffc8bdc1000 	C:\Program Files\Android\Android Studio\jre\bin\verify.dll
0x00007ffc90da0000 - 0x00007ffc90f84000 	C:\Windows\SYSTEM32\DBGHELP.DLL
0x00007ffc90d60000 - 0x00007ffc90d94000 	C:\Windows\SYSTEM32\dbgcore.DLL
0x00007ffc91410000 - 0x00007ffc91492000 	C:\Windows\System32\bcryptPrimitives.dll
0x00007ffc7a410000 - 0x00007ffc7a439000 	C:\Program Files\Android\Android Studio\jre\bin\java.dll
0x00007ffc88d00000 - 0x00007ffc88d0b000 	C:\Program Files\Android\Android Studio\jre\bin\jimage.dll
0x00007ffc7a3f0000 - 0x00007ffc7a408000 	C:\Program Files\Android\Android Studio\jre\bin\zip.dll
0x00007ffc92d70000 - 0x00007ffc934b4000 	C:\Windows\System32\SHELL32.dll
0x00007ffc8e7c0000 - 0x00007ffc8ef54000 	C:\Windows\SYSTEM32\windows.storage.dll
0x00007ffc92380000 - 0x00007ffc926d4000 	C:\Windows\System32\combase.dll
0x00007ffc90750000 - 0x00007ffc9077e000 	C:\Windows\SYSTEM32\Wldp.dll
0x00007ffc934f0000 - 0x00007ffc9359d000 	C:\Windows\System32\SHCORE.dll
0x00007ffc93820000 - 0x00007ffc93875000 	C:\Windows\System32\shlwapi.dll
0x00007ffc91340000 - 0x00007ffc91365000 	C:\Windows\SYSTEM32\profapi.dll
0x00007ffc7a3d0000 - 0x00007ffc7a3ea000 	C:\Program Files\Android\Android Studio\jre\bin\net.dll
0x00007ffc8a420000 - 0x00007ffc8a52a000 	C:\Windows\SYSTEM32\WINHTTP.dll
0x00007ffc904b0000 - 0x00007ffc9051a000 	C:\Windows\system32\mswsock.dll
0x00007ffc7a3b0000 - 0x00007ffc7a3c4000 	C:\Program Files\Android\Android Studio\jre\bin\nio.dll
0x00007ffc79f00000 - 0x00007ffc79f27000 	C:\Users\P Vigneshwaran\.gradle\native\e1d6ef7f7dcc3fd88c89a11ec53ec762bb8ba0a96d01ffa2cd45eb1d1d8dd5c5\windows-amd64\native-platform.dll
0x00007ffc6af60000 - 0x00007ffc6b0a4000 	C:\Users\P Vigneshwaran\.gradle\native\0d407fdbe67a94daf76414ababcb853783967236a71b16ec16e742cd7a986fd3\windows-amd64\native-platform-file-events.dll
0x00007ffc7d620000 - 0x00007ffc7d62a000 	C:\Program Files\Android\Android Studio\jre\bin\management.dll
0x00007ffc7a3a0000 - 0x00007ffc7a3ad000 	C:\Program Files\Android\Android Studio\jre\bin\management_ext.dll
0x00007ffc91180000 - 0x00007ffc91198000 	C:\Windows\SYSTEM32\CRYPTSP.dll
0x00007ffc8fdd0000 - 0x00007ffc8fe04000 	C:\Windows\system32\rsaenh.dll
0x00007ffc914d0000 - 0x00007ffc914f7000 	C:\Windows\System32\bcrypt.dll
0x00007ffc91300000 - 0x00007ffc9132e000 	C:\Windows\SYSTEM32\USERENV.dll
0x00007ffc906c0000 - 0x00007ffc906cc000 	C:\Windows\SYSTEM32\CRYPTBASE.dll
0x00007ffc901a0000 - 0x00007ffc901dc000 	C:\Windows\SYSTEM32\IPHLPAPI.DLL
0x00007ffc93970000 - 0x00007ffc93978000 	C:\Windows\System32\NSI.dll
0x00007ffc7ee50000 - 0x00007ffc7ee67000 	C:\Windows\SYSTEM32\dhcpcsvc6.DLL
0x00007ffc855d0000 - 0x00007ffc855ed000 	C:\Windows\SYSTEM32\dhcpcsvc.DLL
0x00007ffc90230000 - 0x00007ffc902fa000 	C:\Windows\SYSTEM32\DNSAPI.dll
0x00007ffc63750000 - 0x00007ffc63767000 	C:\Windows\system32\napinsp.dll
0x00007ffc63730000 - 0x00007ffc6374b000 	C:\Windows\system32\pnrpnsp.dll
0x00007ffc8b100000 - 0x00007ffc8b115000 	C:\Windows\system32\wshbth.dll
0x00007ffc8bb10000 - 0x00007ffc8bb2d000 	C:\Windows\system32\NLAapi.dll
0x00007ffc63710000 - 0x00007ffc63722000 	C:\Windows\System32\winrnr.dll
0x00007ffc86c70000 - 0x00007ffc86c7a000 	C:\Windows\System32\rasadhlp.dll
0x00007ffc7ead0000 - 0x00007ffc7eb52000 	C:\Windows\System32\fwpuclnt.dll

dbghelp: loaded successfully - version: 4.0.5 - missing functions: none
symbol engine: initialized successfully - sym options: 0x614 - pdb path: .;C:\Program Files\Android\Android Studio\jre\bin;C:\Windows\SYSTEM32;C:\Windows\WinSxS\amd64_microsoft.windows.common-controls_6595b64144ccf1df_6.0.19041.1110_none_60b5254171f9507e;C:\Windows\system32\tmumh\20019\AddOn\8.55.0.1129;C:\Windows\system32\tmumh\20019\TmMon\2.9.0.1048;C:\Program Files\Android\Android Studio\jre\bin\server;C:\Users\P Vigneshwaran\.gradle\native\e1d6ef7f7dcc3fd88c89a11ec53ec762bb8ba0a96d01ffa2cd45eb1d1d8dd5c5\windows-amd64;C:\Users\P Vigneshwaran\.gradle\native\0d407fdbe67a94daf76414ababcb853783967236a71b16ec16e742cd7a986fd3\windows-amd64

VM Arguments:
jvm_args: --add-opens=java.base/java.util=ALL-UNNAMED --add-opens=java.base/java.lang=ALL-UNNAMED --add-opens=java.base/java.lang.invoke=ALL-UNNAMED --add-opens=java.base/java.util=ALL-UNNAMED --add-opens=java.prefs/java.util.prefs=ALL-UNNAMED --add-opens=java.prefs/java.util.prefs=ALL-UNNAMED --add-opens=java.base/java.nio.charset=ALL-UNNAMED --add-opens=java.base/java.net=ALL-UNNAMED --add-opens=java.base/java.util.concurrent.atomic=ALL-UNNAMED -Xmx2048m -Dfile.encoding=UTF-8 -Duser.country=IN -Duser.language=en -Duser.variant 
java_command: org.gradle.launcher.daemon.bootstrap.GradleDaemon 7.4
java_class_path (initial): C:\Users\P Vigneshwaran\.gradle\wrapper\dists\gradle-7.4-bin\c0gwcg53nkjbqw7r0h0umtfvt\gradle-7.4\lib\gradle-launcher-7.4.jar
Launcher Type: SUN_STANDARD

[Global flags]
     intx CICompilerCount                          = 4                                         {product} {ergonomic}
     uint ConcGCThreads                            = 2                                         {product} {ergonomic}
     uint G1ConcRefinementThreads                  = 8                                         {product} {ergonomic}
   size_t G1HeapRegionSize                         = 1048576                                   {product} {ergonomic}
    uintx GCDrainStackTargetSize                   = 64                                        {product} {ergonomic}
   size_t InitialHeapSize                          = 266338304                                 {product} {ergonomic}
   size_t MarkStackSize                            = 4194304                                   {product} {ergonomic}
   size_t MaxHeapSize                              = 2147483648                                {product} {command line}
   size_t MaxNewSize                               = 1287651328                                {product} {ergonomic}
   size_t MinHeapDeltaBytes                        = 1048576                                   {product} {ergonomic}
    uintx NonNMethodCodeHeapSize                   = 5836300                                {pd product} {ergonomic}
    uintx NonProfiledCodeHeapSize                  = 122910970                              {pd product} {ergonomic}
    uintx ProfiledCodeHeapSize                     = 122910970                              {pd product} {ergonomic}
    uintx ReservedCodeCacheSize                    = 251658240                              {pd product} {ergonomic}
     bool SegmentedCodeCache                       = true                                      {product} {ergonomic}
     bool UseCompressedClassPointers               = true                                 {lp64_product} {ergonomic}
     bool UseCompressedOops                        = true                                 {lp64_product} {ergonomic}
     bool UseG1GC                                  = true                                      {product} {ergonomic}
     bool UseLargePagesIndividualAllocation        = false                                  {pd product} {ergonomic}

Logging:
Log output configuration:
 #0: stdout all=warning uptime,level,tags
 #1: stderr all=off uptime,level,tags

Environment Variables:
PATH=C:\Program Files\Common Files\Oracle\Java\javapath;C:\Windows\system32;C:\Windows;C:\Windows\System32\Wbem;C:\Windows\System32\WindowsPowerShell\v1.0\;C:\Windows\System32\OpenSSH\;C:\Users\P Vigneshwaran\AppData\Local\Programs\Python\Python311\;C:\Users\P Vigneshwaran\AppData\Local\Microsoft\WindowsApps;C:\Users\P Vigneshwaran\AppData\Local\Programs\Git\cmd;C:\Users\P Vigneshwaran\AppData\Local\Programs\Microsoft VS Code\bin;C:\Users\P Vigneshwaran\AppData\Local\Programs\Python\Python311\Scripts\;
USERNAME=P Vigneshwaran
OS=Windows_NT
PROCESSOR_IDENTIFIER=Intel64 Family 6 Model 142 Stepping 12, GenuineIntel



---------------  S Y S T E M  ---------------

OS: Windows 10 , 64 bit Build 19041 (10.0.19041.3155)
OS uptime: 0 days 0:15 hours

CPU:total 8 (initial active 8) (4 cores per cpu, 2 threads per core) family 6 model 142 stepping 12 microcode 0xf0, cmov, cx8, fxsr, mmx, sse, sse2, sse3, ssse3, sse4.1, sse4.2, popcnt, avx, avx2, aes, clmul, erms, 3dnowpref, lzcnt, ht, tsc, tscinvbit, bmi1, bmi2, adx, fma

Memory: 4k page, system-wide physical 16144M (8038M free)
TotalPageFile size 22544M (AvailPageFile size 13998M)
current process WorkingSet (physical memory assigned to process): 524M, peak: 545M
current process commit charge ("private bytes"): 572M, peak: 594M

vm_info: OpenJDK 64-Bit Server VM (11.0.13+0-b1751.21-8125866) for windows-amd64 JRE (11.0.13+0-b1751.21-8125866), built on Feb  2 2022 03:00:22 by "builder" with MS VC++ 14.0 (VS2015)

END.
