#
# A fatal error has been detected by the Java Runtime Environment:
#
#  EXCEPTION_ACCESS_VIOLATION (0xc0000005) at pc=0x00000175d63c2cc0, pid=1824, tid=19900
#
# JRE version: OpenJDK Runtime Environment (11.0.13) (build 11.0.13+0-b1751.21-8125866)
# Java VM: OpenJDK 64-Bit Server VM (11.0.13+0-b1751.21-8125866, mixed mode, tiered, compressed oops, g1 gc, windows-amd64)
# Problematic frame:
# C  0x00000175d63c2cc0
#
# No core dump will be written. Minidumps are not enabled by default on client versions of Windows
#
# If you would like to submit a bug report, please visit:
#   https://bugreport.java.com/bugreport/crash.jsp
#

---------------  S U M M A R Y ------------

Command Line: --add-opens=java.base/java.util=ALL-UNNAMED --add-opens=java.base/java.lang=ALL-UNNAMED --add-opens=java.base/java.lang.invoke=ALL-UNNAMED --add-opens=java.base/java.util=ALL-UNNAMED --add-opens=java.prefs/java.util.prefs=ALL-UNNAMED --add-opens=java.prefs/java.util.prefs=ALL-UNNAMED --add-opens=java.base/java.nio.charset=ALL-UNNAMED --add-opens=java.base/java.net=ALL-UNNAMED --add-opens=java.base/java.util.concurrent.atomic=ALL-UNNAMED -Xmx2048m -Dfile.encoding=UTF-8 -Duser.country=IN -Duser.language=en -Duser.variant org.gradle.launcher.daemon.bootstrap.GradleDaemon 7.4

Host: Intel(R) Core(TM) i5-10210U CPU @ 1.60GHz, 8 cores, 15G,  Windows 10 , 64 bit Build 19041 (10.0.19041.3636)
Time: Tue Dec  5 20:34:53 2023 India Standard Time elapsed time: 24.624559 seconds (0d 0h 0m 24s)

---------------  T H R E A D  ---------------

Current thread (0x00000175d91cd000):  JavaThread "C2 CompilerThread1" daemon [_thread_in_native, id=19900, stack(0x00000035db500000,0x00000035db600000)]


Current CompileTask:
C2:  24624 12153       4       org.objectweb.asm.MethodWriter::<init> (232 bytes)

Stack: [0x00000035db500000,0x00000035db600000],  sp=0x00000035db5fbf48,  free space=1007k
Native frames: (J=compiled Java code, j=interpreted, Vv=VM code, C=native code)
C  0x00000175d63c2cc0


siginfo: EXCEPTION_ACCESS_VIOLATION (0xc0000005), data execution prevention violation at address 0x00000175d63c2cc0


Register to memory mapping:

RIP=0x00000175d63c2cc0 points into unknown readable memory: 0x00000175d63c2d00 | 00 2d 3c d6 75 01 00 00
RAX=0x00000175d63c2b88 points into unknown readable memory: 0x00000175d63c2ba8 | a8 2b 3c d6 75 01 00 00
RBX=0x0000000000000001 is an unknown value
RCX=0x00000175d63c2b80 points into unknown readable memory: 0x00000175d63c2b88 | 88 2b 3c d6 75 01 00 00
RDX=0x00000175e03fd948 points into unknown readable memory: 0x0000000000400000 | 00 00 40 00 00 00 00 00
RSP=0x00000035db5fbf48 is pointing into the stack for thread: 0x00000175d91cd000
RBP=0xffffffffffffffff is an unknown value
RSI=0x00000035db5fc450 is pointing into the stack for thread: 0x00000175d91cd000
RDI=0x00000175e03fd948 points into unknown readable memory: 0x0000000000400000 | 00 00 40 00 00 00 00 00
R8 =
[error occurred during error reporting (printing register info), id 0xc0000005, EXCEPTION_ACCESS_VIOLATION (0xc0000005) at pc=0x00007ffeb7234987]

Registers:
RAX=0x00000175d63c2b88, RBX=0x0000000000000001, RCX=0x00000175d63c2b80, RDX=0x00000175e03fd948
RSP=0x00000035db5fbf48, RBP=0xffffffffffffffff, RSI=0x00000035db5fc450, RDI=0x00000175e03fd948
R8 =0x00000000ffffffff, R9 =0xffffffffffffffff, R10=0x00000175dbda0360, R11=0x0000000000000070
R12=0x0000000000000001, R13=0x0000000000000001, R14=0x00000175d63c2b80, R15=0x00000175dbe56f40
RIP=0x00000175d63c2cc0, EFLAGS=0x0000000000010246

Top of Stack: (sp=0x00000035db5fbf48)
0x00000035db5fbf48:   00007ffeb70f000e 00000175e03fd910
0x00000035db5fbf58:   00000000000002f4 00000175dbda01a8
0x00000035db5fbf68:   00007ffeb790c070 000000f60000000b
0x00000035db5fbf78:   0000003500000019 00000175dbe56f40
0x00000035db5fbf88:   00000175dbe546a8 0000000000000000
0x00000035db5fbf98:   0000000000000000 00000035db5fc0b0
0x00000035db5fbfa8:   00000175dcf7ec50 00000175dcf7ec60
0x00000035db5fbfb8:   0000000000000008 00000000000003d8
0x00000035db5fbfc8:   00000035db5fc0f0 0000000000000000
0x00000035db5fbfd8:   00000035db5fc538 00000035db5fc450
0x00000035db5fbfe8:   00007ffeb70ed631 00000035db5fc450
0x00000035db5fbff8:   00000035db5fc001 00000035db5fc501
0x00000035db5fc008:   00000175ffffffff 0000000000000000
0x00000035db5fc018:   0000000000000000 0000000000000006
0x00000035db5fc028:   00000175dcf7ec50 00000175e03e0080
0x00000035db5fc038:   00000175e0400b10 00000175e0400b10 

Instructions: (pc=0x00000175d63c2cc0)
0x00000175d63c2bc0:   00 00 00 00 00 00 00 00 00 00 00 00 00 00 00 00
0x00000175d63c2bd0:   f8 fb 6d b7 fe 7f 00 00 e5 ff ff ff 00 00 00 00
0x00000175d63c2be0:   38 28 3c d6 75 01 00 00 00 00 00 00 00 00 00 00
0x00000175d63c2bf0:   00 00 00 00 00 00 00 00 00 00 00 00 00 00 00 00
0x00000175d63c2c00:   d0 26 3c d6 75 01 00 00 00 00 00 00 00 00 00 00
0x00000175d63c2c10:   00 00 00 00 00 00 00 00 00 00 00 00 00 00 00 00
0x00000175d63c2c20:   e8 73 70 e0 75 01 00 00 00 00 00 00 00 00 00 00
0x00000175d63c2c30:   00 00 00 00 00 00 00 00 00 00 00 00 00 00 00 00
0x00000175d63c2c40:   38 d3 71 b7 fe 7f 00 00 c0 2c 3c d6 75 01 00 00
0x00000175d63c2c50:   10 33 3c d6 75 01 00 00 05 00 00 00 08 00 00 00
0x00000175d63c2c60:   01 00 00 00 04 00 00 00 c0 07 00 00 06 00 00 00
0x00000175d63c2c70:   00 00 00 00 00 00 00 00 01 00 00 00 00 00 00 00
0x00000175d63c2c80:   b0 2c 3c d6 75 01 00 00 00 ee ab e0 75 01 00 00
0x00000175d63c2c90:   00 00 00 00 00 00 00 00 68 1d 30 d6 75 01 00 00
0x00000175d63c2ca0:   00 00 00 00 00 00 00 00 c0 31 7a b7 fe 7f 00 00
0x00000175d63c2cb0:   b8 2c 3c d6 75 01 00 00 58 f6 6d b7 fe 7f 00 00
0x00000175d63c2cc0:   00 2d 3c d6 75 01 00 00 a0 73 70 e0 75 01 00 00
0x00000175d63c2cd0:   a0 73 70 e0 75 01 00 00 a0 aa 6c e0 75 01 00 00
0x00000175d63c2ce0:   a0 73 70 e0 75 01 00 00 00 00 00 00 00 00 00 00
0x00000175d63c2cf0:   00 00 00 00 00 00 00 00 00 00 00 00 00 00 00 00
0x00000175d63c2d00:   f8 85 6e b7 fe 7f 00 00 a0 2d 3c d6 75 01 00 00
0x00000175d63c2d10:   f0 32 3c d6 75 01 00 00 01 00 00 00 01 00 00 00
0x00000175d63c2d20:   01 00 00 00 04 00 00 00 c1 07 00 00 08 02 00 00
0x00000175d63c2d30:   40 00 00 00 00 00 00 00 00 00 00 00 00 00 00 00
0x00000175d63c2d40:   00 00 00 00 00 00 00 00 00 00 00 00 00 00 00 00
0x00000175d63c2d50:   00 00 00 00 00 00 00 00 00 00 00 00 00 00 00 00
0x00000175d63c2d60:   00 00 00 00 00 00 00 00 00 00 00 00 00 00 00 00
0x00000175d63c2d70:   00 00 00 00 00 00 00 00 00 00 00 00 00 00 00 00
0x00000175d63c2d80:   00 00 00 00 00 00 00 00 00 00 00 00 00 00 00 00
0x00000175d63c2d90:   00 00 00 00 00 00 00 00 00 00 00 00 00 00 00 00
0x00000175d63c2da0:   a8 2d 3c d6 75 01 00 00 18 bb 71 b7 fe 7f 00 00
0x00000175d63c2db0:   80 2e 3c d6 75 01 00 00 28 30 3c d6 75 01 00 00 


Stack slot to memory mapping:
stack at sp + 0 slots: 0x00007ffeb70f000e jvm.dll
stack at sp + 1 slots: 0x00000175e03fd910 points into unknown readable memory: 0x0000000000000000 | 00 00 00 00 00 00 00 00
stack at sp + 2 slots: 0x00000000000002f4 is an unknown value
stack at sp + 3 slots: 0x00000175dbda01a8 points into unknown readable memory: 0x0000000000400000 | 00 00 40 00 00 00 00 00
stack at sp + 4 slots: 0x00007ffeb790c070 jvm.dll
stack at sp + 5 slots: 0x000000f60000000b is an unknown value
stack at sp + 6 slots: 0x0000003500000019 is an unknown value
stack at sp + 7 slots: 0x00000175dbe56f40 points into unknown readable memory: 0x00007ffeb7762d48 | 48 2d 76 b7 fe 7f 00 00


---------------  P R O C E S S  ---------------

Threads class SMR info:
_java_thread_list=0x00000175e0a0c7a0, length=135, elements={
0x00000175bb53b000, 0x00000175d624f000, 0x00000175d6259000, 0x00000175d62a9800,
0x00000175d62ab000, 0x00000175d62ac000, 0x00000175d62bc800, 0x00000175d62c1000,
0x00000175d62c4000, 0x00000175d6427800, 0x00000175d7e17800, 0x00000175d670d000,
0x00000175d7e5b000, 0x00000175d8412800, 0x00000175d8a1c000, 0x00000175d7e32000,
0x00000175d7e0e800, 0x00000175d8ee2000, 0x00000175d7d5c800, 0x00000175d8455800,
0x00000175d871e800, 0x00000175d871b800, 0x00000175d871a000, 0x00000175d8719000,
0x00000175d871d000, 0x00000175d871f800, 0x00000175d871a800, 0x00000175d871e000,
0x00000175d871c000, 0x00000175dc23e800, 0x00000175dc23f000, 0x00000175dc23d800,
0x00000175dc23a800, 0x00000175dc241800, 0x00000175dc241000, 0x00000175dc242800,
0x00000175dc23c800, 0x00000175dc247800, 0x00000175dc243800, 0x00000175dc249000,
0x00000175dc245000, 0x00000175dc246800, 0x00000175dc245800, 0x00000175dc248000,
0x00000175dc244000, 0x00000175d657e800, 0x00000175d6585000, 0x00000175d6582800,
0x00000175d6581000, 0x00000175d657f800, 0x00000175d6586000, 0x00000175d6580800,
0x00000175d6584800, 0x00000175d6587000, 0x00000175d6583800, 0x00000175d6587800,
0x00000175d6582000, 0x00000175d6588800, 0x00000175d658b800, 0x00000175d6589000,
0x00000175d658a000, 0x00000175d658b000, 0x00000175d658c800, 0x00000175d658d800,
0x00000175d9b32000, 0x00000175d9b33000, 0x00000175d9b2f800, 0x00000175d9b2d800,
0x00000175d9b30800, 0x00000175d9b34000, 0x00000175d9b2e000, 0x00000175d9b31800,
0x00000175d9b34800, 0x00000175d9b2f000, 0x00000175d9b38000, 0x00000175d9b3a800,
0x00000175d9b38800, 0x00000175d9b3b000, 0x00000175d9b35800, 0x00000175d9b39800,
0x00000175d9b3c000, 0x00000175d9b36800, 0x00000175d9b37000, 0x00000175d9480800,
0x00000175d9485800, 0x00000175d9483000, 0x00000175d9482000, 0x00000175d9483800,
0x00000175d9481800, 0x00000175d947f800, 0x00000175d9484800, 0x00000175d9489800,
0x00000175d9486000, 0x00000175d9488800, 0x00000175d948a800, 0x00000175d948b000,
0x00000175d9487000, 0x00000175d948c000, 0x00000175d948c800, 0x00000175d948d800,
0x00000175d9488000, 0x00000175d948e800, 0x00000175db8da000, 0x00000175db8d8800,
0x00000175db8d9800, 0x00000175db8d7800, 0x00000175db8e0000, 0x00000175db8e0800,
0x00000175db8dd800, 0x00000175db8db000, 0x00000175db8e1800, 0x00000175db8dc800,
0x00000175db8de000, 0x00000175db8df000, 0x00000175db8db800, 0x00000175db8e2800,
0x00000175db8e6800, 0x00000175db8e3000, 0x00000175db8e4000, 0x00000175db8e4800,
0x00000175db8e5800, 0x00000175dd14b000, 0x00000175dd149000, 0x00000175dd149800,
0x00000175dd148000, 0x00000175dd14f800, 0x00000175dd150000, 0x00000175dd14e800,
0x00000175dd151000, 0x00000175dd14d800, 0x00000175dd14d000, 0x00000175dd152000,
0x00000175d91cd000, 0x00000175dd14c000, 0x00000175dd156000
}

Java Threads: ( => current thread )
  0x00000175bb53b000 JavaThread "main" [_thread_blocked, id=17720, stack(0x00000035d2900000,0x00000035d2a00000)]
  0x00000175d624f000 JavaThread "Reference Handler" daemon [_thread_blocked, id=9504, stack(0x00000035d3000000,0x00000035d3100000)]
  0x00000175d6259000 JavaThread "Finalizer" daemon [_thread_blocked, id=7120, stack(0x00000035d3100000,0x00000035d3200000)]
  0x00000175d62a9800 JavaThread "Signal Dispatcher" daemon [_thread_blocked, id=5628, stack(0x00000035d3200000,0x00000035d3300000)]
  0x00000175d62ab000 JavaThread "Attach Listener" daemon [_thread_blocked, id=6284, stack(0x00000035d3300000,0x00000035d3400000)]
  0x00000175d62ac000 JavaThread "Service Thread" daemon [_thread_blocked, id=18096, stack(0x00000035d3400000,0x00000035d3500000)]
  0x00000175d62bc800 JavaThread "C2 CompilerThread0" daemon [_thread_blocked, id=3280, stack(0x00000035d3500000,0x00000035d3600000)]
  0x00000175d62c1000 JavaThread "C1 CompilerThread0" daemon [_thread_blocked, id=3640, stack(0x00000035d3600000,0x00000035d3700000)]
  0x00000175d62c4000 JavaThread "Sweeper thread" daemon [_thread_blocked, id=7840, stack(0x00000035d3700000,0x00000035d3800000)]
  0x00000175d6427800 JavaThread "Common-Cleaner" daemon [_thread_blocked, id=5108, stack(0x00000035d3800000,0x00000035d3900000)]
  0x00000175d7e17800 JavaThread "Daemon health stats" [_thread_blocked, id=6780, stack(0x00000035d4100000,0x00000035d4200000)]
  0x00000175d670d000 JavaThread "Incoming local TCP Connector on port 55909" [_thread_in_native, id=19656, stack(0x00000035d3a00000,0x00000035d3b00000)]
  0x00000175d7e5b000 JavaThread "Daemon periodic checks" [_thread_blocked, id=18704, stack(0x00000035d4000000,0x00000035d4100000)]
  0x00000175d8412800 JavaThread "Daemon" [_thread_blocked, id=12860, stack(0x00000035d4200000,0x00000035d4300000)]
  0x00000175d8a1c000 JavaThread "Handler for socket connection from /127.0.0.1:55909 to /127.0.0.1:55910" [_thread_in_native, id=4144, stack(0x00000035d4300000,0x00000035d4400000)]
  0x00000175d7e32000 JavaThread "Cancel handler" [_thread_blocked, id=3168, stack(0x00000035d4400000,0x00000035d4500000)]
  0x00000175d7e0e800 JavaThread "Daemon worker" [_thread_blocked, id=3852, stack(0x00000035d4500000,0x00000035d4600000)]
  0x00000175d8ee2000 JavaThread "Asynchronous log dispatcher for DefaultDaemonConnection: socket connection from /127.0.0.1:55909 to /127.0.0.1:55910" [_thread_blocked, id=17860, stack(0x00000035d4600000,0x00000035d4700000)]
  0x00000175d7d5c800 JavaThread "Stdin handler" [_thread_blocked, id=11512, stack(0x00000035d4700000,0x00000035d4800000)]
  0x00000175d8455800 JavaThread "Daemon client event forwarder" [_thread_blocked, id=10024, stack(0x00000035d4800000,0x00000035d4900000)]
  0x00000175d871e800 JavaThread "Cache worker for journal cache (C:\Users\P Vigneshwaran\.gradle\caches\journal-1)" [_thread_blocked, id=19420, stack(0x00000035d4900000,0x00000035d4a00000)]
  0x00000175d871b800 JavaThread "File lock request listener" [_thread_in_native, id=18968, stack(0x00000035d4a00000,0x00000035d4b00000)]
  0x00000175d871a000 JavaThread "Cache worker for file hash cache (C:\Users\P Vigneshwaran\.gradle\caches\7.4\fileHashes)" [_thread_blocked, id=7868, stack(0x00000035d4b00000,0x00000035d4c00000)]
  0x00000175d8719000 JavaThread "File watcher server" daemon [_thread_in_native, id=1620, stack(0x00000035d5000000,0x00000035d5100000)]
  0x00000175d871d000 JavaThread "File watcher consumer" daemon [_thread_blocked, id=18292, stack(0x00000035d5100000,0x00000035d5200000)]
  0x00000175d871f800 JavaThread "Cache worker for checksums cache (C:\Users\P Vigneshwaran\Downloads\MyBase\.gradle\7.4\checksums)" [_thread_blocked, id=18872, stack(0x00000035d5200000,0x00000035d5300000)]
  0x00000175d871a800 JavaThread "Cache worker for cache directory md-rule (C:\Users\P Vigneshwaran\.gradle\caches\7.4\md-rule)" [_thread_blocked, id=19008, stack(0x00000035d5300000,0x00000035d5400000)]
  0x00000175d871e000 JavaThread "Cache worker for file hash cache (C:\Users\P Vigneshwaran\Downloads\MyBase\.gradle\7.4\fileHashes)" [_thread_blocked, id=3184, stack(0x00000035d5400000,0x00000035d5500000)]
  0x00000175d871c000 JavaThread "Cache worker for cache directory md-supplier (C:\Users\P Vigneshwaran\.gradle\caches\7.4\md-supplier)" [_thread_blocked, id=9420, stack(0x00000035d5500000,0x00000035d5600000)]
  0x00000175dc23e800 JavaThread "Cache worker for execution history cache (C:\Users\P Vigneshwaran\.gradle\caches\7.4\executionHistory)" [_thread_blocked, id=20276, stack(0x00000035d5600000,0x00000035d5700000)]
  0x00000175dc23f000 JavaThread "jar transforms" [_thread_blocked, id=2736, stack(0x00000035d5800000,0x00000035d5900000)]
  0x00000175dc23d800 JavaThread "Cache worker for file content cache (C:\Users\P Vigneshwaran\.gradle\caches\7.4\fileContent)" [_thread_blocked, id=4808, stack(0x00000035d5900000,0x00000035d5a00000)]
  0x00000175dc23a800 JavaThread "jar transforms Thread 2" [_thread_blocked, id=13996, stack(0x00000035d5a00000,0x00000035d5b00000)]
  0x00000175dc241800 JavaThread "Cache worker for dependencies-accessors (C:\Users\P Vigneshwaran\Downloads\MyBase\.gradle\7.4\dependencies-accessors)" [_thread_blocked, id=17932, stack(0x00000035d5b00000,0x00000035d5c00000)]
  0x00000175dc241000 JavaThread "jar transforms Thread 3" [_thread_blocked, id=9076, stack(0x00000035d5700000,0x00000035d5800000)]
  0x00000175dc242800 JavaThread "Cache worker for Build Output Cleanup Cache (C:\Users\P Vigneshwaran\Downloads\MyBase\.gradle\buildOutputCleanup)" [_thread_blocked, id=2288, stack(0x00000035d4f00000,0x00000035d5000000)]
  0x00000175dc23c800 JavaThread "Unconstrained build operations" [_thread_blocked, id=11484, stack(0x00000035d5c00000,0x00000035d5d00000)]
  0x00000175dc247800 JavaThread "Unconstrained build operations Thread 2" [_thread_blocked, id=10664, stack(0x00000035d5d00000,0x00000035d5e00000)]
  0x00000175dc243800 JavaThread "Unconstrained build operations Thread 3" [_thread_blocked, id=6752, stack(0x00000035d5e00000,0x00000035d5f00000)]
  0x00000175dc249000 JavaThread "Unconstrained build operations Thread 4" [_thread_blocked, id=3796, stack(0x00000035d5f00000,0x00000035d6000000)]
  0x00000175dc245000 JavaThread "Unconstrained build operations Thread 5" [_thread_blocked, id=16428, stack(0x00000035d6000000,0x00000035d6100000)]
  0x00000175dc246800 JavaThread "Unconstrained build operations Thread 6" [_thread_blocked, id=3840, stack(0x00000035d6100000,0x00000035d6200000)]
  0x00000175dc245800 JavaThread "Unconstrained build operations Thread 7" [_thread_blocked, id=16804, stack(0x00000035d6200000,0x00000035d6300000)]
  0x00000175dc248000 JavaThread "Unconstrained build operations Thread 8" [_thread_blocked, id=20136, stack(0x00000035d6300000,0x00000035d6400000)]
  0x00000175dc244000 JavaThread "Unconstrained build operations Thread 9" [_thread_blocked, id=1508, stack(0x00000035d6400000,0x00000035d6500000)]
  0x00000175d657e800 JavaThread "Unconstrained build operations Thread 10" [_thread_blocked, id=1160, stack(0x00000035d6500000,0x00000035d6600000)]
  0x00000175d6585000 JavaThread "Unconstrained build operations Thread 11" [_thread_blocked, id=3768, stack(0x00000035d6600000,0x00000035d6700000)]
  0x00000175d6582800 JavaThread "Unconstrained build operations Thread 12" [_thread_blocked, id=1252, stack(0x00000035d6700000,0x00000035d6800000)]
  0x00000175d6581000 JavaThread "Unconstrained build operations Thread 13" [_thread_blocked, id=10584, stack(0x00000035d6800000,0x00000035d6900000)]
  0x00000175d657f800 JavaThread "Unconstrained build operations Thread 14" [_thread_blocked, id=16056, stack(0x00000035d6900000,0x00000035d6a00000)]
  0x00000175d6586000 JavaThread "Unconstrained build operations Thread 15" [_thread_blocked, id=11632, stack(0x00000035d6a00000,0x00000035d6b00000)]
  0x00000175d6580800 JavaThread "Unconstrained build operations Thread 16" [_thread_blocked, id=12752, stack(0x00000035d6b00000,0x00000035d6c00000)]
  0x00000175d6584800 JavaThread "Unconstrained build operations Thread 17" [_thread_blocked, id=15948, stack(0x00000035d6c00000,0x00000035d6d00000)]
  0x00000175d6587000 JavaThread "Unconstrained build operations Thread 18" [_thread_blocked, id=19872, stack(0x00000035d6d00000,0x00000035d6e00000)]
  0x00000175d6583800 JavaThread "Unconstrained build operations Thread 19" [_thread_blocked, id=9424, stack(0x00000035d6e00000,0x00000035d6f00000)]
  0x00000175d6587800 JavaThread "Unconstrained build operations Thread 20" [_thread_blocked, id=20392, stack(0x00000035d6f00000,0x00000035d7000000)]
  0x00000175d6582000 JavaThread "Unconstrained build operations Thread 21" [_thread_blocked, id=5168, stack(0x00000035d7000000,0x00000035d7100000)]
  0x00000175d6588800 JavaThread "Unconstrained build operations Thread 22" [_thread_blocked, id=2864, stack(0x00000035d7100000,0x00000035d7200000)]
  0x00000175d658b800 JavaThread "Unconstrained build operations Thread 23" [_thread_blocked, id=15832, stack(0x00000035d7200000,0x00000035d7300000)]
  0x00000175d6589000 JavaThread "Unconstrained build operations Thread 24" [_thread_blocked, id=9608, stack(0x00000035d7300000,0x00000035d7400000)]
  0x00000175d658a000 JavaThread "Unconstrained build operations Thread 25" [_thread_blocked, id=8056, stack(0x00000035d7400000,0x00000035d7500000)]
  0x00000175d658b000 JavaThread "Unconstrained build operations Thread 26" [_thread_blocked, id=9760, stack(0x00000035d7500000,0x00000035d7600000)]
  0x00000175d658c800 JavaThread "Unconstrained build operations Thread 27" [_thread_blocked, id=2232, stack(0x00000035d7600000,0x00000035d7700000)]
  0x00000175d658d800 JavaThread "Unconstrained build operations Thread 28" [_thread_blocked, id=4172, stack(0x00000035d7700000,0x00000035d7800000)]
  0x00000175d9b32000 JavaThread "Unconstrained build operations Thread 29" [_thread_blocked, id=18268, stack(0x00000035d7800000,0x00000035d7900000)]
  0x00000175d9b33000 JavaThread "Unconstrained build operations Thread 30" [_thread_blocked, id=8920, stack(0x00000035d7900000,0x00000035d7a00000)]
  0x00000175d9b2f800 JavaThread "Unconstrained build operations Thread 31" [_thread_blocked, id=1812, stack(0x00000035d7a00000,0x00000035d7b00000)]
  0x00000175d9b2d800 JavaThread "Unconstrained build operations Thread 32" [_thread_blocked, id=7320, stack(0x00000035d7b00000,0x00000035d7c00000)]
  0x00000175d9b30800 JavaThread "Unconstrained build operations Thread 33" [_thread_blocked, id=240, stack(0x00000035d7c00000,0x00000035d7d00000)]
  0x00000175d9b34000 JavaThread "Unconstrained build operations Thread 34" [_thread_blocked, id=1504, stack(0x00000035d7d00000,0x00000035d7e00000)]
  0x00000175d9b2e000 JavaThread "Unconstrained build operations Thread 35" [_thread_blocked, id=20020, stack(0x00000035d7e00000,0x00000035d7f00000)]
  0x00000175d9b31800 JavaThread "Unconstrained build operations Thread 36" [_thread_blocked, id=11112, stack(0x00000035d7f00000,0x00000035d8000000)]
  0x00000175d9b34800 JavaThread "Unconstrained build operations Thread 37" [_thread_blocked, id=14392, stack(0x00000035d8000000,0x00000035d8100000)]
  0x00000175d9b2f000 JavaThread "Unconstrained build operations Thread 38" [_thread_blocked, id=19156, stack(0x00000035d8100000,0x00000035d8200000)]
  0x00000175d9b38000 JavaThread "Unconstrained build operations Thread 39" [_thread_blocked, id=16592, stack(0x00000035d8200000,0x00000035d8300000)]
  0x00000175d9b3a800 JavaThread "Unconstrained build operations Thread 40" [_thread_blocked, id=14208, stack(0x00000035d8300000,0x00000035d8400000)]
  0x00000175d9b38800 JavaThread "Unconstrained build operations Thread 41" [_thread_blocked, id=15576, stack(0x00000035d8400000,0x00000035d8500000)]
  0x00000175d9b3b000 JavaThread "Unconstrained build operations Thread 42" [_thread_blocked, id=16796, stack(0x00000035d8500000,0x00000035d8600000)]
  0x00000175d9b35800 JavaThread "Unconstrained build operations Thread 43" [_thread_blocked, id=17984, stack(0x00000035d8600000,0x00000035d8700000)]
  0x00000175d9b39800 JavaThread "Unconstrained build operations Thread 44" [_thread_blocked, id=2636, stack(0x00000035d8700000,0x00000035d8800000)]
  0x00000175d9b3c000 JavaThread "Unconstrained build operations Thread 45" [_thread_blocked, id=19404, stack(0x00000035d8800000,0x00000035d8900000)]
  0x00000175d9b36800 JavaThread "Unconstrained build operations Thread 46" [_thread_blocked, id=12116, stack(0x00000035d8900000,0x00000035d8a00000)]
  0x00000175d9b37000 JavaThread "Unconstrained build operations Thread 47" [_thread_blocked, id=16368, stack(0x00000035d8a00000,0x00000035d8b00000)]
  0x00000175d9480800 JavaThread "Unconstrained build operations Thread 48" [_thread_blocked, id=14068, stack(0x00000035d8b00000,0x00000035d8c00000)]
  0x00000175d9485800 JavaThread "Unconstrained build operations Thread 49" [_thread_blocked, id=7960, stack(0x00000035d8c00000,0x00000035d8d00000)]
  0x00000175d9483000 JavaThread "Unconstrained build operations Thread 50" [_thread_blocked, id=20284, stack(0x00000035d8d00000,0x00000035d8e00000)]
  0x00000175d9482000 JavaThread "Unconstrained build operations Thread 51" [_thread_blocked, id=11676, stack(0x00000035d8e00000,0x00000035d8f00000)]
  0x00000175d9483800 JavaThread "Unconstrained build operations Thread 52" [_thread_blocked, id=2812, stack(0x00000035d8f00000,0x00000035d9000000)]
  0x00000175d9481800 JavaThread "Unconstrained build operations Thread 53" [_thread_blocked, id=19868, stack(0x00000035d9000000,0x00000035d9100000)]
  0x00000175d947f800 JavaThread "Unconstrained build operations Thread 54" [_thread_blocked, id=5488, stack(0x00000035d9100000,0x00000035d9200000)]
  0x00000175d9484800 JavaThread "Unconstrained build operations Thread 55" [_thread_blocked, id=12336, stack(0x00000035d9200000,0x00000035d9300000)]
  0x00000175d9489800 JavaThread "Unconstrained build operations Thread 56" [_thread_blocked, id=20408, stack(0x00000035d9300000,0x00000035d9400000)]
  0x00000175d9486000 JavaThread "Unconstrained build operations Thread 57" [_thread_blocked, id=9356, stack(0x00000035d9400000,0x00000035d9500000)]
  0x00000175d9488800 JavaThread "Unconstrained build operations Thread 58" [_thread_blocked, id=11636, stack(0x00000035d9500000,0x00000035d9600000)]
  0x00000175d948a800 JavaThread "Unconstrained build operations Thread 59" [_thread_blocked, id=16532, stack(0x00000035d9600000,0x00000035d9700000)]
  0x00000175d948b000 JavaThread "Unconstrained build operations Thread 60" [_thread_blocked, id=12420, stack(0x00000035d9700000,0x00000035d9800000)]
  0x00000175d9487000 JavaThread "Unconstrained build operations Thread 61" [_thread_blocked, id=4524, stack(0x00000035d9800000,0x00000035d9900000)]
  0x00000175d948c000 JavaThread "Unconstrained build operations Thread 62" [_thread_blocked, id=13108, stack(0x00000035d9900000,0x00000035d9a00000)]
  0x00000175d948c800 JavaThread "Unconstrained build operations Thread 63" [_thread_blocked, id=1956, stack(0x00000035d9a00000,0x00000035d9b00000)]
  0x00000175d948d800 JavaThread "Unconstrained build operations Thread 64" [_thread_blocked, id=8360, stack(0x00000035d9b00000,0x00000035d9c00000)]
  0x00000175d9488000 JavaThread "Unconstrained build operations Thread 65" [_thread_blocked, id=5776, stack(0x00000035d9c00000,0x00000035d9d00000)]
  0x00000175d948e800 JavaThread "Unconstrained build operations Thread 66" [_thread_blocked, id=10540, stack(0x00000035d9d00000,0x00000035d9e00000)]
  0x00000175db8da000 JavaThread "Unconstrained build operations Thread 67" [_thread_blocked, id=15072, stack(0x00000035d9e00000,0x00000035d9f00000)]
  0x00000175db8d8800 JavaThread "Unconstrained build operations Thread 68" [_thread_blocked, id=808, stack(0x00000035d9f00000,0x00000035da000000)]
  0x00000175db8d9800 JavaThread "Unconstrained build operations Thread 69" [_thread_blocked, id=7184, stack(0x00000035da000000,0x00000035da100000)]
  0x00000175db8d7800 JavaThread "Unconstrained build operations Thread 70" [_thread_blocked, id=456, stack(0x00000035da100000,0x00000035da200000)]
  0x00000175db8e0000 JavaThread "Unconstrained build operations Thread 71" [_thread_blocked, id=20172, stack(0x00000035da200000,0x00000035da300000)]
  0x00000175db8e0800 JavaThread "Unconstrained build operations Thread 72" [_thread_blocked, id=8116, stack(0x00000035da300000,0x00000035da400000)]
  0x00000175db8dd800 JavaThread "Unconstrained build operations Thread 73" [_thread_blocked, id=16268, stack(0x00000035da400000,0x00000035da500000)]
  0x00000175db8db000 JavaThread "Unconstrained build operations Thread 74" [_thread_blocked, id=19576, stack(0x00000035da500000,0x00000035da600000)]
  0x00000175db8e1800 JavaThread "Unconstrained build operations Thread 75" [_thread_blocked, id=20232, stack(0x00000035da600000,0x00000035da700000)]
  0x00000175db8dc800 JavaThread "Unconstrained build operations Thread 76" [_thread_blocked, id=19632, stack(0x00000035da700000,0x00000035da800000)]
  0x00000175db8de000 JavaThread "Unconstrained build operations Thread 77" [_thread_blocked, id=2820, stack(0x00000035da800000,0x00000035da900000)]
  0x00000175db8df000 JavaThread "Unconstrained build operations Thread 78" [_thread_blocked, id=15432, stack(0x00000035da900000,0x00000035daa00000)]
  0x00000175db8db800 JavaThread "Unconstrained build operations Thread 79" [_thread_blocked, id=19084, stack(0x00000035daa00000,0x00000035dab00000)]
  0x00000175db8e2800 JavaThread "Unconstrained build operations Thread 80" [_thread_blocked, id=4668, stack(0x00000035dab00000,0x00000035dac00000)]
  0x00000175db8e6800 JavaThread "jar transforms Thread 4" [_thread_blocked, id=18020, stack(0x00000035dac00000,0x00000035dad00000)]
  0x00000175db8e3000 JavaThread "jar transforms Thread 5" [_thread_blocked, id=5408, stack(0x00000035dad00000,0x00000035dae00000)]
  0x00000175db8e4000 JavaThread "jar transforms Thread 6" [_thread_blocked, id=10464, stack(0x00000035dae00000,0x00000035daf00000)]
  0x00000175db8e4800 JavaThread "jar transforms Thread 7" [_thread_blocked, id=13436, stack(0x00000035daf00000,0x00000035db000000)]
  0x00000175db8e5800 JavaThread "jar transforms Thread 8" [_thread_blocked, id=6756, stack(0x00000035db000000,0x00000035db100000)]
  0x00000175dd14b000 JavaThread "Memory manager" [_thread_blocked, id=19716, stack(0x00000035db400000,0x00000035db500000)]
  0x00000175dd149000 JavaThread "build event listener" [_thread_blocked, id=3064, stack(0x00000035db600000,0x00000035db700000)]
  0x00000175dd149800 JavaThread "included builds" [_thread_blocked, id=9032, stack(0x00000035db700000,0x00000035db800000)]
  0x00000175dd148000 JavaThread "Execution worker for ':'" [_thread_blocked, id=19520, stack(0x00000035db800000,0x00000035db900000)]
  0x00000175dd14f800 JavaThread "Execution worker for ':' Thread 2" [_thread_blocked, id=16352, stack(0x00000035db900000,0x00000035dba00000)]
  0x00000175dd150000 JavaThread "Execution worker for ':' Thread 3" [_thread_blocked, id=12660, stack(0x00000035dba00000,0x00000035dbb00000)]
  0x00000175dd14e800 JavaThread "Execution worker for ':' Thread 4" [_thread_blocked, id=17476, stack(0x00000035dbb00000,0x00000035dbc00000)]
  0x00000175dd151000 JavaThread "Execution worker for ':' Thread 5" [_thread_blocked, id=2680, stack(0x00000035dbc00000,0x00000035dbd00000)]
  0x00000175dd14d800 JavaThread "Execution worker for ':' Thread 6" [_thread_blocked, id=9664, stack(0x00000035dbd00000,0x00000035dbe00000)]
  0x00000175dd14d000 JavaThread "Execution worker for ':' Thread 7" [_thread_blocked, id=8528, stack(0x00000035dbe00000,0x00000035dbf00000)]
  0x00000175dd152000 JavaThread "Cache worker for execution history cache (C:\Users\P Vigneshwaran\Downloads\MyBase\.gradle\7.4\executionHistory)" [_thread_blocked, id=17716, stack(0x00000035dbf00000,0x00000035dc000000)]
=>0x00000175d91cd000 JavaThread "C2 CompilerThread1" daemon [_thread_in_native, id=19900, stack(0x00000035db500000,0x00000035db600000)]
  0x00000175dd14c000 JavaThread "WorkerExecutor Queue" [_thread_blocked, id=1052, stack(0x00000035dc000000,0x00000035dc100000)]
  0x00000175dd156000 JavaThread "Thread-120" [_thread_in_native, id=18260, stack(0x00000035dc100000,0x00000035dc200000)]

Other Threads:
  0x00000175d577b800 VMThread "VM Thread" [stack: 0x00000035d2f00000,0x00000035d3000000] [id=20416]
  0x00000175d6434800 WatcherThread [stack: 0x00000035d3900000,0x00000035d3a00000] [id=14744]
  0x00000175b8b2b800 GCTaskThread "GC Thread#0" [stack: 0x00000035d2a00000,0x00000035d2b00000] [id=18500]
  0x00000175d6810000 GCTaskThread "GC Thread#1" [stack: 0x00000035d3b00000,0x00000035d3c00000] [id=18944]
  0x00000175d72ba800 GCTaskThread "GC Thread#2" [stack: 0x00000035d3c00000,0x00000035d3d00000] [id=12416]
  0x00000175d7651800 GCTaskThread "GC Thread#3" [stack: 0x00000035d3d00000,0x00000035d3e00000] [id=3504]
  0x00000175d6e7b000 GCTaskThread "GC Thread#4" [stack: 0x00000035d3e00000,0x00000035d3f00000] [id=1780]
  0x00000175d75c7800 GCTaskThread "GC Thread#5" [stack: 0x00000035d3f00000,0x00000035d4000000] [id=4252]
  0x00000175d9618000 GCTaskThread "GC Thread#6" [stack: 0x00000035d4c00000,0x00000035d4d00000] [id=4868]
  0x00000175d961d000 GCTaskThread "GC Thread#7" [stack: 0x00000035d4d00000,0x00000035d4e00000] [id=5028]
  0x00000175bb57f000 ConcurrentGCThread "G1 Main Marker" [stack: 0x00000035d2b00000,0x00000035d2c00000] [id=14924]
  0x00000175bb580000 ConcurrentGCThread "G1 Conc#0" [stack: 0x00000035d2c00000,0x00000035d2d00000] [id=2432]
  0x00000175d961d800 ConcurrentGCThread "G1 Conc#1" [stack: 0x00000035d4e00000,0x00000035d4f00000] [id=18444]
  0x00000175d566f800 ConcurrentGCThread "G1 Refine#0" [stack: 0x00000035d2d00000,0x00000035d2e00000] [id=14484]
  0x00000175dc3f5000 ConcurrentGCThread "G1 Refine#1" [stack: 0x00000035db100000,0x00000035db200000] [id=11260]
  0x00000175d9e15000 ConcurrentGCThread "G1 Refine#2" [stack: 0x00000035db200000,0x00000035db300000] [id=9056]
  0x00000175d770b800 ConcurrentGCThread "G1 Refine#3" [stack: 0x00000035db300000,0x00000035db400000] [id=3956]
  0x00000175d5671000 ConcurrentGCThread "G1 Young RemSet Sampling" [stack: 0x00000035d2e00000,0x00000035d2f00000] [id=19648]

Threads with active compile tasks:
C2 CompilerThread1  25653 12153       4       org.objectweb.asm.MethodWriter::<init> (232 bytes)

VM state:not at safepoint (normal execution)

VM Mutex/Monitor currently owned by a thread: None

Heap address: 0x0000000080000000, size: 2048 MB, Compressed Oops mode: 32-bit
Narrow klass base: 0x0000000000000000, Narrow klass shift: 3
Compressed class space size: 1073741824 Address: 0x0000000100000000

Heap:
 garbage-first heap   total 260096K, used 181820K [0x0000000080000000, 0x0000000100000000)
  region size 1024K, 91 young (93184K), 12 survivors (12288K)
 Metaspace       used 96902K, capacity 99346K, committed 99624K, reserved 1136640K
  class space    used 12517K, capacity 13427K, committed 13548K, reserved 1048576K
Heap Regions: E=young(eden), S=young(survivor), O=old, HS=humongous(starts), HC=humongous(continues), CS=collection set, F=free, A=archive, TAMS=top-at-mark-start (previous, next)
|   0|0x0000000080000000, 0x0000000080100000, 0x0000000080100000|100%| O|  |TAMS 0x0000000080100000, 0x0000000080000000| Untracked 
|   1|0x0000000080100000, 0x0000000080200000, 0x0000000080200000|100%| O|  |TAMS 0x0000000080200000, 0x0000000080100000| Untracked 
|   2|0x0000000080200000, 0x0000000080300000, 0x0000000080300000|100%| O|  |TAMS 0x0000000080300000, 0x0000000080200000| Untracked 
|   3|0x0000000080300000, 0x0000000080400000, 0x0000000080400000|100%|HS|  |TAMS 0x0000000080400000, 0x0000000080300000| Complete 
|   4|0x0000000080400000, 0x0000000080500000, 0x0000000080500000|100%|HC|  |TAMS 0x0000000080500000, 0x0000000080400000| Complete 
|   5|0x0000000080500000, 0x0000000080600000, 0x0000000080600000|100%|HC|  |TAMS 0x0000000080600000, 0x0000000080500000| Complete 
|   6|0x0000000080600000, 0x0000000080700000, 0x0000000080700000|100%| O|  |TAMS 0x0000000080700000, 0x0000000080600000| Untracked 
|   7|0x0000000080700000, 0x0000000080800000, 0x0000000080800000|100%| O|  |TAMS 0x0000000080800000, 0x0000000080700000| Untracked 
|   8|0x0000000080800000, 0x0000000080900000, 0x0000000080900000|100%| O|  |TAMS 0x0000000080900000, 0x0000000080800000| Untracked 
|   9|0x0000000080900000, 0x0000000080a00000, 0x0000000080a00000|100%| O|  |TAMS 0x0000000080a00000, 0x0000000080900000| Untracked 
|  10|0x0000000080a00000, 0x0000000080b00000, 0x0000000080b00000|100%| O|  |TAMS 0x0000000080b00000, 0x0000000080a00000| Untracked 
|  11|0x0000000080b00000, 0x0000000080c00000, 0x0000000080c00000|100%| O|  |TAMS 0x0000000080c00000, 0x0000000080b00000| Untracked 
|  12|0x0000000080c00000, 0x0000000080d00000, 0x0000000080d00000|100%| O|  |TAMS 0x0000000080d00000, 0x0000000080c00000| Untracked 
|  13|0x0000000080d00000, 0x0000000080e00000, 0x0000000080e00000|100%| O|  |TAMS 0x0000000080e00000, 0x0000000080d00000| Untracked 
|  14|0x0000000080e00000, 0x0000000080f00000, 0x0000000080f00000|100%| O|  |TAMS 0x0000000080f00000, 0x0000000080e00000| Untracked 
|  15|0x0000000080f00000, 0x0000000081000000, 0x0000000081000000|100%| O|  |TAMS 0x0000000081000000, 0x0000000080f00000| Untracked 
|  16|0x0000000081000000, 0x0000000081100000, 0x0000000081100000|100%| O|  |TAMS 0x0000000081100000, 0x0000000081000000| Untracked 
|  17|0x0000000081100000, 0x0000000081200000, 0x0000000081200000|100%|HS|  |TAMS 0x0000000081200000, 0x0000000081100000| Complete 
|  18|0x0000000081200000, 0x0000000081300000, 0x0000000081300000|100%|HS|  |TAMS 0x0000000081300000, 0x0000000081200000| Complete 
|  19|0x0000000081300000, 0x0000000081400000, 0x0000000081400000|100%|HC|  |TAMS 0x0000000081400000, 0x0000000081300000| Complete 
|  20|0x0000000081400000, 0x0000000081500000, 0x0000000081500000|100%|HS|  |TAMS 0x0000000081500000, 0x0000000081400000| Complete 
|  21|0x0000000081500000, 0x0000000081600000, 0x0000000081600000|100%|HS|  |TAMS 0x0000000081600000, 0x0000000081500000| Complete 
|  22|0x0000000081600000, 0x0000000081700000, 0x0000000081700000|100%|HC|  |TAMS 0x0000000081700000, 0x0000000081600000| Complete 
|  23|0x0000000081700000, 0x0000000081800000, 0x0000000081800000|100%|HC|  |TAMS 0x0000000081800000, 0x0000000081700000| Complete 
|  24|0x0000000081800000, 0x0000000081900000, 0x0000000081900000|100%|HC|  |TAMS 0x0000000081900000, 0x0000000081800000| Complete 
|  25|0x0000000081900000, 0x0000000081a00000, 0x0000000081a00000|100%| O|  |TAMS 0x0000000081a00000, 0x0000000081900000| Untracked 
|  26|0x0000000081a00000, 0x0000000081b00000, 0x0000000081b00000|100%|HS|  |TAMS 0x0000000081b00000, 0x0000000081a00000| Complete 
|  27|0x0000000081b00000, 0x0000000081c00000, 0x0000000081c00000|100%|HC|  |TAMS 0x0000000081c00000, 0x0000000081b00000| Complete 
|  28|0x0000000081c00000, 0x0000000081d00000, 0x0000000081d00000|100%| O|  |TAMS 0x0000000081d00000, 0x0000000081c00000| Untracked 
|  29|0x0000000081d00000, 0x0000000081e00000, 0x0000000081e00000|100%| O|  |TAMS 0x0000000081e00000, 0x0000000081d00000| Untracked 
|  30|0x0000000081e00000, 0x0000000081f00000, 0x0000000081f00000|100%| O|  |TAMS 0x0000000081f00000, 0x0000000081e00000| Untracked 
|  31|0x0000000081f00000, 0x0000000082000000, 0x0000000082000000|100%| O|  |TAMS 0x0000000082000000, 0x0000000081f00000| Untracked 
|  32|0x0000000082000000, 0x0000000082100000, 0x0000000082100000|100%| O|  |TAMS 0x0000000082100000, 0x0000000082000000| Untracked 
|  33|0x0000000082100000, 0x0000000082200000, 0x0000000082200000|100%| O|  |TAMS 0x0000000082200000, 0x0000000082100000| Untracked 
|  34|0x0000000082200000, 0x0000000082300000, 0x0000000082300000|100%| O|  |TAMS 0x0000000082300000, 0x0000000082200000| Untracked 
|  35|0x0000000082300000, 0x0000000082400000, 0x0000000082400000|100%| O|  |TAMS 0x0000000082400000, 0x0000000082300000| Untracked 
|  36|0x0000000082400000, 0x0000000082500000, 0x0000000082500000|100%| O|  |TAMS 0x0000000082500000, 0x0000000082400000| Untracked 
|  37|0x0000000082500000, 0x0000000082600000, 0x0000000082600000|100%| O|  |TAMS 0x0000000082600000, 0x0000000082500000| Untracked 
|  38|0x0000000082600000, 0x0000000082700000, 0x0000000082700000|100%| O|  |TAMS 0x0000000082700000, 0x0000000082600000| Untracked 
|  39|0x0000000082700000, 0x0000000082800000, 0x0000000082800000|100%| O|  |TAMS 0x0000000082800000, 0x0000000082700000| Untracked 
|  40|0x0000000082800000, 0x0000000082900000, 0x0000000082900000|100%| O|  |TAMS 0x0000000082900000, 0x0000000082800000| Untracked 
|  41|0x0000000082900000, 0x0000000082a00000, 0x0000000082a00000|100%| O|  |TAMS 0x0000000082a00000, 0x0000000082900000| Untracked 
|  42|0x0000000082a00000, 0x0000000082b00000, 0x0000000082b00000|100%| O|  |TAMS 0x0000000082b00000, 0x0000000082a00000| Untracked 
|  43|0x0000000082b00000, 0x0000000082c00000, 0x0000000082c00000|100%| O|  |TAMS 0x0000000082c00000, 0x0000000082b00000| Untracked 
|  44|0x0000000082c00000, 0x0000000082d00000, 0x0000000082d00000|100%| O|  |TAMS 0x0000000082d00000, 0x0000000082c00000| Untracked 
|  45|0x0000000082d00000, 0x0000000082e00000, 0x0000000082e00000|100%| O|  |TAMS 0x0000000082e00000, 0x0000000082d00000| Untracked 
|  46|0x0000000082e00000, 0x0000000082f00000, 0x0000000082f00000|100%| O|  |TAMS 0x0000000082f00000, 0x0000000082e00000| Untracked 
|  47|0x0000000082f00000, 0x0000000083000000, 0x0000000083000000|100%| O|  |TAMS 0x0000000083000000, 0x0000000082f00000| Untracked 
|  48|0x0000000083000000, 0x0000000083100000, 0x0000000083100000|100%| O|  |TAMS 0x0000000083100000, 0x0000000083000000| Untracked 
|  49|0x0000000083100000, 0x0000000083200000, 0x0000000083200000|100%| O|  |TAMS 0x0000000083200000, 0x0000000083100000| Untracked 
|  50|0x0000000083200000, 0x0000000083300000, 0x0000000083300000|100%| O|  |TAMS 0x0000000083300000, 0x0000000083200000| Untracked 
|  51|0x0000000083300000, 0x0000000083400000, 0x0000000083400000|100%| O|  |TAMS 0x0000000083400000, 0x0000000083300000| Untracked 
|  52|0x0000000083400000, 0x0000000083500000, 0x0000000083500000|100%| O|  |TAMS 0x00000000834ea800, 0x0000000083400000| Untracked 
|  53|0x0000000083500000, 0x0000000083600000, 0x0000000083600000|100%| O|  |TAMS 0x0000000083500000, 0x0000000083500000| Untracked 
|  54|0x0000000083600000, 0x0000000083700000, 0x0000000083700000|100%| O|  |TAMS 0x0000000083600000, 0x0000000083600000| Untracked 
|  55|0x0000000083700000, 0x0000000083800000, 0x0000000083800000|100%| O|  |TAMS 0x0000000083700000, 0x0000000083700000| Untracked 
|  56|0x0000000083800000, 0x0000000083900000, 0x0000000083900000|100%| O|  |TAMS 0x0000000083800000, 0x0000000083800000| Untracked 
|  57|0x0000000083900000, 0x0000000083a00000, 0x0000000083a00000|100%| O|  |TAMS 0x0000000083900000, 0x0000000083900000| Untracked 
|  58|0x0000000083a00000, 0x0000000083b00000, 0x0000000083b00000|100%| O|  |TAMS 0x0000000083a00000, 0x0000000083a00000| Untracked 
|  59|0x0000000083b00000, 0x0000000083c00000, 0x0000000083c00000|100%| O|  |TAMS 0x0000000083b00000, 0x0000000083b00000| Untracked 
|  60|0x0000000083c00000, 0x0000000083d00000, 0x0000000083d00000|100%| O|  |TAMS 0x0000000083c00000, 0x0000000083c00000| Untracked 
|  61|0x0000000083d00000, 0x0000000083e00000, 0x0000000083e00000|100%| O|  |TAMS 0x0000000083d00000, 0x0000000083d00000| Untracked 
|  62|0x0000000083e00000, 0x0000000083f00000, 0x0000000083f00000|100%| O|  |TAMS 0x0000000083e00000, 0x0000000083e00000| Untracked 
|  63|0x0000000083f00000, 0x0000000084000000, 0x0000000084000000|100%| O|  |TAMS 0x0000000083f00000, 0x0000000083f00000| Untracked 
|  64|0x0000000084000000, 0x0000000084100000, 0x0000000084100000|100%| O|  |TAMS 0x0000000084000000, 0x0000000084000000| Untracked 
|  65|0x0000000084100000, 0x0000000084200000, 0x0000000084200000|100%| O|  |TAMS 0x0000000084100000, 0x0000000084100000| Untracked 
|  66|0x0000000084200000, 0x0000000084300000, 0x0000000084300000|100%| O|  |TAMS 0x0000000084200000, 0x0000000084200000| Untracked 
|  67|0x0000000084300000, 0x0000000084400000, 0x0000000084400000|100%| O|  |TAMS 0x0000000084300000, 0x0000000084300000| Untracked 
|  68|0x0000000084400000, 0x0000000084500000, 0x0000000084500000|100%| O|  |TAMS 0x0000000084400000, 0x0000000084400000| Untracked 
|  69|0x0000000084500000, 0x0000000084600000, 0x0000000084600000|100%| O|  |TAMS 0x0000000084500000, 0x0000000084500000| Untracked 
|  70|0x0000000084600000, 0x0000000084700000, 0x0000000084700000|100%| O|  |TAMS 0x0000000084600000, 0x0000000084600000| Untracked 
|  71|0x0000000084700000, 0x0000000084800000, 0x0000000084800000|100%| O|  |TAMS 0x0000000084700000, 0x0000000084700000| Untracked 
|  72|0x0000000084800000, 0x0000000084900000, 0x0000000084900000|100%| O|  |TAMS 0x0000000084800000, 0x0000000084800000| Untracked 
|  73|0x0000000084900000, 0x0000000084a00000, 0x0000000084a00000|100%| O|  |TAMS 0x0000000084900000, 0x0000000084900000| Untracked 
|  74|0x0000000084a00000, 0x0000000084b00000, 0x0000000084b00000|100%| O|  |TAMS 0x0000000084a00000, 0x0000000084a00000| Untracked 
|  75|0x0000000084b00000, 0x0000000084c00000, 0x0000000084c00000|100%| O|  |TAMS 0x0000000084b00000, 0x0000000084b00000| Untracked 
|  76|0x0000000084c00000, 0x0000000084d00000, 0x0000000084d00000|100%| O|  |TAMS 0x0000000084c00000, 0x0000000084c00000| Untracked 
|  77|0x0000000084d00000, 0x0000000084e00000, 0x0000000084e00000|100%| O|  |TAMS 0x0000000084d00000, 0x0000000084d00000| Untracked 
|  78|0x0000000084e00000, 0x0000000084f00000, 0x0000000084f00000|100%| O|  |TAMS 0x0000000084e00000, 0x0000000084e00000| Untracked 
|  79|0x0000000084f00000, 0x0000000085000000, 0x0000000085000000|100%| O|  |TAMS 0x0000000084f00000, 0x0000000084f00000| Untracked 
|  80|0x0000000085000000, 0x0000000085100000, 0x0000000085100000|100%| O|  |TAMS 0x0000000085000000, 0x0000000085000000| Untracked 
|  81|0x0000000085100000, 0x0000000085200000, 0x0000000085200000|100%| O|  |TAMS 0x0000000085100000, 0x0000000085100000| Untracked 
|  82|0x0000000085200000, 0x0000000085300000, 0x0000000085300000|100%| O|  |TAMS 0x0000000085200000, 0x0000000085200000| Untracked 
|  83|0x0000000085300000, 0x0000000085400000, 0x0000000085400000|100%| O|  |TAMS 0x0000000085300000, 0x0000000085300000| Untracked 
|  84|0x0000000085400000, 0x0000000085500000, 0x0000000085500000|100%| O|  |TAMS 0x0000000085400000, 0x0000000085400000| Untracked 
|  85|0x0000000085500000, 0x0000000085600000, 0x0000000085600000|100%| O|  |TAMS 0x0000000085500000, 0x0000000085500000| Untracked 
|  86|0x0000000085600000, 0x0000000085700000, 0x0000000085700000|100%| O|  |TAMS 0x0000000085600000, 0x0000000085600000| Untracked 
|  87|0x0000000085700000, 0x0000000085800000, 0x0000000085800000|100%| O|  |TAMS 0x0000000085700000, 0x0000000085700000| Untracked 
|  88|0x0000000085800000, 0x000000008588f000, 0x0000000085900000| 55%| O|  |TAMS 0x0000000085800000, 0x0000000085800000| Untracked 
|  89|0x0000000085900000, 0x0000000085900000, 0x0000000085a00000|  0%| F|  |TAMS 0x0000000085900000, 0x0000000085900000| Untracked 
|  90|0x0000000085a00000, 0x0000000085a00000, 0x0000000085b00000|  0%| F|  |TAMS 0x0000000085a00000, 0x0000000085a00000| Untracked 
|  91|0x0000000085b00000, 0x0000000085b00000, 0x0000000085c00000|  0%| F|  |TAMS 0x0000000085b00000, 0x0000000085b00000| Untracked 
|  92|0x0000000085c00000, 0x0000000085c00000, 0x0000000085d00000|  0%| F|  |TAMS 0x0000000085c00000, 0x0000000085c00000| Untracked 
|  93|0x0000000085d00000, 0x0000000085d00000, 0x0000000085e00000|  0%| F|  |TAMS 0x0000000085d00000, 0x0000000085d00000| Untracked 
|  94|0x0000000085e00000, 0x0000000085e00000, 0x0000000085f00000|  0%| F|  |TAMS 0x0000000085e00000, 0x0000000085e00000| Untracked 
|  95|0x0000000085f00000, 0x0000000085f00000, 0x0000000086000000|  0%| F|  |TAMS 0x0000000085f00000, 0x0000000085f00000| Untracked 
|  96|0x0000000086000000, 0x0000000086000000, 0x0000000086100000|  0%| F|  |TAMS 0x0000000086000000, 0x0000000086000000| Untracked 
|  97|0x0000000086100000, 0x0000000086100000, 0x0000000086200000|  0%| F|  |TAMS 0x0000000086100000, 0x0000000086100000| Untracked 
|  98|0x0000000086200000, 0x0000000086200000, 0x0000000086300000|  0%| F|  |TAMS 0x0000000086200000, 0x0000000086200000| Untracked 
|  99|0x0000000086300000, 0x0000000086300000, 0x0000000086400000|  0%| F|  |TAMS 0x0000000086300000, 0x0000000086300000| Untracked 
| 100|0x0000000086400000, 0x0000000086400000, 0x0000000086500000|  0%| F|  |TAMS 0x0000000086400000, 0x0000000086400000| Untracked 
| 101|0x0000000086500000, 0x0000000086500000, 0x0000000086600000|  0%| F|  |TAMS 0x0000000086500000, 0x0000000086500000| Untracked 
| 102|0x0000000086600000, 0x0000000086600000, 0x0000000086700000|  0%| F|  |TAMS 0x0000000086600000, 0x0000000086600000| Untracked 
| 103|0x0000000086700000, 0x0000000086700000, 0x0000000086800000|  0%| F|  |TAMS 0x0000000086700000, 0x0000000086700000| Untracked 
| 104|0x0000000086800000, 0x0000000086800000, 0x0000000086900000|  0%| F|  |TAMS 0x0000000086800000, 0x0000000086800000| Untracked 
| 105|0x0000000086900000, 0x0000000086900000, 0x0000000086a00000|  0%| F|  |TAMS 0x0000000086900000, 0x0000000086900000| Untracked 
| 106|0x0000000086a00000, 0x0000000086a00000, 0x0000000086b00000|  0%| F|  |TAMS 0x0000000086a00000, 0x0000000086a00000| Untracked 
| 107|0x0000000086b00000, 0x0000000086b00000, 0x0000000086c00000|  0%| F|  |TAMS 0x0000000086b00000, 0x0000000086b00000| Untracked 
| 108|0x0000000086c00000, 0x0000000086c00000, 0x0000000086d00000|  0%| F|  |TAMS 0x0000000086c00000, 0x0000000086c00000| Untracked 
| 109|0x0000000086d00000, 0x0000000086d00000, 0x0000000086e00000|  0%| F|  |TAMS 0x0000000086d00000, 0x0000000086d00000| Untracked 
| 110|0x0000000086e00000, 0x0000000086e00000, 0x0000000086f00000|  0%| F|  |TAMS 0x0000000086e00000, 0x0000000086e00000| Untracked 
| 111|0x0000000086f00000, 0x0000000086f00000, 0x0000000087000000|  0%| F|  |TAMS 0x0000000086f00000, 0x0000000086f00000| Untracked 
| 112|0x0000000087000000, 0x0000000087000000, 0x0000000087100000|  0%| F|  |TAMS 0x0000000087000000, 0x0000000087000000| Untracked 
| 113|0x0000000087100000, 0x0000000087100000, 0x0000000087200000|  0%| F|  |TAMS 0x0000000087100000, 0x0000000087100000| Untracked 
| 114|0x0000000087200000, 0x0000000087200000, 0x0000000087300000|  0%| F|  |TAMS 0x0000000087200000, 0x0000000087200000| Untracked 
| 115|0x0000000087300000, 0x0000000087300000, 0x0000000087400000|  0%| F|  |TAMS 0x0000000087300000, 0x0000000087300000| Untracked 
| 116|0x0000000087400000, 0x0000000087400000, 0x0000000087500000|  0%| F|  |TAMS 0x0000000087400000, 0x0000000087400000| Untracked 
| 117|0x0000000087500000, 0x0000000087500000, 0x0000000087600000|  0%| F|  |TAMS 0x0000000087500000, 0x0000000087500000| Untracked 
| 118|0x0000000087600000, 0x0000000087600000, 0x0000000087700000|  0%| F|  |TAMS 0x0000000087600000, 0x0000000087600000| Untracked 
| 119|0x0000000087700000, 0x0000000087700000, 0x0000000087800000|  0%| F|  |TAMS 0x0000000087700000, 0x0000000087700000| Untracked 
| 120|0x0000000087800000, 0x0000000087800000, 0x0000000087900000|  0%| F|  |TAMS 0x0000000087800000, 0x0000000087800000| Untracked 
| 121|0x0000000087900000, 0x0000000087900000, 0x0000000087a00000|  0%| F|  |TAMS 0x0000000087900000, 0x0000000087900000| Untracked 
| 122|0x0000000087a00000, 0x0000000087a00000, 0x0000000087b00000|  0%| F|  |TAMS 0x0000000087a00000, 0x0000000087a00000| Untracked 
| 123|0x0000000087b00000, 0x0000000087b00000, 0x0000000087c00000|  0%| F|  |TAMS 0x0000000087b00000, 0x0000000087b00000| Untracked 
| 124|0x0000000087c00000, 0x0000000087c00000, 0x0000000087d00000|  0%| F|  |TAMS 0x0000000087c00000, 0x0000000087c00000| Untracked 
| 125|0x0000000087d00000, 0x0000000087d00000, 0x0000000087e00000|  0%| F|  |TAMS 0x0000000087d00000, 0x0000000087d00000| Untracked 
| 126|0x0000000087e00000, 0x0000000087e00000, 0x0000000087f00000|  0%| F|  |TAMS 0x0000000087e00000, 0x0000000087e00000| Untracked 
| 127|0x0000000087f00000, 0x0000000087f00000, 0x0000000088000000|  0%| F|  |TAMS 0x0000000087f00000, 0x0000000087f00000| Untracked 
| 128|0x0000000088000000, 0x0000000088000000, 0x0000000088100000|  0%| F|  |TAMS 0x0000000088000000, 0x0000000088000000| Untracked 
| 129|0x0000000088100000, 0x0000000088100000, 0x0000000088200000|  0%| F|  |TAMS 0x0000000088100000, 0x0000000088100000| Untracked 
| 130|0x0000000088200000, 0x0000000088200000, 0x0000000088300000|  0%| F|  |TAMS 0x0000000088200000, 0x0000000088200000| Untracked 
| 131|0x0000000088300000, 0x0000000088300000, 0x0000000088400000|  0%| F|  |TAMS 0x0000000088300000, 0x0000000088300000| Untracked 
| 132|0x0000000088400000, 0x0000000088400000, 0x0000000088500000|  0%| F|  |TAMS 0x0000000088400000, 0x0000000088400000| Untracked 
| 133|0x0000000088500000, 0x0000000088500000, 0x0000000088600000|  0%| F|  |TAMS 0x0000000088500000, 0x0000000088500000| Untracked 
| 134|0x0000000088600000, 0x0000000088600000, 0x0000000088700000|  0%| F|  |TAMS 0x0000000088600000, 0x0000000088600000| Untracked 
| 135|0x0000000088700000, 0x0000000088700000, 0x0000000088800000|  0%| F|  |TAMS 0x0000000088700000, 0x0000000088700000| Untracked 
| 136|0x0000000088800000, 0x0000000088800000, 0x0000000088900000|  0%| F|  |TAMS 0x0000000088800000, 0x0000000088800000| Untracked 
| 137|0x0000000088900000, 0x0000000088a00000, 0x0000000088a00000|100%| S|CS|TAMS 0x0000000088900000, 0x0000000088900000| Complete 
| 138|0x0000000088a00000, 0x0000000088b00000, 0x0000000088b00000|100%| S|CS|TAMS 0x0000000088a00000, 0x0000000088a00000| Complete 
| 139|0x0000000088b00000, 0x0000000088c00000, 0x0000000088c00000|100%| S|CS|TAMS 0x0000000088b00000, 0x0000000088b00000| Complete 
| 140|0x0000000088c00000, 0x0000000088d00000, 0x0000000088d00000|100%| S|CS|TAMS 0x0000000088c00000, 0x0000000088c00000| Complete 
| 141|0x0000000088d00000, 0x0000000088e00000, 0x0000000088e00000|100%| S|CS|TAMS 0x0000000088d00000, 0x0000000088d00000| Complete 
| 142|0x0000000088e00000, 0x0000000088f00000, 0x0000000088f00000|100%| S|CS|TAMS 0x0000000088e00000, 0x0000000088e00000| Complete 
| 143|0x0000000088f00000, 0x0000000089000000, 0x0000000089000000|100%| S|CS|TAMS 0x0000000088f00000, 0x0000000088f00000| Complete 
| 144|0x0000000089000000, 0x0000000089000000, 0x0000000089100000|  0%| F|  |TAMS 0x0000000089000000, 0x0000000089000000| Untracked 
| 145|0x0000000089100000, 0x0000000089100000, 0x0000000089200000|  0%| F|  |TAMS 0x0000000089100000, 0x0000000089100000| Untracked 
| 146|0x0000000089200000, 0x0000000089200000, 0x0000000089300000|  0%| F|  |TAMS 0x0000000089200000, 0x0000000089200000| Untracked 
| 147|0x0000000089300000, 0x0000000089300000, 0x0000000089400000|  0%| F|  |TAMS 0x0000000089300000, 0x0000000089300000| Untracked 
| 148|0x0000000089400000, 0x0000000089400000, 0x0000000089500000|  0%| F|  |TAMS 0x0000000089400000, 0x0000000089400000| Untracked 
| 149|0x0000000089500000, 0x0000000089500000, 0x0000000089600000|  0%| F|  |TAMS 0x0000000089500000, 0x0000000089500000| Untracked 
| 150|0x0000000089600000, 0x0000000089700000, 0x0000000089700000|100%| S|CS|TAMS 0x0000000089600000, 0x0000000089600000| Complete 
| 151|0x0000000089700000, 0x0000000089800000, 0x0000000089800000|100%| S|CS|TAMS 0x0000000089700000, 0x0000000089700000| Complete 
| 152|0x0000000089800000, 0x0000000089900000, 0x0000000089900000|100%| S|CS|TAMS 0x0000000089800000, 0x0000000089800000| Complete 
| 153|0x0000000089900000, 0x0000000089a00000, 0x0000000089a00000|100%| S|CS|TAMS 0x0000000089900000, 0x0000000089900000| Complete 
| 154|0x0000000089a00000, 0x0000000089b00000, 0x0000000089b00000|100%| S|CS|TAMS 0x0000000089a00000, 0x0000000089a00000| Complete 
| 155|0x0000000089b00000, 0x0000000089b00000, 0x0000000089c00000|  0%| F|  |TAMS 0x0000000089b00000, 0x0000000089b00000| Untracked 
| 156|0x0000000089c00000, 0x0000000089c00000, 0x0000000089d00000|  0%| F|  |TAMS 0x0000000089c00000, 0x0000000089c00000| Untracked 
| 157|0x0000000089d00000, 0x0000000089d00000, 0x0000000089e00000|  0%| F|  |TAMS 0x0000000089d00000, 0x0000000089d00000| Untracked 
| 158|0x0000000089e00000, 0x0000000089e00000, 0x0000000089f00000|  0%| F|  |TAMS 0x0000000089e00000, 0x0000000089e00000| Untracked 
| 159|0x0000000089f00000, 0x0000000089f00000, 0x000000008a000000|  0%| F|  |TAMS 0x0000000089f00000, 0x0000000089f00000| Untracked 
| 160|0x000000008a000000, 0x000000008a000000, 0x000000008a100000|  0%| F|  |TAMS 0x000000008a000000, 0x000000008a000000| Untracked 
| 161|0x000000008a100000, 0x000000008a100000, 0x000000008a200000|  0%| F|  |TAMS 0x000000008a100000, 0x000000008a100000| Untracked 
| 162|0x000000008a200000, 0x000000008a200000, 0x000000008a300000|  0%| F|  |TAMS 0x000000008a200000, 0x000000008a200000| Untracked 
| 163|0x000000008a300000, 0x000000008a300000, 0x000000008a400000|  0%| F|  |TAMS 0x000000008a300000, 0x000000008a300000| Untracked 
| 164|0x000000008a400000, 0x000000008a400000, 0x000000008a500000|  0%| F|  |TAMS 0x000000008a400000, 0x000000008a400000| Untracked 
| 165|0x000000008a500000, 0x000000008a500000, 0x000000008a600000|  0%| F|  |TAMS 0x000000008a500000, 0x000000008a500000| Untracked 
| 166|0x000000008a600000, 0x000000008a600000, 0x000000008a700000|  0%| F|  |TAMS 0x000000008a600000, 0x000000008a600000| Untracked 
| 167|0x000000008a700000, 0x000000008a700000, 0x000000008a800000|  0%| F|  |TAMS 0x000000008a700000, 0x000000008a700000| Untracked 
| 168|0x000000008a800000, 0x000000008a800000, 0x000000008a900000|  0%| F|  |TAMS 0x000000008a800000, 0x000000008a800000| Untracked 
| 169|0x000000008a900000, 0x000000008a900000, 0x000000008aa00000|  0%| F|  |TAMS 0x000000008a900000, 0x000000008a900000| Untracked 
| 170|0x000000008aa00000, 0x000000008aa00000, 0x000000008ab00000|  0%| F|  |TAMS 0x000000008aa00000, 0x000000008aa00000| Untracked 
| 171|0x000000008ab00000, 0x000000008ab00000, 0x000000008ac00000|  0%| F|  |TAMS 0x000000008ab00000, 0x000000008ab00000| Untracked 
| 172|0x000000008ac00000, 0x000000008ac00000, 0x000000008ad00000|  0%| F|  |TAMS 0x000000008ac00000, 0x000000008ac00000| Untracked 
| 173|0x000000008ad00000, 0x000000008ad00000, 0x000000008ae00000|  0%| F|  |TAMS 0x000000008ad00000, 0x000000008ad00000| Untracked 
| 174|0x000000008ae00000, 0x000000008ae00000, 0x000000008af00000|  0%| F|  |TAMS 0x000000008ae00000, 0x000000008ae00000| Untracked 
| 175|0x000000008af00000, 0x000000008af21568, 0x000000008b000000| 13%| E|  |TAMS 0x000000008af00000, 0x000000008af00000| Complete 
| 176|0x000000008b000000, 0x000000008b100000, 0x000000008b100000|100%| E|CS|TAMS 0x000000008b000000, 0x000000008b000000| Complete 
| 177|0x000000008b100000, 0x000000008b200000, 0x000000008b200000|100%| E|CS|TAMS 0x000000008b100000, 0x000000008b100000| Complete 
| 178|0x000000008b200000, 0x000000008b300000, 0x000000008b300000|100%| E|CS|TAMS 0x000000008b200000, 0x000000008b200000| Complete 
| 179|0x000000008b300000, 0x000000008b400000, 0x000000008b400000|100%| E|CS|TAMS 0x000000008b300000, 0x000000008b300000| Complete 
| 180|0x000000008b400000, 0x000000008b500000, 0x000000008b500000|100%| E|CS|TAMS 0x000000008b400000, 0x000000008b400000| Complete 
| 181|0x000000008b500000, 0x000000008b600000, 0x000000008b600000|100%| E|CS|TAMS 0x000000008b500000, 0x000000008b500000| Complete 
| 182|0x000000008b600000, 0x000000008b700000, 0x000000008b700000|100%| E|CS|TAMS 0x000000008b600000, 0x000000008b600000| Complete 
| 183|0x000000008b700000, 0x000000008b800000, 0x000000008b800000|100%| E|CS|TAMS 0x000000008b700000, 0x000000008b700000| Complete 
| 184|0x000000008b800000, 0x000000008b900000, 0x000000008b900000|100%| E|CS|TAMS 0x000000008b800000, 0x000000008b800000| Complete 
| 185|0x000000008b900000, 0x000000008ba00000, 0x000000008ba00000|100%| E|  |TAMS 0x000000008b900000, 0x000000008b900000| Complete 
| 186|0x000000008ba00000, 0x000000008bb00000, 0x000000008bb00000|100%| E|CS|TAMS 0x000000008ba00000, 0x000000008ba00000| Complete 
| 187|0x000000008bb00000, 0x000000008bc00000, 0x000000008bc00000|100%| E|CS|TAMS 0x000000008bb00000, 0x000000008bb00000| Complete 
| 188|0x000000008bc00000, 0x000000008bd00000, 0x000000008bd00000|100%| E|CS|TAMS 0x000000008bc00000, 0x000000008bc00000| Complete 
| 189|0x000000008bd00000, 0x000000008be00000, 0x000000008be00000|100%| E|CS|TAMS 0x000000008bd00000, 0x000000008bd00000| Complete 
| 190|0x000000008be00000, 0x000000008bf00000, 0x000000008bf00000|100%| E|CS|TAMS 0x000000008be00000, 0x000000008be00000| Complete 
| 191|0x000000008bf00000, 0x000000008c000000, 0x000000008c000000|100%| E|CS|TAMS 0x000000008bf00000, 0x000000008bf00000| Complete 
| 192|0x000000008c000000, 0x000000008c100000, 0x000000008c100000|100%| E|CS|TAMS 0x000000008c000000, 0x000000008c000000| Complete 
| 193|0x000000008c100000, 0x000000008c200000, 0x000000008c200000|100%| E|CS|TAMS 0x000000008c100000, 0x000000008c100000| Complete 
| 194|0x000000008c200000, 0x000000008c300000, 0x000000008c300000|100%| E|CS|TAMS 0x000000008c200000, 0x000000008c200000| Complete 
| 195|0x000000008c300000, 0x000000008c400000, 0x000000008c400000|100%| E|CS|TAMS 0x000000008c300000, 0x000000008c300000| Complete 
| 196|0x000000008c400000, 0x000000008c500000, 0x000000008c500000|100%| E|CS|TAMS 0x000000008c400000, 0x000000008c400000| Complete 
| 197|0x000000008c500000, 0x000000008c600000, 0x000000008c600000|100%| E|CS|TAMS 0x000000008c500000, 0x000000008c500000| Complete 
| 198|0x000000008c600000, 0x000000008c700000, 0x000000008c700000|100%| E|CS|TAMS 0x000000008c600000, 0x000000008c600000| Complete 
| 199|0x000000008c700000, 0x000000008c800000, 0x000000008c800000|100%| E|CS|TAMS 0x000000008c700000, 0x000000008c700000| Complete 
| 200|0x000000008c800000, 0x000000008c900000, 0x000000008c900000|100%| E|CS|TAMS 0x000000008c800000, 0x000000008c800000| Complete 
| 201|0x000000008c900000, 0x000000008ca00000, 0x000000008ca00000|100%| E|CS|TAMS 0x000000008c900000, 0x000000008c900000| Complete 
| 202|0x000000008ca00000, 0x000000008cb00000, 0x000000008cb00000|100%| E|CS|TAMS 0x000000008ca00000, 0x000000008ca00000| Complete 
| 203|0x000000008cb00000, 0x000000008cc00000, 0x000000008cc00000|100%| E|CS|TAMS 0x000000008cb00000, 0x000000008cb00000| Complete 
| 204|0x000000008cc00000, 0x000000008cd00000, 0x000000008cd00000|100%| E|CS|TAMS 0x000000008cc00000, 0x000000008cc00000| Complete 
| 205|0x000000008cd00000, 0x000000008ce00000, 0x000000008ce00000|100%| E|CS|TAMS 0x000000008cd00000, 0x000000008cd00000| Complete 
| 206|0x000000008ce00000, 0x000000008cf00000, 0x000000008cf00000|100%| E|CS|TAMS 0x000000008ce00000, 0x000000008ce00000| Complete 
| 207|0x000000008cf00000, 0x000000008d000000, 0x000000008d000000|100%| E|CS|TAMS 0x000000008cf00000, 0x000000008cf00000| Complete 
| 208|0x000000008d000000, 0x000000008d100000, 0x000000008d100000|100%| E|CS|TAMS 0x000000008d000000, 0x000000008d000000| Complete 
| 209|0x000000008d100000, 0x000000008d200000, 0x000000008d200000|100%| E|CS|TAMS 0x000000008d100000, 0x000000008d100000| Complete 
| 210|0x000000008d200000, 0x000000008d300000, 0x000000008d300000|100%| E|CS|TAMS 0x000000008d200000, 0x000000008d200000| Complete 
| 211|0x000000008d300000, 0x000000008d400000, 0x000000008d400000|100%| E|CS|TAMS 0x000000008d300000, 0x000000008d300000| Complete 
| 212|0x000000008d400000, 0x000000008d500000, 0x000000008d500000|100%| E|CS|TAMS 0x000000008d400000, 0x000000008d400000| Complete 
| 213|0x000000008d500000, 0x000000008d600000, 0x000000008d600000|100%| E|CS|TAMS 0x000000008d500000, 0x000000008d500000| Complete 
| 214|0x000000008d600000, 0x000000008d700000, 0x000000008d700000|100%| E|CS|TAMS 0x000000008d600000, 0x000000008d600000| Complete 
| 215|0x000000008d700000, 0x000000008d800000, 0x000000008d800000|100%| E|CS|TAMS 0x000000008d700000, 0x000000008d700000| Complete 
| 216|0x000000008d800000, 0x000000008d900000, 0x000000008d900000|100%| E|CS|TAMS 0x000000008d800000, 0x000000008d800000| Complete 
| 217|0x000000008d900000, 0x000000008da00000, 0x000000008da00000|100%| E|CS|TAMS 0x000000008d900000, 0x000000008d900000| Complete 
| 218|0x000000008da00000, 0x000000008db00000, 0x000000008db00000|100%| E|CS|TAMS 0x000000008da00000, 0x000000008da00000| Complete 
| 219|0x000000008db00000, 0x000000008dc00000, 0x000000008dc00000|100%| E|CS|TAMS 0x000000008db00000, 0x000000008db00000| Complete 
| 220|0x000000008dc00000, 0x000000008dd00000, 0x000000008dd00000|100%| E|CS|TAMS 0x000000008dc00000, 0x000000008dc00000| Complete 
| 221|0x000000008dd00000, 0x000000008de00000, 0x000000008de00000|100%| E|CS|TAMS 0x000000008dd00000, 0x000000008dd00000| Complete 
| 222|0x000000008de00000, 0x000000008df00000, 0x000000008df00000|100%| E|CS|TAMS 0x000000008de00000, 0x000000008de00000| Complete 
| 223|0x000000008df00000, 0x000000008e000000, 0x000000008e000000|100%| E|CS|TAMS 0x000000008df00000, 0x000000008df00000| Complete 
| 224|0x000000008e000000, 0x000000008e100000, 0x000000008e100000|100%| E|CS|TAMS 0x000000008e000000, 0x000000008e000000| Complete 
| 225|0x000000008e100000, 0x000000008e200000, 0x000000008e200000|100%| E|CS|TAMS 0x000000008e100000, 0x000000008e100000| Complete 
| 226|0x000000008e200000, 0x000000008e300000, 0x000000008e300000|100%| E|CS|TAMS 0x000000008e200000, 0x000000008e200000| Complete 
| 227|0x000000008e300000, 0x000000008e400000, 0x000000008e400000|100%| E|CS|TAMS 0x000000008e300000, 0x000000008e300000| Complete 
| 228|0x000000008e400000, 0x000000008e500000, 0x000000008e500000|100%| E|CS|TAMS 0x000000008e400000, 0x000000008e400000| Complete 
| 229|0x000000008e500000, 0x000000008e600000, 0x000000008e600000|100%| E|CS|TAMS 0x000000008e500000, 0x000000008e500000| Complete 
| 230|0x000000008e600000, 0x000000008e700000, 0x000000008e700000|100%| E|CS|TAMS 0x000000008e600000, 0x000000008e600000| Complete 
| 231|0x000000008e700000, 0x000000008e800000, 0x000000008e800000|100%| E|CS|TAMS 0x000000008e700000, 0x000000008e700000| Complete 
| 232|0x000000008e800000, 0x000000008e900000, 0x000000008e900000|100%| E|CS|TAMS 0x000000008e800000, 0x000000008e800000| Complete 
| 233|0x000000008e900000, 0x000000008ea00000, 0x000000008ea00000|100%| E|CS|TAMS 0x000000008e900000, 0x000000008e900000| Complete 
| 234|0x000000008ea00000, 0x000000008eb00000, 0x000000008eb00000|100%| E|CS|TAMS 0x000000008ea00000, 0x000000008ea00000| Complete 
| 235|0x000000008eb00000, 0x000000008ec00000, 0x000000008ec00000|100%| E|CS|TAMS 0x000000008eb00000, 0x000000008eb00000| Complete 
| 236|0x000000008ec00000, 0x000000008ed00000, 0x000000008ed00000|100%| E|CS|TAMS 0x000000008ec00000, 0x000000008ec00000| Complete 
| 237|0x000000008ed00000, 0x000000008ee00000, 0x000000008ee00000|100%| E|CS|TAMS 0x000000008ed00000, 0x000000008ed00000| Complete 
| 238|0x000000008ee00000, 0x000000008ef00000, 0x000000008ef00000|100%| E|CS|TAMS 0x000000008ee00000, 0x000000008ee00000| Complete 
| 239|0x000000008ef00000, 0x000000008f000000, 0x000000008f000000|100%| E|CS|TAMS 0x000000008ef00000, 0x000000008ef00000| Complete 
| 240|0x000000008f000000, 0x000000008f100000, 0x000000008f100000|100%| E|CS|TAMS 0x000000008f000000, 0x000000008f000000| Complete 
| 241|0x000000008f100000, 0x000000008f200000, 0x000000008f200000|100%| E|CS|TAMS 0x000000008f100000, 0x000000008f100000| Complete 
| 242|0x000000008f200000, 0x000000008f300000, 0x000000008f300000|100%| E|CS|TAMS 0x000000008f200000, 0x000000008f200000| Complete 
| 243|0x000000008f300000, 0x000000008f400000, 0x000000008f400000|100%| E|CS|TAMS 0x000000008f300000, 0x000000008f300000| Complete 
| 244|0x000000008f400000, 0x000000008f500000, 0x000000008f500000|100%| E|CS|TAMS 0x000000008f400000, 0x000000008f400000| Complete 
| 245|0x000000008f500000, 0x000000008f600000, 0x000000008f600000|100%| E|CS|TAMS 0x000000008f500000, 0x000000008f500000| Complete 
| 246|0x000000008f600000, 0x000000008f700000, 0x000000008f700000|100%| E|CS|TAMS 0x000000008f600000, 0x000000008f600000| Complete 
| 247|0x000000008f700000, 0x000000008f800000, 0x000000008f800000|100%| E|CS|TAMS 0x000000008f700000, 0x000000008f700000| Complete 
| 248|0x000000008f800000, 0x000000008f900000, 0x000000008f900000|100%| E|CS|TAMS 0x000000008f800000, 0x000000008f800000| Complete 
| 249|0x000000008f900000, 0x000000008fa00000, 0x000000008fa00000|100%| E|CS|TAMS 0x000000008f900000, 0x000000008f900000| Complete 
| 250|0x000000008fa00000, 0x000000008fb00000, 0x000000008fb00000|100%| E|CS|TAMS 0x000000008fa00000, 0x000000008fa00000| Complete 
| 251|0x000000008fb00000, 0x000000008fc00000, 0x000000008fc00000|100%| E|CS|TAMS 0x000000008fb00000, 0x000000008fb00000| Complete 
| 252|0x000000008fc00000, 0x000000008fd00000, 0x000000008fd00000|100%| E|CS|TAMS 0x000000008fc00000, 0x000000008fc00000| Complete 
| 253|0x000000008fd00000, 0x000000008fe00000, 0x000000008fe00000|100%| E|CS|TAMS 0x000000008fd00000, 0x000000008fd00000| Complete 

Card table byte_map: [0x00000175ce720000,0x00000175ceb20000] _byte_map_base: 0x00000175ce320000

Marking Bits (Prev, Next): (CMBitMap*) 0x00000175bb575fe8, (CMBitMap*) 0x00000175bb576020
 Prev Bits: [0x00000175cef20000, 0x00000175d0f20000)
 Next Bits: [0x00000175d0f20000, 0x00000175d2f20000)

Polling page: 0x00000175b8d80000

Metaspace:

Usage:
  Non-class:     83.91 MB capacity,    82.41 MB ( 98%) used,     1.22 MB (  1%) free+waste,   283.25 KB ( <1%) overhead. 
      Class:     13.11 MB capacity,    12.22 MB ( 93%) used,   782.83 KB (  6%) free+waste,   126.25 KB ( <1%) overhead. 
       Both:     97.02 MB capacity,    94.63 MB ( 98%) used,     1.99 MB (  2%) free+waste,   409.50 KB ( <1%) overhead. 

Virtual space:
  Non-class space:       86.00 MB reserved,      84.06 MB ( 98%) committed 
      Class space:        1.00 GB reserved,      13.23 MB (  1%) committed 
             Both:        1.08 GB reserved,      97.29 MB (  9%) committed 

Chunk freelists:
   Non-Class:  29.00 KB
       Class:  13.00 KB
        Both:  42.00 KB

MaxMetaspaceSize: 17179869184.00 GB
CompressedClassSpaceSize: 1.00 GB
Initial GC threshold: 20.80 MB
Current GC threshold: 112.15 MB
CDS: off

CodeHeap 'non-profiled nmethods': size=120000Kb used=7012Kb max_used=7012Kb free=112987Kb
 bounds [0x00000175c6ab0000, 0x00000175c7190000, 0x00000175cdfe0000]
CodeHeap 'profiled nmethods': size=120000Kb used=26933Kb max_used=26933Kb free=93066Kb
 bounds [0x00000175bf580000, 0x00000175c0fd0000, 0x00000175c6ab0000]
CodeHeap 'non-nmethods': size=5760Kb used=2401Kb max_used=2453Kb free=3358Kb
 bounds [0x00000175befe0000, 0x00000175bf250000, 0x00000175bf580000]
 total_blobs=13208 nmethods=12278 adapters=841
 compilation: enabled
              stopped_count=0, restarted_count=0
 full_count=0

Compilation events (20 events):
Event: 24.295 Thread 0x00000175d62c1000 12257       2       org.gradle.api.internal.artifacts.transform.MutableConsumerVariantMatchResult::asImmutable (65 bytes)
Event: 24.296 Thread 0x00000175d62c1000 nmethod 12257 0x00000175c0f91d90 code [0x00000175c0f91f80, 0x00000175c0f92378]
Event: 24.296 Thread 0x00000175d62c1000 12258       2       org.gradle.internal.snapshot.impl.EnumValueSnapshot::equals (63 bytes)
Event: 24.297 Thread 0x00000175d62c1000 nmethod 12258 0x00000175c0f92510 code [0x00000175c0f926e0, 0x00000175c0f92918]
Event: 24.374 Thread 0x00000175d62bc800 nmethod 12105 0x00000175c7141210 code [0x00000175c7141740, 0x00000175c7147980]
Event: 24.374 Thread 0x00000175d62bc800 12179       4       java.net.URI$Parser::scan (76 bytes)
Event: 24.387 Thread 0x00000175d62bc800 nmethod 12179 0x00000175c714ae10 code [0x00000175c714b020, 0x00000175c714b550]
Event: 24.387 Thread 0x00000175d62bc800 12106 %     4       java.lang.Class::searchMethods @ 18 (104 bytes)
Event: 24.404 Thread 0x00000175d62bc800 nmethod 12106% 0x00000175c714bb10 code [0x00000175c714bce0, 0x00000175c714c418]
Event: 24.404 Thread 0x00000175d62bc800 12138       4       java.util.regex.Pattern::atom (422 bytes)
Event: 24.410 Thread 0x00000175d91cd000 nmethod 12079 0x00000175c714c890 code [0x00000175c714ce80, 0x00000175c7153e38]
Event: 24.411 Thread 0x00000175d91cd000 12153       4       org.objectweb.asm.MethodWriter::<init> (232 bytes)
Event: 24.414 Thread 0x00000175d62c1000 12260       3       java.lang.invoke.InvokerBytecodeGenerator::methodPrologue (29 bytes)
Event: 24.415 Thread 0x00000175d62c1000 nmethod 12260 0x00000175c0f92a90 code [0x00000175c0f92c80, 0x00000175c0f93098]
Event: 24.415 Thread 0x00000175d62c1000 12262       3       java.lang.invoke.InvokerBytecodeGenerator::addMethod (685 bytes)
Event: 24.419 Thread 0x00000175d62c1000 nmethod 12262 0x00000175c0f93290 code [0x00000175c0f93820, 0x00000175c0f960a8]
Event: 24.419 Thread 0x00000175d62c1000 12264       3       java.lang.invoke.InvokerBytecodeGenerator::emitReturn (107 bytes)
Event: 24.420 Thread 0x00000175d62c1000 nmethod 12264 0x00000175c0f96f10 code [0x00000175c0f97140, 0x00000175c0f97728]
Event: 24.420 Thread 0x00000175d62c1000 12261       3       java.lang.invoke.InvokerBytecodeGenerator$CpPatch::<init> (20 bytes)
Event: 24.421 Thread 0x00000175d62c1000 nmethod 12261 0x00000175c0f97a90 code [0x00000175c0f97c40, 0x00000175c0f97e58]

GC Heap History (20 events):
Event: 7.694 GC heap before
{Heap before GC invocations=6 (full 0):
 garbage-first heap   total 260096K, used 157736K [0x0000000080000000, 0x0000000100000000)
  region size 1024K, 135 young (138240K), 6 survivors (6144K)
 Metaspace       used 45785K, capacity 46907K, committed 47184K, reserved 1089536K
  class space    used 5800K, capacity 6189K, committed 6304K, reserved 1048576K
}
Event: 7.709 GC heap after
{Heap after GC invocations=7 (full 0):
 garbage-first heap   total 260096K, used 29760K [0x0000000080000000, 0x0000000100000000)
  region size 1024K, 13 young (13312K), 13 survivors (13312K)
 Metaspace       used 45785K, capacity 46907K, committed 47184K, reserved 1089536K
  class space    used 5800K, capacity 6189K, committed 6304K, reserved 1048576K
}
Event: 13.114 GC heap before
{Heap before GC invocations=7 (full 0):
 garbage-first heap   total 260096K, used 182336K [0x0000000080000000, 0x0000000100000000)
  region size 1024K, 152 young (155648K), 13 survivors (13312K)
 Metaspace       used 54934K, capacity 56321K, committed 56656K, reserved 1097728K
  class space    used 6961K, capacity 7472K, committed 7584K, reserved 1048576K
}
Event: 13.132 GC heap after
{Heap after GC invocations=8 (full 0):
 garbage-first heap   total 260096K, used 53811K [0x0000000080000000, 0x0000000100000000)
  region size 1024K, 19 young (19456K), 19 survivors (19456K)
 Metaspace       used 54934K, capacity 56321K, committed 56656K, reserved 1097728K
  class space    used 6961K, capacity 7472K, committed 7584K, reserved 1048576K
}
Event: 13.519 GC heap before
{Heap before GC invocations=8 (full 0):
 garbage-first heap   total 260096K, used 79411K [0x0000000080000000, 0x0000000100000000)
  region size 1024K, 45 young (46080K), 19 survivors (19456K)
 Metaspace       used 58962K, capacity 60429K, committed 60508K, reserved 1101824K
  class space    used 7426K, capacity 7944K, committed 7968K, reserved 1048576K
}
Event: 13.542 GC heap after
{Heap after GC invocations=9 (full 0):
 garbage-first heap   total 260096K, used 57258K [0x0000000080000000, 0x0000000100000000)
  region size 1024K, 3 young (3072K), 3 survivors (3072K)
 Metaspace       used 58962K, capacity 60429K, committed 60508K, reserved 1101824K
  class space    used 7426K, capacity 7944K, committed 7968K, reserved 1048576K
}
Event: 14.689 GC heap before
{Heap before GC invocations=10 (full 0):
 garbage-first heap   total 260096K, used 157610K [0x0000000080000000, 0x0000000100000000)
  region size 1024K, 94 young (96256K), 3 survivors (3072K)
 Metaspace       used 66715K, capacity 68346K, committed 68520K, reserved 1110016K
  class space    used 8423K, capacity 9011K, committed 9068K, reserved 1048576K
}
Event: 14.697 GC heap after
{Heap after GC invocations=11 (full 0):
 garbage-first heap   total 260096K, used 62082K [0x0000000080000000, 0x0000000100000000)
  region size 1024K, 8 young (8192K), 8 survivors (8192K)
 Metaspace       used 66715K, capacity 68346K, committed 68520K, reserved 1110016K
  class space    used 8423K, capacity 9011K, committed 9068K, reserved 1048576K
}
Event: 15.798 GC heap before
{Heap before GC invocations=12 (full 0):
 garbage-first heap   total 260096K, used 159362K [0x0000000080000000, 0x0000000100000000)
  region size 1024K, 103 young (105472K), 8 survivors (8192K)
 Metaspace       used 72364K, capacity 73927K, committed 74280K, reserved 1114112K
  class space    used 9260K, capacity 9860K, committed 9964K, reserved 1048576K
}
Event: 15.810 GC heap after
{Heap after GC invocations=13 (full 0):
 garbage-first heap   total 260096K, used 68578K [0x0000000080000000, 0x0000000100000000)
  region size 1024K, 13 young (13312K), 13 survivors (13312K)
 Metaspace       used 72364K, capacity 73927K, committed 74280K, reserved 1114112K
  class space    used 9260K, capacity 9860K, committed 9964K, reserved 1048576K
}
Event: 17.393 GC heap before
{Heap before GC invocations=13 (full 0):
 garbage-first heap   total 260096K, used 169954K [0x0000000080000000, 0x0000000100000000)
  region size 1024K, 112 young (114688K), 13 survivors (13312K)
 Metaspace       used 81635K, capacity 83389K, committed 83624K, reserved 1122304K
  class space    used 10606K, capacity 11269K, committed 11372K, reserved 1048576K
}
Event: 17.409 GC heap after
{Heap after GC invocations=14 (full 0):
 garbage-first heap   total 260096K, used 75044K [0x0000000080000000, 0x0000000100000000)
  region size 1024K, 13 young (13312K), 13 survivors (13312K)
 Metaspace       used 81635K, capacity 83389K, committed 83624K, reserved 1122304K
  class space    used 10606K, capacity 11269K, committed 11372K, reserved 1048576K
}
Event: 19.238 GC heap before
{Heap before GC invocations=14 (full 0):
 garbage-first heap   total 260096K, used 177444K [0x0000000080000000, 0x0000000100000000)
  region size 1024K, 113 young (115712K), 13 survivors (13312K)
 Metaspace       used 87887K, capacity 90077K, committed 90280K, reserved 1128448K
  class space    used 11468K, capacity 12314K, committed 12396K, reserved 1048576K
}
Event: 19.256 GC heap after
{Heap after GC invocations=15 (full 0):
 garbage-first heap   total 260096K, used 84096K [0x0000000080000000, 0x0000000100000000)
  region size 1024K, 15 young (15360K), 15 survivors (15360K)
 Metaspace       used 87887K, capacity 90077K, committed 90280K, reserved 1128448K
  class space    used 11468K, capacity 12314K, committed 12396K, reserved 1048576K
}
Event: 20.782 GC heap before
{Heap before GC invocations=15 (full 0):
 garbage-first heap   total 260096K, used 184448K [0x0000000080000000, 0x0000000100000000)
  region size 1024K, 114 young (116736K), 15 survivors (15360K)
 Metaspace       used 88885K, capacity 91117K, committed 91304K, reserved 1128448K
  class space    used 11513K, capacity 12342K, committed 12396K, reserved 1048576K
}
Event: 20.805 GC heap after
{Heap after GC invocations=16 (full 0):
 garbage-first heap   total 260096K, used 92360K [0x0000000080000000, 0x0000000100000000)
  region size 1024K, 10 young (10240K), 10 survivors (10240K)
 Metaspace       used 88885K, capacity 91117K, committed 91304K, reserved 1128448K
  class space    used 11513K, capacity 12342K, committed 12396K, reserved 1048576K
}
Event: 23.336 GC heap before
{Heap before GC invocations=16 (full 0):
 garbage-first heap   total 260096K, used 190664K [0x0000000080000000, 0x0000000100000000)
  region size 1024K, 107 young (109568K), 10 survivors (10240K)
 Metaspace       used 90334K, capacity 92660K, committed 92840K, reserved 1130496K
  class space    used 11692K, capacity 12544K, committed 12652K, reserved 1048576K
}
Event: 23.346 GC heap after
{Heap after GC invocations=17 (full 0):
 garbage-first heap   total 260096K, used 98586K [0x0000000080000000, 0x0000000100000000)
  region size 1024K, 8 young (8192K), 8 survivors (8192K)
 Metaspace       used 90334K, capacity 92660K, committed 92840K, reserved 1130496K
  class space    used 11692K, capacity 12544K, committed 12652K, reserved 1048576K
}
Event: 24.187 GC heap before
{Heap before GC invocations=17 (full 0):
 garbage-first heap   total 260096K, used 196890K [0x0000000080000000, 0x0000000100000000)
  region size 1024K, 105 young (107520K), 8 survivors (8192K)
 Metaspace       used 96570K, capacity 98988K, committed 99240K, reserved 1134592K
  class space    used 12470K, capacity 13349K, committed 13420K, reserved 1048576K
}
Event: 24.202 GC heap after
{Heap after GC invocations=18 (full 0):
 garbage-first heap   total 260096K, used 102972K [0x0000000080000000, 0x0000000100000000)
  region size 1024K, 12 young (12288K), 12 survivors (12288K)
 Metaspace       used 96570K, capacity 98988K, committed 99240K, reserved 1134592K
  class space    used 12470K, capacity 13349K, committed 13420K, reserved 1048576K
}

Deoptimization events (20 events):
Event: 24.162 Thread 0x00000175dd14c000 DEOPT PACKING pc=0x00000175c6f12dec sp=0x00000035dc0fd170
Event: 24.162 Thread 0x00000175dd14c000 DEOPT UNPACKING pc=0x00000175bf02a1af sp=0x00000035dc0fd100 mode 2
Event: 24.162 Thread 0x00000175dd14c000 Uncommon trap: trap_request=0xffffffde fr.pc=0x00000175c6f12dec relative=0x000000000000028c
Event: 24.162 Thread 0x00000175dd14c000 Uncommon trap: reason=class_check action=maybe_recompile pc=0x00000175c6f12dec method=java.util.regex.Matcher.search(I)Z @ 121 c2
Event: 24.162 Thread 0x00000175dd14c000 DEOPT PACKING pc=0x00000175c6f12dec sp=0x00000035dc0fd170
Event: 24.162 Thread 0x00000175dd14c000 DEOPT UNPACKING pc=0x00000175bf02a1af sp=0x00000035dc0fd100 mode 2
Event: 24.228 Thread 0x00000175db8db800 DEOPT PACKING pc=0x00000175c0f8a9c4 sp=0x00000035daafdbe0
Event: 24.228 Thread 0x00000175db8db800 DEOPT UNPACKING pc=0x00000175bf02a95e sp=0x00000035daafd180 mode 0
Event: 24.263 Thread 0x00000175d9483800 DEOPT PACKING pc=0x00000175c0f8a9c4 sp=0x00000035d8ffd6b0
Event: 24.263 Thread 0x00000175d9483800 DEOPT UNPACKING pc=0x00000175bf02a95e sp=0x00000035d8ffcc50 mode 0
Event: 24.270 Thread 0x00000175dd14f800 Uncommon trap: trap_request=0xffffffc6 fr.pc=0x00000175c6f32d08 relative=0x00000000000000c8
Event: 24.270 Thread 0x00000175dd14f800 Uncommon trap: reason=bimorphic_or_optimized_type_check action=maybe_recompile pc=0x00000175c6f32d08 method=com.google.common.collect.RegularImmutableMap.checkNoConflictInKeyBucket(Ljava/lang/Object;Ljava/util/Map$Entry;Lcom/google/common/collect/Immutabl
Event: 24.271 Thread 0x00000175dd14f800 DEOPT PACKING pc=0x00000175c6f32d08 sp=0x00000035db9fcda0
Event: 24.271 Thread 0x00000175dd14f800 DEOPT UNPACKING pc=0x00000175bf02a1af sp=0x00000035db9fcd48 mode 2
Event: 24.343 Thread 0x00000175d658b800 DEOPT PACKING pc=0x00000175c0f8a9c4 sp=0x00000035d72fd6a0
Event: 24.343 Thread 0x00000175d658b800 DEOPT UNPACKING pc=0x00000175bf02a95e sp=0x00000035d72fcc40 mode 0
Event: 24.395 Thread 0x00000175d658b800 DEOPT PACKING pc=0x00000175c0f8a9c4 sp=0x00000035d72fd8f0
Event: 24.395 Thread 0x00000175d658b800 DEOPT UNPACKING pc=0x00000175bf02a95e sp=0x00000035d72fce90 mode 0
Event: 24.455 Thread 0x00000175d9487000 DEOPT PACKING pc=0x00000175c0f8a9c4 sp=0x00000035d98fd740
Event: 24.455 Thread 0x00000175d9487000 DEOPT UNPACKING pc=0x00000175bf02a95e sp=0x00000035d98fcce0 mode 0

Classes redefined (0 events):
No events

Internal exceptions (20 events):
Event: 19.792 Thread 0x00000175d9482000 Implicit null exception at 0x00000175c6ff465b to 0x00000175c6ff46ec
Event: 19.792 Thread 0x00000175d9489800 Implicit null exception at 0x00000175c6ff465b to 0x00000175c6ff46ec
Event: 19.792 Thread 0x00000175d9485800 Implicit null exception at 0x00000175c6ff465b to 0x00000175c6ff46ec
Event: 20.020 Thread 0x00000175d6581000 Implicit null exception at 0x00000175c6fffad9 to 0x00000175c70002e4
Event: 20.163 Thread 0x00000175dd148000 Exception <a 'java/lang/NoSuchMethodError'{0x000000008c6a2548}: 'void java.lang.invoke.DirectMethodHandle$Holder.invokeInterface(java.lang.Object, java.lang.Object, java.lang.Object, java.lang.Object)'> (0x000000008c6a2548) thrown at [./src/hotspot/share/interpreter/linkResolver.cpp, line 773]
Event: 20.528 Thread 0x00000175dd148000 Exception <a 'java/lang/NoSuchMethodError'{0x000000008ae14fa0}: <clinit>> (0x000000008ae14fa0) thrown at [./src/hotspot/share/prims/jni.cpp, line 1366]
Event: 20.961 Thread 0x00000175dd148000 Exception <a 'java/lang/NoSuchMethodError'{0x000000008ed76360}: <clinit>> (0x000000008ed76360) thrown at [./src/hotspot/share/prims/jni.cpp, line 1366]
Event: 20.962 Thread 0x00000175dd148000 Exception <a 'java/lang/NoSuchMethodError'{0x000000008ed77950}: <clinit>> (0x000000008ed77950) thrown at [./src/hotspot/share/prims/jni.cpp, line 1366]
Event: 20.962 Thread 0x00000175dd148000 Exception <a 'java/lang/NoSuchMethodError'{0x000000008ed7a550}: <clinit>> (0x000000008ed7a550) thrown at [./src/hotspot/share/prims/jni.cpp, line 1366]
Event: 20.963 Thread 0x00000175dd148000 Exception <a 'java/lang/NoSuchMethodError'{0x000000008ed91380}: <clinit>> (0x000000008ed91380) thrown at [./src/hotspot/share/prims/jni.cpp, line 1366]
Event: 20.963 Thread 0x00000175dd148000 Exception <a 'java/lang/NoSuchMethodError'{0x000000008ed925b8}: <clinit>> (0x000000008ed925b8) thrown at [./src/hotspot/share/prims/jni.cpp, line 1366]
Event: 24.069 Thread 0x00000175dd148000 Exception <a 'java/lang/NoSuchMethodError'{0x000000008ab15a10}: <clinit>> (0x000000008ab15a10) thrown at [./src/hotspot/share/prims/jni.cpp, line 1366]
Event: 24.070 Thread 0x00000175dd148000 Exception <a 'java/lang/NoSuchMethodError'{0x000000008ab32e10}: <clinit>> (0x000000008ab32e10) thrown at [./src/hotspot/share/prims/jni.cpp, line 1366]
Event: 24.070 Thread 0x00000175dd148000 Exception <a 'java/lang/NoSuchMethodError'{0x000000008ab34688}: <clinit>> (0x000000008ab34688) thrown at [./src/hotspot/share/prims/jni.cpp, line 1366]
Event: 24.076 Thread 0x00000175dd148000 Exception <a 'java/lang/NoSuchMethodError'{0x000000008ab94c68}: <clinit>> (0x000000008ab94c68) thrown at [./src/hotspot/share/prims/jni.cpp, line 1366]
Event: 24.414 Thread 0x00000175dd14c000 Exception <a 'java/lang/NoSuchMethodError'{0x000000008ebabae0}: 'void java.lang.invoke.DirectMethodHandle$Holder.invokeStatic(java.lang.Object, long)'> (0x000000008ebabae0) thrown at [./src/hotspot/share/interpreter/linkResolver.cpp, line 773]
Event: 24.415 Thread 0x00000175dd14c000 Exception <a 'java/lang/NoSuchMethodError'{0x000000008e85e5a0}: 'java.lang.Object java.lang.invoke.DirectMethodHandle$Holder.invokeStatic(java.lang.Object, long)'> (0x000000008e85e5a0) thrown at [./src/hotspot/share/interpreter/linkResolver.cpp, line 773]
Event: 24.419 Thread 0x00000175dd14c000 Exception <a 'java/lang/NoSuchMethodError'{0x000000008e893b98}: 'java.lang.Object java.lang.invoke.DirectMethodHandle$Holder.invokeStaticInit(java.lang.Object, java.lang.Object, long, java.lang.Object)'> (0x000000008e893b98) thrown at [./src/hotspot/share/interpreter/linkResolver.cpp, line 773]
Event: 24.420 Thread 0x00000175dd14c000 Exception <a 'java/lang/NoSuchMethodError'{0x000000008e899d30}: 'java.lang.Object java.lang.invoke.DirectMethodHandle$Holder.invokeStatic(java.lang.Object, java.lang.Object, long)'> (0x000000008e899d30) thrown at [./src/hotspot/share/interpreter/linkResolver.cpp, line 773]
Event: 24.421 Thread 0x00000175dd14c000 Exception <a 'java/lang/NoSuchMethodError'{0x000000008e8a0508}: 'java.lang.Object java.lang.invoke.Invokers$Holder.linkToTargetMethod(java.lang.Object, long, java.lang.Object)'> (0x000000008e8a0508) thrown at [./src/hotspot/share/interpreter/linkResolver.cpp, line 773]

Events (20 events):
Event: 24.424 loading class java/util/concurrent/Semaphore done
Event: 24.424 loading class java/util/concurrent/Semaphore$NonfairSync
Event: 24.425 loading class java/util/concurrent/Semaphore$Sync
Event: 24.425 loading class java/util/concurrent/Semaphore$Sync done
Event: 24.425 loading class java/util/concurrent/Semaphore$NonfairSync done
Event: 24.425 loading class org/jetbrains/kotlin/daemon/client/KotlinCompilerClient$startDaemon$stdoutThread$1
Event: 24.425 loading class org/jetbrains/kotlin/daemon/client/KotlinCompilerClient$startDaemon$stdoutThread$1 done
Event: 24.426 loading class kotlin/concurrent/ThreadsKt
Event: 24.426 loading class kotlin/concurrent/ThreadsKt done
Event: 24.426 loading class kotlin/concurrent/ThreadsKt
Event: 24.426 loading class kotlin/concurrent/ThreadsKt done
Event: 24.428 loading class kotlin/concurrent/ThreadsKt$thread$thread$1
Event: 24.428 loading class kotlin/concurrent/ThreadsKt$thread$thread$1 done
Event: 24.429 Thread 0x00000175dd156000 Thread added: 0x00000175dd156000
Event: 24.430 loading class org/jetbrains/kotlin/daemon/client/KotlinCompilerClient$startDaemon$stdoutThread$1$1
Event: 24.430 loading class org/jetbrains/kotlin/daemon/client/KotlinCompilerClient$startDaemon$stdoutThread$1$1 done
Event: 24.431 loading class kotlin/io/LinesSequence
Event: 24.431 loading class kotlin/io/LinesSequence done
Event: 24.433 loading class kotlin/io/LinesSequence$iterator$1
Event: 24.433 loading class kotlin/io/LinesSequence$iterator$1 done


Dynamic libraries:
0x00007ff610cb0000 - 0x00007ff610cba000 	C:\Program Files\Android\Android Studio\jre\bin\java.exe
0x00007ffef85b0000 - 0x00007ffef87a8000 	C:\Windows\SYSTEM32\ntdll.dll
0x00007ffef7280000 - 0x00007ffef733d000 	C:\Windows\System32\KERNEL32.DLL
0x00007ffef6230000 - 0x00007ffef6526000 	C:\Windows\System32\KERNELBASE.dll
0x00007ffef5f90000 - 0x00007ffef6090000 	C:\Windows\System32\ucrtbase.dll
0x00007ffedf1e0000 - 0x00007ffedf1f7000 	C:\Program Files\Android\Android Studio\jre\bin\VCRUNTIME140.dll
0x00007ffedd670000 - 0x00007ffedd689000 	C:\Program Files\Android\Android Studio\jre\bin\jli.dll
0x00007ffef7410000 - 0x00007ffef75ae000 	C:\Windows\System32\USER32.dll
0x00007ffef6530000 - 0x00007ffef6552000 	C:\Windows\System32\win32u.dll
0x00007ffef7fe0000 - 0x00007ffef800c000 	C:\Windows\System32\GDI32.dll
0x00007ffef6110000 - 0x00007ffef622a000 	C:\Windows\System32\gdi32full.dll
0x00007ffef5e80000 - 0x00007ffef5f1d000 	C:\Windows\System32\msvcp_win.dll
0x00007ffef5040000 - 0x00007ffef52da000 	C:\Windows\WinSxS\amd64_microsoft.windows.common-controls_6595b64144ccf1df_6.0.19041.3636_none_60b6a03d71f818d5\COMCTL32.dll
0x00007ffef8010000 - 0x00007ffef80ae000 	C:\Windows\System32\msvcrt.dll
0x00007ffef7fb0000 - 0x00007ffef7fe0000 	C:\Windows\System32\IMM32.DLL
0x00007ffede540000 - 0x00007ffede6d1000 	C:\Windows\system32\tmumh\20019\AddOn\8.55.0.1257\TmUmEvt64.dll
0x00007ffef7150000 - 0x00007ffef7158000 	C:\Windows\System32\PSAPI.DLL
0x00007ffef8160000 - 0x00007ffef820f000 	C:\Windows\System32\ADVAPI32.dll
0x00007ffef7610000 - 0x00007ffef76ac000 	C:\Windows\System32\sechost.dll
0x00007ffef6e70000 - 0x00007ffef6f96000 	C:\Windows\System32\RPCRT4.dll
0x0000000071c70000 - 0x0000000071de3000 	C:\Windows\system32\tmumh\20019\TmMon\2.9.0.1048\tmmon64.dll
0x00007ffeca370000 - 0x00007ffeca40d000 	C:\Program Files\Android\Android Studio\jre\bin\msvcp140.dll
0x00007ffeb6f50000 - 0x00007ffeb7a52000 	C:\Program Files\Android\Android Studio\jre\bin\server\jvm.dll
0x00007ffed9ba0000 - 0x00007ffed9ba9000 	C:\Windows\SYSTEM32\WSOCK32.dll
0x00007ffef7340000 - 0x00007ffef73ab000 	C:\Windows\System32\WS2_32.dll
0x00007ffed3bb0000 - 0x00007ffed3bd7000 	C:\Windows\SYSTEM32\WINMM.dll
0x00007ffef3730000 - 0x00007ffef373a000 	C:\Windows\SYSTEM32\VERSION.dll
0x00007ffef2ef0000 - 0x00007ffef2f02000 	C:\Windows\SYSTEM32\kernel.appcore.dll
0x00007ffeec200000 - 0x00007ffeec211000 	C:\Program Files\Android\Android Studio\jre\bin\verify.dll
0x00007ffef5620000 - 0x00007ffef5804000 	C:\Windows\SYSTEM32\DBGHELP.DLL
0x00007ffef5440000 - 0x00007ffef5474000 	C:\Windows\SYSTEM32\dbgcore.DLL
0x00007ffef5df0000 - 0x00007ffef5e72000 	C:\Windows\System32\bcryptPrimitives.dll
0x00007ffeea8b0000 - 0x00007ffeea8d9000 	C:\Program Files\Android\Android Studio\jre\bin\java.dll
0x00007ffee6f90000 - 0x00007ffee6f9b000 	C:\Program Files\Android\Android Studio\jre\bin\jimage.dll
0x00007ffee6940000 - 0x00007ffee6958000 	C:\Program Files\Android\Android Studio\jre\bin\zip.dll
0x00007ffef7770000 - 0x00007ffef7eb4000 	C:\Windows\System32\SHELL32.dll
0x00007ffef2f30000 - 0x00007ffef36cb000 	C:\Windows\SYSTEM32\windows.storage.dll
0x00007ffef8210000 - 0x00007ffef8564000 	C:\Windows\System32\combase.dll
0x00007ffef4fd0000 - 0x00007ffef4ffd000 	C:\Windows\SYSTEM32\Wldp.dll
0x00007ffef80b0000 - 0x00007ffef815d000 	C:\Windows\System32\SHCORE.dll
0x00007ffef66a0000 - 0x00007ffef66f5000 	C:\Windows\System32\shlwapi.dll
0x00007ffef5bc0000 - 0x00007ffef5be5000 	C:\Windows\SYSTEM32\profapi.dll
0x00007ffedf4f0000 - 0x00007ffedf50a000 	C:\Program Files\Android\Android Studio\jre\bin\net.dll
0x00007ffeefe40000 - 0x00007ffeeff4a000 	C:\Windows\SYSTEM32\WINHTTP.dll
0x00007ffef4d20000 - 0x00007ffef4d8a000 	C:\Windows\system32\mswsock.dll
0x00007ffedf4d0000 - 0x00007ffedf4e4000 	C:\Program Files\Android\Android Studio\jre\bin\nio.dll
0x00007ffedf200000 - 0x00007ffedf227000 	C:\Users\P Vigneshwaran\.gradle\native\e1d6ef7f7dcc3fd88c89a11ec53ec762bb8ba0a96d01ffa2cd45eb1d1d8dd5c5\windows-amd64\native-platform.dll
0x00007ffeb8340000 - 0x00007ffeb8484000 	C:\Users\P Vigneshwaran\.gradle\native\0d407fdbe67a94daf76414ababcb853783967236a71b16ec16e742cd7a986fd3\windows-amd64\native-platform-file-events.dll
0x00007ffee6a30000 - 0x00007ffee6a3a000 	C:\Program Files\Android\Android Studio\jre\bin\management.dll
0x00007ffee6930000 - 0x00007ffee693d000 	C:\Program Files\Android\Android Studio\jre\bin\management_ext.dll
0x00007ffef5a00000 - 0x00007ffef5a18000 	C:\Windows\SYSTEM32\CRYPTSP.dll
0x00007ffef46c0000 - 0x00007ffef46f4000 	C:\Windows\system32\rsaenh.dll
0x00007ffef60e0000 - 0x00007ffef6107000 	C:\Windows\System32\bcrypt.dll
0x00007ffef5b40000 - 0x00007ffef5b6e000 	C:\Windows\SYSTEM32\USERENV.dll
0x00007ffef4f90000 - 0x00007ffef4f9c000 	C:\Windows\SYSTEM32\CRYPTBASE.dll
0x00007ffef4a20000 - 0x00007ffef4a5b000 	C:\Windows\SYSTEM32\IPHLPAPI.DLL
0x00007ffef7fa0000 - 0x00007ffef7fa8000 	C:\Windows\System32\NSI.dll
0x00007ffeec220000 - 0x00007ffeec237000 	C:\Windows\SYSTEM32\dhcpcsvc6.DLL
0x00007ffeed600000 - 0x00007ffeed61d000 	C:\Windows\SYSTEM32\dhcpcsvc.DLL
0x00007ffef4a60000 - 0x00007ffef4b2a000 	C:\Windows\SYSTEM32\DNSAPI.dll
0x00007ffef3bd0000 - 0x00007ffef3be7000 	C:\Windows\system32\napinsp.dll
0x00007ffef3bb0000 - 0x00007ffef3bcb000 	C:\Windows\system32\pnrpnsp.dll
0x00007ffef3b90000 - 0x00007ffef3ba5000 	C:\Windows\system32\wshbth.dll
0x00007ffef0400000 - 0x00007ffef041d000 	C:\Windows\system32\NLAapi.dll
0x00007ffef3b70000 - 0x00007ffef3b82000 	C:\Windows\System32\winrnr.dll
0x00007ffeebeb0000 - 0x00007ffeebeba000 	C:\Windows\System32\rasadhlp.dll
0x00007ffeeaa30000 - 0x00007ffeeaab0000 	C:\Windows\System32\fwpuclnt.dll
0x00007ffeda1d0000 - 0x00007ffeda1ee000 	C:\Users\P Vigneshwaran\AppData\Local\Temp\native-platform12327784056958952643dir\native-platform.dll

dbghelp: loaded successfully - version: 4.0.5 - missing functions: none
symbol engine: initialized successfully - sym options: 0x614 - pdb path: .;C:\Program Files\Android\Android Studio\jre\bin;C:\Windows\SYSTEM32;C:\Windows\WinSxS\amd64_microsoft.windows.common-controls_6595b64144ccf1df_6.0.19041.3636_none_60b6a03d71f818d5;C:\Windows\system32\tmumh\20019\AddOn\8.55.0.1257;C:\Windows\system32\tmumh\20019\TmMon\2.9.0.1048;C:\Program Files\Android\Android Studio\jre\bin\server;C:\Users\P Vigneshwaran\.gradle\native\e1d6ef7f7dcc3fd88c89a11ec53ec762bb8ba0a96d01ffa2cd45eb1d1d8dd5c5\windows-amd64;C:\Users\P Vigneshwaran\.gradle\native\0d407fdbe67a94daf76414ababcb853783967236a71b16ec16e742cd7a986fd3\windows-amd64;C:\Users\P Vigneshwaran\AppData\Local\Temp\native-platform12327784056958952643dir

VM Arguments:
jvm_args: --add-opens=java.base/java.util=ALL-UNNAMED --add-opens=java.base/java.lang=ALL-UNNAMED --add-opens=java.base/java.lang.invoke=ALL-UNNAMED --add-opens=java.base/java.util=ALL-UNNAMED --add-opens=java.prefs/java.util.prefs=ALL-UNNAMED --add-opens=java.prefs/java.util.prefs=ALL-UNNAMED --add-opens=java.base/java.nio.charset=ALL-UNNAMED --add-opens=java.base/java.net=ALL-UNNAMED --add-opens=java.base/java.util.concurrent.atomic=ALL-UNNAMED -Xmx2048m -Dfile.encoding=UTF-8 -Duser.country=IN -Duser.language=en -Duser.variant 
java_command: org.gradle.launcher.daemon.bootstrap.GradleDaemon 7.4
java_class_path (initial): C:\Users\P Vigneshwaran\.gradle\wrapper\dists\gradle-7.4-bin\c0gwcg53nkjbqw7r0h0umtfvt\gradle-7.4\lib\gradle-launcher-7.4.jar
Launcher Type: SUN_STANDARD

[Global flags]
     intx CICompilerCount                          = 4                                         {product} {ergonomic}
     uint ConcGCThreads                            = 2                                         {product} {ergonomic}
     uint G1ConcRefinementThreads                  = 8                                         {product} {ergonomic}
   size_t G1HeapRegionSize                         = 1048576                                   {product} {ergonomic}
    uintx GCDrainStackTargetSize                   = 64                                        {product} {ergonomic}
   size_t InitialHeapSize                          = 266338304                                 {product} {ergonomic}
   size_t MarkStackSize                            = 4194304                                   {product} {ergonomic}
   size_t MaxHeapSize                              = 2147483648                                {product} {command line}
   size_t MaxNewSize                               = 1287651328                                {product} {ergonomic}
   size_t MinHeapDeltaBytes                        = 1048576                                   {product} {ergonomic}
    uintx NonNMethodCodeHeapSize                   = 5836300                                {pd product} {ergonomic}
    uintx NonProfiledCodeHeapSize                  = 122910970                              {pd product} {ergonomic}
    uintx ProfiledCodeHeapSize                     = 122910970                              {pd product} {ergonomic}
    uintx ReservedCodeCacheSize                    = 251658240                              {pd product} {ergonomic}
     bool SegmentedCodeCache                       = true                                      {product} {ergonomic}
     bool UseCompressedClassPointers               = true                                 {lp64_product} {ergonomic}
     bool UseCompressedOops                        = true                                 {lp64_product} {ergonomic}
     bool UseG1GC                                  = true                                      {product} {ergonomic}
     bool UseLargePagesIndividualAllocation        = false                                  {pd product} {ergonomic}

Logging:
Log output configuration:
 #0: stdout all=warning uptime,level,tags
 #1: stderr all=off uptime,level,tags

Environment Variables:
PATH=C:\Program Files\Common Files\Oracle\Java\javapath;C:\Windows\system32;C:\Windows;C:\Windows\System32\Wbem;C:\Windows\System32\WindowsPowerShell\v1.0\;C:\Windows\System32\OpenSSH\;C:\Users\P Vigneshwaran\AppData\Local\Programs\Python\Python311\;C:\Users\P Vigneshwaran\AppData\Local\Microsoft\WindowsApps;C:\Users\P Vigneshwaran\AppData\Local\Programs\Git\cmd;C:\Users\P Vigneshwaran\AppData\Local\Programs\Microsoft VS Code\bin;C:\Users\P Vigneshwaran\AppData\Local\Programs\Python\Python311\Scripts\;
USERNAME=P Vigneshwaran
OS=Windows_NT
PROCESSOR_IDENTIFIER=Intel64 Family 6 Model 142 Stepping 12, GenuineIntel



---------------  S Y S T E M  ---------------

OS: Windows 10 , 64 bit Build 19041 (10.0.19041.3636)
OS uptime: 0 days 6:17 hours

CPU:total 8 (initial active 8) (4 cores per cpu, 2 threads per core) family 6 model 142 stepping 12 microcode 0xf8, cmov, cx8, fxsr, mmx, sse, sse2, sse3, ssse3, sse4.1, sse4.2, popcnt, avx, avx2, aes, clmul, erms, 3dnowpref, lzcnt, ht, tsc, tscinvbit, bmi1, bmi2, adx, fma

Memory: 4k page, system-wide physical 16144M (329M free)
TotalPageFile size 37246M (AvailPageFile size 22574M)
current process WorkingSet (physical memory assigned to process): 537M, peak: 540M
current process commit charge ("private bytes"): 580M, peak: 584M

vm_info: OpenJDK 64-Bit Server VM (11.0.13+0-b1751.21-8125866) for windows-amd64 JRE (11.0.13+0-b1751.21-8125866), built on Feb  2 2022 03:00:22 by "builder" with MS VC++ 14.0 (VS2015)

END.
